[0.019s] Invoking command in '/home/ihw/workspace/AutonomousVehiclePlatform/ws_aruco/build/cv_bridge': CMAKE_PREFIX_PATH=${CMAKE_PREFIX_PATH}:/home/ihw/workspace/kai_2025/install/yolo_ros:/home/ihw/workspace/kai_2025/install/simple_slam:/home/ihw/workspace/kai_2025/install/ros2_camera_lidar_fusion:/home/ihw/workspace/kai_2025/install/hungarian_association:/opt/ros/humble /usr/bin/cmake /home/ihw/workspace/AutonomousVehiclePlatform/ws_aruco/src/vision_opencv/cv_bridge -DCMAKE_BUILD_TYPE=Release -DAMENT_CMAKE_SYMLINK_INSTALL=1 -DCMAKE_INSTALL_PREFIX=/home/ihw/workspace/AutonomousVehiclePlatform/ws_aruco/install/cv_bridge
[0.073s] -- The C compiler identification is GNU 11.4.0
[0.122s] -- The CXX compiler identification is GNU 11.4.0
[0.129s] -- Detecting C compiler ABI info
[0.197s] -- Detecting C compiler ABI info - done
[0.201s] -- Check for working C compiler: /usr/bin/cc - skipped
[0.201s] -- Detecting C compile features
[0.201s] -- Detecting C compile features - done
[0.203s] -- Detecting CXX compiler ABI info
[0.280s] -- Detecting CXX compiler ABI info - done
[0.286s] -- Check for working CXX compiler: /usr/bin/c++ - skipped
[0.286s] -- Detecting CXX compile features
[0.286s] -- Detecting CXX compile features - done
[0.289s] -- Found ament_cmake_ros: 0.10.0 (/opt/ros/humble/share/ament_cmake_ros/cmake)
[0.655s] -- Found Python3: /usr/bin/python3 (found version "3.10.12") found components: Interpreter 
[0.714s] -- Override CMake install command with custom implementation using symlinks instead of copying resources
[1.667s] -- Found Python3: /usr/include/python3.10 (found version "3.10.12") found components: Development NumPy Interpreter Development.Module Development.Embed 
[1.692s] -- Found Boost: /usr/lib/x86_64-linux-gnu/cmake/Boost-1.74.0/BoostConfig.cmake (found version "1.74.0") found components: python310 
[1.694s] -- Found rcpputils: 2.4.5 (/opt/ros/humble/share/rcpputils/cmake)
[1.707s] -- Found sensor_msgs: 4.8.0 (/opt/ros/humble/share/sensor_msgs/cmake)
[1.741s] -- Found rosidl_generator_c: 3.1.6 (/opt/ros/humble/share/rosidl_generator_c/cmake)
[1.748s] -- Found rosidl_adapter: 3.1.6 (/opt/ros/humble/share/rosidl_adapter/cmake)
[1.757s] -- Found rosidl_generator_cpp: 3.1.6 (/opt/ros/humble/share/rosidl_generator_cpp/cmake)
[1.772s] -- Using all available rosidl_typesupport_c: rosidl_typesupport_fastrtps_c;rosidl_typesupport_introspection_c
[1.786s] -- Using all available rosidl_typesupport_cpp: rosidl_typesupport_fastrtps_cpp;rosidl_typesupport_introspection_cpp
[1.939s] -- Performing Test COMPILER_HAS_HIDDEN_VISIBILITY
[2.016s] -- Performing Test COMPILER_HAS_HIDDEN_VISIBILITY - Success
[2.017s] -- Performing Test COMPILER_HAS_HIDDEN_INLINE_VISIBILITY
[2.096s] -- Performing Test COMPILER_HAS_HIDDEN_INLINE_VISIBILITY - Success
[2.096s] -- Performing Test COMPILER_HAS_DEPRECATED_ATTR
[2.179s] -- Performing Test COMPILER_HAS_DEPRECATED_ATTR - Success
[2.186s] -- Found ament_lint_auto: 0.12.12 (/opt/ros/humble/share/ament_lint_auto/cmake)
[2.283s] -- Found gtest sources under '/opt/ros/humble/src/gtest_vendor': C++ tests using 'Google Test' will be built
[2.285s] -- Looking for pthread.h
[2.359s] -- Looking for pthread.h - found
[2.360s] -- Performing Test CMAKE_HAVE_LIBC_PTHREAD
[2.434s] -- Performing Test CMAKE_HAVE_LIBC_PTHREAD - Success
[2.435s] -- Found Threads: TRUE  
[3.424s] -- Configuring done
[3.445s] -- Generating done
[3.450s] -- Build files have been written to: /home/ihw/workspace/AutonomousVehiclePlatform/ws_aruco/build/cv_bridge
[3.462s] Invoked command in '/home/ihw/workspace/AutonomousVehiclePlatform/ws_aruco/build/cv_bridge' returned '0': CMAKE_PREFIX_PATH=${CMAKE_PREFIX_PATH}:/home/ihw/workspace/kai_2025/install/yolo_ros:/home/ihw/workspace/kai_2025/install/simple_slam:/home/ihw/workspace/kai_2025/install/ros2_camera_lidar_fusion:/home/ihw/workspace/kai_2025/install/hungarian_association:/opt/ros/humble /usr/bin/cmake /home/ihw/workspace/AutonomousVehiclePlatform/ws_aruco/src/vision_opencv/cv_bridge -DCMAKE_BUILD_TYPE=Release -DAMENT_CMAKE_SYMLINK_INSTALL=1 -DCMAKE_INSTALL_PREFIX=/home/ihw/workspace/AutonomousVehiclePlatform/ws_aruco/install/cv_bridge
[3.463s] Invoking command in '/home/ihw/workspace/AutonomousVehiclePlatform/ws_aruco/build/cv_bridge': CMAKE_PREFIX_PATH=${CMAKE_PREFIX_PATH}:/home/ihw/workspace/kai_2025/install/yolo_ros:/home/ihw/workspace/kai_2025/install/simple_slam:/home/ihw/workspace/kai_2025/install/ros2_camera_lidar_fusion:/home/ihw/workspace/kai_2025/install/hungarian_association:/opt/ros/humble /usr/bin/cmake --build /home/ihw/workspace/AutonomousVehiclePlatform/ws_aruco/build/cv_bridge -- -j16 -l16
[3.514s] [ 18%] [32mBuilding CXX object src/CMakeFiles/cv_bridge.dir/rgb_colors.cpp.o[0m
[3.514s] [ 18%] [32mBuilding CXX object gtest/CMakeFiles/gtest.dir/src/gtest-all.cc.o[0m
[3.514s] [ 25%] [32mBuilding CXX object gtest/CMakeFiles/gtest_main.dir/src/gtest_main.cc.o[0m
[3.514s] [ 25%] [32mBuilding CXX object src/CMakeFiles/cv_bridge.dir/cv_bridge.cpp.o[0m
[3.526s] [ 25%] Built target ament_cmake_python_symlink_cv_bridge
[3.732s] running egg_info
[3.744s] creating cv_bridge.egg-info
[3.745s] writing cv_bridge.egg-info/PKG-INFO
[3.745s] writing dependency_links to cv_bridge.egg-info/dependency_links.txt
[3.745s] writing top-level names to cv_bridge.egg-info/top_level.txt
[3.745s] writing manifest file 'cv_bridge.egg-info/SOURCES.txt'
[3.780s] reading manifest file 'cv_bridge.egg-info/SOURCES.txt'
[3.781s] writing manifest file 'cv_bridge.egg-info/SOURCES.txt'
[3.821s] [ 25%] Built target ament_cmake_python_build_cv_bridge_egg
[4.079s] [ 31%] [32m[1mLinking CXX static library libgtest_main.a[0m
[4.116s] [ 31%] Built target gtest_main
[8.749s] [ 37%] [32m[1mLinking CXX shared library libcv_bridge.so[0m
[8.855s] [ 37%] Built target cv_bridge
[8.880s] [ 50%] [32mBuilding CXX object src/CMakeFiles/cv_bridge_boost.dir/module_opencv3.cpp.o[0m
[8.881s] [ 50%] [32mBuilding CXX object src/CMakeFiles/cv_bridge_boost.dir/module.cpp.o[0m
[9.493s] [ 56%] [32m[1mLinking CXX static library libgtest.a[0m
[9.542s] [ 56%] Built target gtest
[9.567s] [ 87%] [32mBuilding CXX object test/CMakeFiles/cv_bridge-utest.dir/utest2.cpp.o[0m
[9.567s] [ 87%] [32mBuilding CXX object test/CMakeFiles/cv_bridge-utest.dir/test_rgb_colors.cpp.o[0m
[9.567s] [ 87%] [32mBuilding CXX object test/CMakeFiles/cv_bridge-utest.dir/utest.cpp.o[0m
[9.567s] [ 87%] [32mBuilding CXX object test/CMakeFiles/cv_bridge-utest.dir/test_endian.cpp.o[0m
[9.567s] [ 87%] [32mBuilding CXX object test/CMakeFiles/cv_bridge-utest.dir/test_compression.cpp.o[0m
[11.475s] [ 93%] [32m[1mLinking CXX executable cv_bridge-utest[0m
[11.824s] [ 93%] Built target cv_bridge-utest
[12.014s] [100%] [32m[1mLinking CXX shared module boost/cv_bridge_boost.so[0m
[12.110s] [100%] Built target cv_bridge_boost
[12.122s] Invoked command in '/home/ihw/workspace/AutonomousVehiclePlatform/ws_aruco/build/cv_bridge' returned '0': CMAKE_PREFIX_PATH=${CMAKE_PREFIX_PATH}:/home/ihw/workspace/kai_2025/install/yolo_ros:/home/ihw/workspace/kai_2025/install/simple_slam:/home/ihw/workspace/kai_2025/install/ros2_camera_lidar_fusion:/home/ihw/workspace/kai_2025/install/hungarian_association:/opt/ros/humble /usr/bin/cmake --build /home/ihw/workspace/AutonomousVehiclePlatform/ws_aruco/build/cv_bridge -- -j16 -l16
[12.124s] Invoking command in '/home/ihw/workspace/AutonomousVehiclePlatform/ws_aruco/build/cv_bridge': CMAKE_PREFIX_PATH=${CMAKE_PREFIX_PATH}:/home/ihw/workspace/kai_2025/install/yolo_ros:/home/ihw/workspace/kai_2025/install/simple_slam:/home/ihw/workspace/kai_2025/install/ros2_camera_lidar_fusion:/home/ihw/workspace/kai_2025/install/hungarian_association:/opt/ros/humble /usr/bin/cmake --install /home/ihw/workspace/AutonomousVehiclePlatform/ws_aruco/build/cv_bridge
[12.131s] -- Install configuration: "Release"
[12.131s] -- Execute custom install script
[12.131s] -- Symlinking: /home/ihw/workspace/AutonomousVehiclePlatform/ws_aruco/install/cv_bridge/share/cv_bridge/environment/pythonpath.sh
[12.140s] -- Symlinking: /home/ihw/workspace/AutonomousVehiclePlatform/ws_aruco/install/cv_bridge/share/cv_bridge/environment/pythonpath.dsv
[12.153s] -- Symlinking: /home/ihw/workspace/AutonomousVehiclePlatform/ws_aruco/install/cv_bridge/local/lib/python3.10/dist-packages/cv_bridge-3.2.1-py3.10.egg-info/PKG-INFO
[12.163s] -- Symlinking: /home/ihw/workspace/AutonomousVehiclePlatform/ws_aruco/install/cv_bridge/local/lib/python3.10/dist-packages/cv_bridge-3.2.1-py3.10.egg-info/SOURCES.txt
[12.172s] -- Symlinking: /home/ihw/workspace/AutonomousVehiclePlatform/ws_aruco/install/cv_bridge/local/lib/python3.10/dist-packages/cv_bridge-3.2.1-py3.10.egg-info/dependency_links.txt
[12.180s] -- Symlinking: /home/ihw/workspace/AutonomousVehiclePlatform/ws_aruco/install/cv_bridge/local/lib/python3.10/dist-packages/cv_bridge-3.2.1-py3.10.egg-info/top_level.txt
[12.190s] -- Symlinking: /home/ihw/workspace/AutonomousVehiclePlatform/ws_aruco/install/cv_bridge/local/lib/python3.10/dist-packages/cv_bridge/__init__.py
[12.199s] -- Symlinking: /home/ihw/workspace/AutonomousVehiclePlatform/ws_aruco/install/cv_bridge/local/lib/python3.10/dist-packages/cv_bridge/core.py
[12.208s] -- Symlinking: /home/ihw/workspace/AutonomousVehiclePlatform/ws_aruco/install/cv_bridge/include/cv_bridge/cv_bridge/cv_bridge_export.h
[12.218s] -- Symlinking: /home/ihw/workspace/AutonomousVehiclePlatform/ws_aruco/install/cv_bridge/local/lib/python3.10/dist-packages/cv_bridge/boost//cv_bridge_boost.so
[12.225s] -- Symlinking: /home/ihw/workspace/AutonomousVehiclePlatform/ws_aruco/install/cv_bridge/include/cv_bridge/cv_bridge/cv_bridge.h
[12.233s] -- Symlinking: /home/ihw/workspace/AutonomousVehiclePlatform/ws_aruco/install/cv_bridge/include/cv_bridge/cv_bridge/rgb_colors.h
[12.244s] -- Symlinking: /home/ihw/workspace/AutonomousVehiclePlatform/ws_aruco/install/cv_bridge/lib/libcv_bridge.so
[12.255s] -- Symlinking: /home/ihw/workspace/AutonomousVehiclePlatform/ws_aruco/install/cv_bridge/share/ament_index/resource_index/package_run_dependencies/cv_bridge
[12.265s] -- Symlinking: /home/ihw/workspace/AutonomousVehiclePlatform/ws_aruco/install/cv_bridge/share/ament_index/resource_index/parent_prefix_path/cv_bridge
[12.274s] -- Symlinking: /home/ihw/workspace/AutonomousVehiclePlatform/ws_aruco/install/cv_bridge/share/cv_bridge/environment/ament_prefix_path.sh
[12.283s] -- Symlinking: /home/ihw/workspace/AutonomousVehiclePlatform/ws_aruco/install/cv_bridge/share/cv_bridge/environment/ament_prefix_path.dsv
[12.293s] -- Symlinking: /home/ihw/workspace/AutonomousVehiclePlatform/ws_aruco/install/cv_bridge/share/cv_bridge/environment/path.sh
[12.302s] -- Symlinking: /home/ihw/workspace/AutonomousVehiclePlatform/ws_aruco/install/cv_bridge/share/cv_bridge/environment/path.dsv
[12.311s] -- Symlinking: /home/ihw/workspace/AutonomousVehiclePlatform/ws_aruco/install/cv_bridge/share/cv_bridge/local_setup.bash
[12.322s] -- Symlinking: /home/ihw/workspace/AutonomousVehiclePlatform/ws_aruco/install/cv_bridge/share/cv_bridge/local_setup.sh
[12.331s] -- Symlinking: /home/ihw/workspace/AutonomousVehiclePlatform/ws_aruco/install/cv_bridge/share/cv_bridge/local_setup.zsh
[12.340s] -- Symlinking: /home/ihw/workspace/AutonomousVehiclePlatform/ws_aruco/install/cv_bridge/share/cv_bridge/local_setup.dsv
[12.353s] -- Symlinking: /home/ihw/workspace/AutonomousVehiclePlatform/ws_aruco/install/cv_bridge/share/cv_bridge/package.dsv
[12.362s] -- Symlinking: /home/ihw/workspace/AutonomousVehiclePlatform/ws_aruco/install/cv_bridge/share/ament_index/resource_index/packages/cv_bridge
[12.373s] -- Symlinking: /home/ihw/workspace/AutonomousVehiclePlatform/ws_aruco/install/cv_bridge/share/cv_bridge/cmake/cv_bridge-extras.cmake
[12.383s] -- Symlinking: /home/ihw/workspace/AutonomousVehiclePlatform/ws_aruco/install/cv_bridge/share/cv_bridge/cmake/ament_cmake_export_dependencies-extras.cmake
[12.391s] -- Symlinking: /home/ihw/workspace/AutonomousVehiclePlatform/ws_aruco/install/cv_bridge/share/cv_bridge/cmake/ament_cmake_export_targets-extras.cmake
[12.400s] -- Symlinking: /home/ihw/workspace/AutonomousVehiclePlatform/ws_aruco/install/cv_bridge/share/cv_bridge/cmake/cv_bridgeConfig.cmake
[12.409s] -- Symlinking: /home/ihw/workspace/AutonomousVehiclePlatform/ws_aruco/install/cv_bridge/share/cv_bridge/cmake/cv_bridgeConfig-version.cmake
[12.419s] -- Symlinking: /home/ihw/workspace/AutonomousVehiclePlatform/ws_aruco/install/cv_bridge/share/cv_bridge/package.xml
[12.472s] Listing '/home/ihw/workspace/AutonomousVehiclePlatform/ws_aruco/install/cv_bridge/local/lib/python3.10/dist-packages/cv_bridge'...
[12.472s] Compiling '/home/ihw/workspace/AutonomousVehiclePlatform/ws_aruco/install/cv_bridge/local/lib/python3.10/dist-packages/cv_bridge/__init__.py'...
[12.472s] Listing '/home/ihw/workspace/AutonomousVehiclePlatform/ws_aruco/install/cv_bridge/local/lib/python3.10/dist-packages/cv_bridge/boost'...
[12.472s] Compiling '/home/ihw/workspace/AutonomousVehiclePlatform/ws_aruco/install/cv_bridge/local/lib/python3.10/dist-packages/cv_bridge/core.py'...
[12.477s] -- Installing: /home/ihw/workspace/AutonomousVehiclePlatform/ws_aruco/install/cv_bridge/share/cv_bridge/cmake/export_cv_bridgeExport.cmake
[12.478s] -- Installing: /home/ihw/workspace/AutonomousVehiclePlatform/ws_aruco/install/cv_bridge/share/cv_bridge/cmake/export_cv_bridgeExport-release.cmake
[12.480s] Invoked command in '/home/ihw/workspace/AutonomousVehiclePlatform/ws_aruco/build/cv_bridge' returned '0': CMAKE_PREFIX_PATH=${CMAKE_PREFIX_PATH}:/home/ihw/workspace/kai_2025/install/yolo_ros:/home/ihw/workspace/kai_2025/install/simple_slam:/home/ihw/workspace/kai_2025/install/ros2_camera_lidar_fusion:/home/ihw/workspace/kai_2025/install/hungarian_association:/opt/ros/humble /usr/bin/cmake --install /home/ihw/workspace/AutonomousVehiclePlatform/ws_aruco/build/cv_bridge
