[0.015s] Invoking command in '/home/ihw/workspace/AutonomousVehiclePlatform/ws_ugv_control/build/ugv_controller': CMAKE_PREFIX_PATH=${CMAKE_PREFIX_PATH}:/home/ihw/workspace/kai_2025/install/yolo_ros:/home/ihw/workspace/kai_2025/install/simple_slam:/home/ihw/workspace/kai_2025/install/ros2_camera_lidar_fusion:/home/ihw/workspace/kai_2025/install/ouster_ros:/home/ihw/workspace/kai_2025/install/hungarian_association:/opt/ros/humble /usr/bin/cmake --build /home/ihw/workspace/AutonomousVehiclePlatform/ws_ugv_control/build/ugv_controller -- -j16 -l16
[0.069s] -- Found ament_cmake: 1.3.11 (/opt/ros/humble/share/ament_cmake/cmake)
[0.242s] -- Override CMake install command with custom implementation using symlinks instead of copying resources
[0.269s] -- Found rclcpp: 16.0.12 (/opt/ros/humble/share/rclcpp/cmake)
[0.324s] -- Found rosidl_generator_c: 3.1.6 (/opt/ros/humble/share/rosidl_generator_c/cmake)
[0.328s] -- Found rosidl_adapter: 3.1.6 (/opt/ros/humble/share/rosidl_adapter/cmake)
[0.336s] -- Found rosidl_generator_cpp: 3.1.6 (/opt/ros/humble/share/rosidl_generator_cpp/cmake)
[0.362s] -- Using all available rosidl_typesupport_c: rosidl_typesupport_fastrtps_c;rosidl_typesupport_introspection_c
[0.377s] -- Using all available rosidl_typesupport_cpp: rosidl_typesupport_fastrtps_cpp;rosidl_typesupport_introspection_cpp
[0.428s] -- Found rmw_implementation_cmake: 6.1.2 (/opt/ros/humble/share/rmw_implementation_cmake/cmake)
[0.430s] -- Found rmw_fastrtps_cpp: 6.2.7 (/opt/ros/humble/share/rmw_fastrtps_cpp/cmake)
[0.554s] -- Using RMW implementation 'rmw_fastrtps_cpp' as default
[0.617s] -- Found rclpy: 3.3.16 (/opt/ros/humble/share/rclpy/cmake)
[0.617s] -- Found sensor_msgs: 4.8.0 (/opt/ros/humble/share/sensor_msgs/cmake)
[0.674s] -- Found tf2: 0.25.12 (/opt/ros/humble/share/tf2/cmake)
[0.679s] -- Found tf2_geometry_msgs: 0.25.12 (/opt/ros/humble/share/tf2_geometry_msgs/cmake)
[0.684s] -- Found eigen3_cmake_module: 0.1.1 (/opt/ros/humble/share/eigen3_cmake_module/cmake)
[0.686s] -- Ensuring Eigen3 include directory is part of orocos-kdl CMake target
[0.821s] -- Found visualization_msgs: 4.8.0 (/opt/ros/humble/share/visualization_msgs/cmake)
[0.853s] -- Found nav_msgs: 4.8.0 (/opt/ros/humble/share/nav_msgs/cmake)
[0.970s] -- Configuring done
[0.985s] -- Generating done
[0.990s] -- Build files have been written to: /home/ihw/workspace/AutonomousVehiclePlatform/ws_ugv_control/build/ugv_controller
[1.035s] [35m[1mConsolidate compiler generated dependencies of target path_follower_node[0m
[1.069s] [ 50%] [32mBuilding CXX object CMakeFiles/path_follower_node.dir/src/path_follower_node.cpp.o[0m
[17.230s] [100%] [32m[1mLinking CXX executable path_follower_node[0m
[17.540s] [100%] Built target path_follower_node
[17.552s] Invoked command in '/home/ihw/workspace/AutonomousVehiclePlatform/ws_ugv_control/build/ugv_controller' returned '0': CMAKE_PREFIX_PATH=${CMAKE_PREFIX_PATH}:/home/ihw/workspace/kai_2025/install/yolo_ros:/home/ihw/workspace/kai_2025/install/simple_slam:/home/ihw/workspace/kai_2025/install/ros2_camera_lidar_fusion:/home/ihw/workspace/kai_2025/install/ouster_ros:/home/ihw/workspace/kai_2025/install/hungarian_association:/opt/ros/humble /usr/bin/cmake --build /home/ihw/workspace/AutonomousVehiclePlatform/ws_ugv_control/build/ugv_controller -- -j16 -l16
[17.572s] Invoking command in '/home/ihw/workspace/AutonomousVehiclePlatform/ws_ugv_control/build/ugv_controller': CMAKE_PREFIX_PATH=${CMAKE_PREFIX_PATH}:/home/ihw/workspace/kai_2025/install/yolo_ros:/home/ihw/workspace/kai_2025/install/simple_slam:/home/ihw/workspace/kai_2025/install/ros2_camera_lidar_fusion:/home/ihw/workspace/kai_2025/install/ouster_ros:/home/ihw/workspace/kai_2025/install/hungarian_association:/opt/ros/humble /usr/bin/cmake --install /home/ihw/workspace/AutonomousVehiclePlatform/ws_ugv_control/build/ugv_controller
[17.584s] -- Install configuration: "Release"
[17.585s] -- Execute custom install script
[17.585s] -- Symlinking: /home/ihw/workspace/AutonomousVehiclePlatform/ws_ugv_control/install/ugv_controller/lib/ugv_controller/course_csv_creator.py
[17.597s] -- Up-to-date symlink: /home/ihw/workspace/AutonomousVehiclePlatform/ws_ugv_control/install/ugv_controller/share/ugv_controller/launch/path_follower.launch.py
[17.597s] -- Up-to-date symlink: /home/ihw/workspace/AutonomousVehiclePlatform/ws_ugv_control/install/ugv_controller/lib/ugv_controller/path_follower_node
[17.598s] -- Up-to-date symlink: /home/ihw/workspace/AutonomousVehiclePlatform/ws_ugv_control/install/ugv_controller/share/ament_index/resource_index/package_run_dependencies/ugv_controller
[17.598s] -- Up-to-date symlink: /home/ihw/workspace/AutonomousVehiclePlatform/ws_ugv_control/install/ugv_controller/share/ament_index/resource_index/parent_prefix_path/ugv_controller
[17.598s] -- Up-to-date symlink: /home/ihw/workspace/AutonomousVehiclePlatform/ws_ugv_control/install/ugv_controller/share/ugv_controller/environment/ament_prefix_path.sh
[17.598s] -- Up-to-date symlink: /home/ihw/workspace/AutonomousVehiclePlatform/ws_ugv_control/install/ugv_controller/share/ugv_controller/environment/ament_prefix_path.dsv
[17.598s] -- Up-to-date symlink: /home/ihw/workspace/AutonomousVehiclePlatform/ws_ugv_control/install/ugv_controller/share/ugv_controller/environment/path.sh
[17.598s] -- Up-to-date symlink: /home/ihw/workspace/AutonomousVehiclePlatform/ws_ugv_control/install/ugv_controller/share/ugv_controller/environment/path.dsv
[17.599s] -- Up-to-date symlink: /home/ihw/workspace/AutonomousVehiclePlatform/ws_ugv_control/install/ugv_controller/share/ugv_controller/local_setup.bash
[17.599s] -- Up-to-date symlink: /home/ihw/workspace/AutonomousVehiclePlatform/ws_ugv_control/install/ugv_controller/share/ugv_controller/local_setup.sh
[17.599s] -- Up-to-date symlink: /home/ihw/workspace/AutonomousVehiclePlatform/ws_ugv_control/install/ugv_controller/share/ugv_controller/local_setup.zsh
[17.599s] -- Up-to-date symlink: /home/ihw/workspace/AutonomousVehiclePlatform/ws_ugv_control/install/ugv_controller/share/ugv_controller/local_setup.dsv
[17.599s] -- Symlinking: /home/ihw/workspace/AutonomousVehiclePlatform/ws_ugv_control/install/ugv_controller/share/ugv_controller/package.dsv
[17.609s] -- Up-to-date symlink: /home/ihw/workspace/AutonomousVehiclePlatform/ws_ugv_control/install/ugv_controller/share/ament_index/resource_index/packages/ugv_controller
[17.609s] -- Up-to-date symlink: /home/ihw/workspace/AutonomousVehiclePlatform/ws_ugv_control/install/ugv_controller/share/ugv_controller/cmake/ugv_controllerConfig.cmake
[17.610s] -- Up-to-date symlink: /home/ihw/workspace/AutonomousVehiclePlatform/ws_ugv_control/install/ugv_controller/share/ugv_controller/cmake/ugv_controllerConfig-version.cmake
[17.610s] -- Up-to-date symlink: /home/ihw/workspace/AutonomousVehiclePlatform/ws_ugv_control/install/ugv_controller/share/ugv_controller/package.xml
[17.612s] Invoked command in '/home/ihw/workspace/AutonomousVehiclePlatform/ws_ugv_control/build/ugv_controller' returned '0': CMAKE_PREFIX_PATH=${CMAKE_PREFIX_PATH}:/home/ihw/workspace/kai_2025/install/yolo_ros:/home/ihw/workspace/kai_2025/install/simple_slam:/home/ihw/workspace/kai_2025/install/ros2_camera_lidar_fusion:/home/ihw/workspace/kai_2025/install/ouster_ros:/home/ihw/workspace/kai_2025/install/hungarian_association:/opt/ros/humble /usr/bin/cmake --install /home/ihw/workspace/AutonomousVehiclePlatform/ws_ugv_control/build/ugv_controller
