-- Found ament_cmake: 1.3.11 (/opt/ros/humble/share/ament_cmake/cmake)
-- Override CMake install command with custom implementation using symlinks instead of copying resources
-- Configuring done
-- Generating done
-- Build files have been written to: /home/ihw/workspace/AutonomousVehiclePlatform/ws_aruco/build/vision_opencv
-- Install configuration: "Release"
-- Execute custom install script
-- Symlinking: /home/ihw/workspace/AutonomousVehiclePlatform/ws_aruco/install/vision_opencv/share/ament_index/resource_index/package_run_dependencies/vision_opencv
-- Symlinking: /home/ihw/workspace/AutonomousVehiclePlatform/ws_aruco/install/vision_opencv/share/ament_index/resource_index/parent_prefix_path/vision_opencv
-- Symlinking: /home/ihw/workspace/AutonomousVehiclePlatform/ws_aruco/install/vision_opencv/share/vision_opencv/environment/ament_prefix_path.sh
-- Symlinking: /home/ihw/workspace/AutonomousVehiclePlatform/ws_aruco/install/vision_opencv/share/vision_opencv/environment/ament_prefix_path.dsv
-- Symlinking: /home/ihw/workspace/AutonomousVehiclePlatform/ws_aruco/install/vision_opencv/share/vision_opencv/environment/path.sh
-- Symlinking: /home/ihw/workspace/AutonomousVehiclePlatform/ws_aruco/install/vision_opencv/share/vision_opencv/environment/path.dsv
-- Symlinking: /home/ihw/workspace/AutonomousVehiclePlatform/ws_aruco/install/vision_opencv/share/vision_opencv/local_setup.bash
-- Symlinking: /home/ihw/workspace/AutonomousVehiclePlatform/ws_aruco/install/vision_opencv/share/vision_opencv/local_setup.sh
-- Symlinking: /home/ihw/workspace/AutonomousVehiclePlatform/ws_aruco/install/vision_opencv/share/vision_opencv/local_setup.zsh
-- Symlinking: /home/ihw/workspace/AutonomousVehiclePlatform/ws_aruco/install/vision_opencv/share/vision_opencv/local_setup.dsv
-- Symlinking: /home/ihw/workspace/AutonomousVehiclePlatform/ws_aruco/install/vision_opencv/share/vision_opencv/package.dsv
-- Symlinking: /home/ihw/workspace/AutonomousVehiclePlatform/ws_aruco/install/vision_opencv/share/ament_index/resource_index/packages/vision_opencv
-- Symlinking: /home/ihw/workspace/AutonomousVehiclePlatform/ws_aruco/install/vision_opencv/share/vision_opencv/cmake/vision_opencvConfig.cmake
-- Symlinking: /home/ihw/workspace/AutonomousVehiclePlatform/ws_aruco/install/vision_opencv/share/vision_opencv/cmake/vision_opencvConfig-version.cmake
-- Symlinking: /home/ihw/workspace/AutonomousVehiclePlatform/ws_aruco/install/vision_opencv/share/vision_opencv/package.xml
