[0.014s] Invoking command in '/home/ihw/workspace/AutonomousVehiclePlatform/ws_aruco/build/image_geometry': CMAKE_PREFIX_PATH=${CMAKE_PREFIX_PATH}:/home/ihw/workspace/kai_2025/install/yolo_ros:/home/ihw/workspace/kai_2025/install/simple_slam:/home/ihw/workspace/kai_2025/install/ros2_camera_lidar_fusion:/home/ihw/workspace/kai_2025/install/hungarian_association:/opt/ros/humble /usr/bin/cmake /home/ihw/workspace/AutonomousVehiclePlatform/ws_aruco/src/vision_opencv/image_geometry -DCMAKE_BUILD_TYPE=Release -DAMENT_CMAKE_SYMLINK_INSTALL=1 -DCMAKE_INSTALL_PREFIX=/home/ihw/workspace/AutonomousVehiclePlatform/ws_aruco/install/image_geometry
[0.064s] -- The C compiler identification is GNU 11.4.0
[0.115s] -- The CXX compiler identification is GNU 11.4.0
[0.121s] -- Detecting C compiler ABI info
[0.188s] -- Detecting C compiler ABI info - done
[0.193s] -- Check for working C compiler: /usr/bin/cc - skipped
[0.193s] -- Detecting C compile features
[0.193s] -- Detecting C compile features - done
[0.195s] -- Detecting CXX compiler ABI info
[0.272s] -- Detecting CXX compiler ABI info - done
[0.277s] -- Check for working CXX compiler: /usr/bin/c++ - skipped
[0.277s] -- Detecting CXX compile features
[0.277s] -- Detecting CXX compile features - done
[0.280s] -- Found ament_cmake_python: 1.3.11 (/opt/ros/humble/share/ament_cmake_python/cmake)
[0.282s] -- Found ament_cmake_ros: 0.10.0 (/opt/ros/humble/share/ament_cmake_ros/cmake)
[0.661s] -- Found Python3: /usr/bin/python3 (found version "3.10.12") found components: Interpreter 
[0.720s] -- Override CMake install command with custom implementation using symlinks instead of copying resources
[0.839s] -- Found OpenCV: /usr (found version "4.5.4") found components: calib3d core highgui imgproc 
[0.855s] -- Found sensor_msgs: 4.8.0 (/opt/ros/humble/share/sensor_msgs/cmake)
[0.896s] -- Found rosidl_generator_c: 3.1.6 (/opt/ros/humble/share/rosidl_generator_c/cmake)
[0.904s] -- Found rosidl_adapter: 3.1.6 (/opt/ros/humble/share/rosidl_adapter/cmake)
[0.915s] -- Found rosidl_generator_cpp: 3.1.6 (/opt/ros/humble/share/rosidl_generator_cpp/cmake)
[0.927s] -- Using all available rosidl_typesupport_c: rosidl_typesupport_fastrtps_c;rosidl_typesupport_introspection_c
[0.944s] -- Using all available rosidl_typesupport_cpp: rosidl_typesupport_fastrtps_cpp;rosidl_typesupport_introspection_cpp
[1.005s] -- Found gtest sources under '/opt/ros/humble/src/gtest_vendor': C++ tests using 'Google Test' will be built
[1.008s] -- Looking for pthread.h
[1.081s] -- Looking for pthread.h - found
[1.081s] -- Performing Test CMAKE_HAVE_LIBC_PTHREAD
[1.158s] -- Performing Test CMAKE_HAVE_LIBC_PTHREAD - Success
[1.158s] -- Found Threads: TRUE  
[1.221s] -- Configuring done
[1.233s] -- Generating done
[1.237s] -- Build files have been written to: /home/ihw/workspace/AutonomousVehiclePlatform/ws_aruco/build/image_geometry
[1.245s] Invoked command in '/home/ihw/workspace/AutonomousVehiclePlatform/ws_aruco/build/image_geometry' returned '0': CMAKE_PREFIX_PATH=${CMAKE_PREFIX_PATH}:/home/ihw/workspace/kai_2025/install/yolo_ros:/home/ihw/workspace/kai_2025/install/simple_slam:/home/ihw/workspace/kai_2025/install/ros2_camera_lidar_fusion:/home/ihw/workspace/kai_2025/install/hungarian_association:/opt/ros/humble /usr/bin/cmake /home/ihw/workspace/AutonomousVehiclePlatform/ws_aruco/src/vision_opencv/image_geometry -DCMAKE_BUILD_TYPE=Release -DAMENT_CMAKE_SYMLINK_INSTALL=1 -DCMAKE_INSTALL_PREFIX=/home/ihw/workspace/AutonomousVehiclePlatform/ws_aruco/install/image_geometry
[1.247s] Invoking command in '/home/ihw/workspace/AutonomousVehiclePlatform/ws_aruco/build/image_geometry': CMAKE_PREFIX_PATH=${CMAKE_PREFIX_PATH}:/home/ihw/workspace/kai_2025/install/yolo_ros:/home/ihw/workspace/kai_2025/install/simple_slam:/home/ihw/workspace/kai_2025/install/ros2_camera_lidar_fusion:/home/ihw/workspace/kai_2025/install/hungarian_association:/opt/ros/humble /usr/bin/cmake --build /home/ihw/workspace/AutonomousVehiclePlatform/ws_aruco/build/image_geometry -- -j16 -l16
[1.296s] [ 33%] [32mBuilding CXX object gtest/CMakeFiles/gtest.dir/src/gtest-all.cc.o[0m
[1.296s] [ 33%] [32mBuilding CXX object CMakeFiles/image_geometry.dir/src/pinhole_camera_model.cpp.o[0m
[1.296s] [ 33%] [32mBuilding CXX object gtest/CMakeFiles/gtest_main.dir/src/gtest_main.cc.o[0m
[1.296s] [ 44%] [32mBuilding CXX object CMakeFiles/image_geometry.dir/src/stereo_camera_model.cpp.o[0m
[1.309s] [ 44%] Built target ament_cmake_python_symlink_image_geometry
[1.577s] running egg_info
[1.590s] creating image_geometry.egg-info
[1.590s] writing image_geometry.egg-info/PKG-INFO
[1.590s] writing dependency_links to image_geometry.egg-info/dependency_links.txt
[1.591s] writing top-level names to image_geometry.egg-info/top_level.txt
[1.591s] writing manifest file 'image_geometry.egg-info/SOURCES.txt'
[1.632s] reading manifest file 'image_geometry.egg-info/SOURCES.txt'
[1.632s] writing manifest file 'image_geometry.egg-info/SOURCES.txt'
[1.676s] [ 44%] Built target ament_cmake_python_build_image_geometry_egg
[1.928s] [ 55%] [32m[1mLinking CXX static library libgtest_main.a[0m
[1.966s] [ 55%] Built target gtest_main
[2.534s] [ 66%] [32m[1mLinking CXX shared library libimage_geometry.so[0m
[2.649s] [ 66%] Built target image_geometry
[7.376s] [ 77%] [32m[1mLinking CXX static library libgtest.a[0m
[7.420s] [ 77%] Built target gtest
[7.443s] [ 88%] [32mBuilding CXX object CMakeFiles/image_geometry-utest.dir/test/utest.cpp.o[0m
[9.602s] [100%] [32m[1mLinking CXX executable image_geometry-utest[0m
[9.749s] [100%] Built target image_geometry-utest
[9.767s] Invoked command in '/home/ihw/workspace/AutonomousVehiclePlatform/ws_aruco/build/image_geometry' returned '0': CMAKE_PREFIX_PATH=${CMAKE_PREFIX_PATH}:/home/ihw/workspace/kai_2025/install/yolo_ros:/home/ihw/workspace/kai_2025/install/simple_slam:/home/ihw/workspace/kai_2025/install/ros2_camera_lidar_fusion:/home/ihw/workspace/kai_2025/install/hungarian_association:/opt/ros/humble /usr/bin/cmake --build /home/ihw/workspace/AutonomousVehiclePlatform/ws_aruco/build/image_geometry -- -j16 -l16
[9.782s] Invoking command in '/home/ihw/workspace/AutonomousVehiclePlatform/ws_aruco/build/image_geometry': CMAKE_PREFIX_PATH=${CMAKE_PREFIX_PATH}:/home/ihw/workspace/kai_2025/install/yolo_ros:/home/ihw/workspace/kai_2025/install/simple_slam:/home/ihw/workspace/kai_2025/install/ros2_camera_lidar_fusion:/home/ihw/workspace/kai_2025/install/hungarian_association:/opt/ros/humble /usr/bin/cmake --install /home/ihw/workspace/AutonomousVehiclePlatform/ws_aruco/build/image_geometry
[9.792s] -- Install configuration: "Release"
[9.792s] -- Execute custom install script
[9.792s] -- Symlinking: /home/ihw/workspace/AutonomousVehiclePlatform/ws_aruco/install/image_geometry/share/image_geometry/environment/pythonpath.sh
[9.803s] -- Symlinking: /home/ihw/workspace/AutonomousVehiclePlatform/ws_aruco/install/image_geometry/share/image_geometry/environment/pythonpath.dsv
[9.815s] -- Symlinking: /home/ihw/workspace/AutonomousVehiclePlatform/ws_aruco/install/image_geometry/local/lib/python3.10/dist-packages/image_geometry-3.2.1-py3.10.egg-info/PKG-INFO
[9.826s] -- Symlinking: /home/ihw/workspace/AutonomousVehiclePlatform/ws_aruco/install/image_geometry/local/lib/python3.10/dist-packages/image_geometry-3.2.1-py3.10.egg-info/SOURCES.txt
[9.840s] -- Symlinking: /home/ihw/workspace/AutonomousVehiclePlatform/ws_aruco/install/image_geometry/local/lib/python3.10/dist-packages/image_geometry-3.2.1-py3.10.egg-info/dependency_links.txt
[9.852s] -- Symlinking: /home/ihw/workspace/AutonomousVehiclePlatform/ws_aruco/install/image_geometry/local/lib/python3.10/dist-packages/image_geometry-3.2.1-py3.10.egg-info/top_level.txt
[9.863s] -- Symlinking: /home/ihw/workspace/AutonomousVehiclePlatform/ws_aruco/install/image_geometry/local/lib/python3.10/dist-packages/image_geometry/__init__.py
[9.874s] -- Symlinking: /home/ihw/workspace/AutonomousVehiclePlatform/ws_aruco/install/image_geometry/local/lib/python3.10/dist-packages/image_geometry/cameramodels.py
[9.887s] -- Symlinking: /home/ihw/workspace/AutonomousVehiclePlatform/ws_aruco/install/image_geometry/include/image_geometry/image_geometry/pinhole_camera_model.h
[9.899s] -- Symlinking: /home/ihw/workspace/AutonomousVehiclePlatform/ws_aruco/install/image_geometry/include/image_geometry/image_geometry/stereo_camera_model.h
[9.910s] -- Symlinking: /home/ihw/workspace/AutonomousVehiclePlatform/ws_aruco/install/image_geometry/include/image_geometry/image_geometry/visibility_control.hpp
[9.922s] -- Symlinking: /home/ihw/workspace/AutonomousVehiclePlatform/ws_aruco/install/image_geometry/share/ament_index/resource_index/package_run_dependencies/image_geometry
[9.935s] -- Symlinking: /home/ihw/workspace/AutonomousVehiclePlatform/ws_aruco/install/image_geometry/share/ament_index/resource_index/parent_prefix_path/image_geometry
[9.947s] -- Symlinking: /home/ihw/workspace/AutonomousVehiclePlatform/ws_aruco/install/image_geometry/share/image_geometry/environment/ament_prefix_path.sh
[9.958s] -- Symlinking: /home/ihw/workspace/AutonomousVehiclePlatform/ws_aruco/install/image_geometry/share/image_geometry/environment/ament_prefix_path.dsv
[9.969s] -- Symlinking: /home/ihw/workspace/AutonomousVehiclePlatform/ws_aruco/install/image_geometry/share/image_geometry/environment/path.sh
[9.981s] -- Symlinking: /home/ihw/workspace/AutonomousVehiclePlatform/ws_aruco/install/image_geometry/share/image_geometry/environment/path.dsv
[9.992s] -- Symlinking: /home/ihw/workspace/AutonomousVehiclePlatform/ws_aruco/install/image_geometry/share/image_geometry/local_setup.bash
[10.003s] -- Symlinking: /home/ihw/workspace/AutonomousVehiclePlatform/ws_aruco/install/image_geometry/share/image_geometry/local_setup.sh
[10.013s] -- Symlinking: /home/ihw/workspace/AutonomousVehiclePlatform/ws_aruco/install/image_geometry/share/image_geometry/local_setup.zsh
[10.025s] -- Symlinking: /home/ihw/workspace/AutonomousVehiclePlatform/ws_aruco/install/image_geometry/share/image_geometry/local_setup.dsv
[10.039s] -- Symlinking: /home/ihw/workspace/AutonomousVehiclePlatform/ws_aruco/install/image_geometry/share/image_geometry/package.dsv
[10.051s] -- Symlinking: /home/ihw/workspace/AutonomousVehiclePlatform/ws_aruco/install/image_geometry/share/ament_index/resource_index/packages/image_geometry
[10.062s] -- Symlinking: /home/ihw/workspace/AutonomousVehiclePlatform/ws_aruco/install/image_geometry/share/image_geometry/cmake/ament_cmake_export_targets-extras.cmake
[10.073s] -- Symlinking: /home/ihw/workspace/AutonomousVehiclePlatform/ws_aruco/install/image_geometry/share/image_geometry/cmake/ament_cmake_export_dependencies-extras.cmake
[10.084s] -- Symlinking: /home/ihw/workspace/AutonomousVehiclePlatform/ws_aruco/install/image_geometry/share/image_geometry/cmake/image_geometryConfig.cmake
[10.096s] -- Symlinking: /home/ihw/workspace/AutonomousVehiclePlatform/ws_aruco/install/image_geometry/share/image_geometry/cmake/image_geometryConfig-version.cmake
[10.106s] -- Symlinking: /home/ihw/workspace/AutonomousVehiclePlatform/ws_aruco/install/image_geometry/share/image_geometry/package.xml
[10.168s] Listing '/home/ihw/workspace/AutonomousVehiclePlatform/ws_aruco/install/image_geometry/local/lib/python3.10/dist-packages/image_geometry'...
[10.168s] Compiling '/home/ihw/workspace/AutonomousVehiclePlatform/ws_aruco/install/image_geometry/local/lib/python3.10/dist-packages/image_geometry/__init__.py'...
[10.168s] Compiling '/home/ihw/workspace/AutonomousVehiclePlatform/ws_aruco/install/image_geometry/local/lib/python3.10/dist-packages/image_geometry/cameramodels.py'...
[10.175s] -- Installing: /home/ihw/workspace/AutonomousVehiclePlatform/ws_aruco/install/image_geometry/lib/libimage_geometry.so
[10.175s] -- Set runtime path of "/home/ihw/workspace/AutonomousVehiclePlatform/ws_aruco/install/image_geometry/lib/libimage_geometry.so" to ""
[10.175s] -- Installing: /home/ihw/workspace/AutonomousVehiclePlatform/ws_aruco/install/image_geometry/share/image_geometry/cmake/export_image_geometryExport.cmake
[10.176s] -- Installing: /home/ihw/workspace/AutonomousVehiclePlatform/ws_aruco/install/image_geometry/share/image_geometry/cmake/export_image_geometryExport-release.cmake
[10.182s] Invoked command in '/home/ihw/workspace/AutonomousVehiclePlatform/ws_aruco/build/image_geometry' returned '0': CMAKE_PREFIX_PATH=${CMAKE_PREFIX_PATH}:/home/ihw/workspace/kai_2025/install/yolo_ros:/home/ihw/workspace/kai_2025/install/simple_slam:/home/ihw/workspace/kai_2025/install/ros2_camera_lidar_fusion:/home/ihw/workspace/kai_2025/install/hungarian_association:/opt/ros/humble /usr/bin/cmake --install /home/ihw/workspace/AutonomousVehiclePlatform/ws_aruco/build/image_geometry
