-- Found ament_cmake: 1.3.11 (/opt/ros/humble/share/ament_cmake/cmake)
-- Override CMake install command with custom implementation using symlinks instead of copying resources
-- Found builtin_interfaces: 1.2.1 (/opt/ros/humble/share/builtin_interfaces/cmake)
-- Found rosidl_generator_c: 3.1.6 (/opt/ros/humble/share/rosidl_generator_c/cmake)
-- Found rosidl_adapter: 3.1.6 (/opt/ros/humble/share/rosidl_adapter/cmake)
-- Found rosidl_generator_cpp: 3.1.6 (/opt/ros/humble/share/rosidl_generator_cpp/cmake)
-- Using all available rosidl_typesupport_c: rosidl_typesupport_fastrtps_c;rosidl_typesupport_introspection_c
-- Using all available rosidl_typesupport_cpp: rosidl_typesupport_fastrtps_cpp;rosidl_typesupport_introspection_cpp
-- Found eigen3_cmake_module: 0.1.1 (/opt/ros/humble/share/eigen3_cmake_module/cmake)
-- Found rclcpp: 16.0.12 (/opt/ros/humble/share/rclcpp/cmake)
-- Found rmw_implementation_cmake: 6.1.2 (/opt/ros/humble/share/rmw_implementation_cmake/cmake)
-- Found rmw_fastrtps_cpp: 6.2.7 (/opt/ros/humble/share/rmw_fastrtps_cpp/cmake)
-- Using RMW implementation 'rmw_fastrtps_cpp' as default
-- Found rclpy: 3.3.16 (/opt/ros/humble/share/rclpy/cmake)
-- Found px4_msgs: 2.0.1 (/home/ihw/workspace/AutonomousVehiclePlatform/ws_px4_control/install/px4_msgs/share/px4_msgs/cmake)
-- Found geometry_msgs: 4.8.0 (/opt/ros/humble/share/geometry_msgs/cmake)
-- Found sensor_msgs: 4.8.0 (/opt/ros/humble/share/sensor_msgs/cmake)
-- Found nav_msgs: 4.8.0 (/opt/ros/humble/share/nav_msgs/cmake)
-- Found tf2_ros: 0.25.12 (/opt/ros/humble/share/tf2_ros/cmake)
-- Found tf2_geometry_msgs: 0.25.12 (/opt/ros/humble/share/tf2_geometry_msgs/cmake)
-- Ensuring Eigen3 include directory is part of orocos-kdl CMake target
-- Found cv_bridge: 3.2.1 (/opt/ros/humble/share/cv_bridge/cmake)
-- Found visualization_msgs: 4.8.0 (/opt/ros/humble/share/visualization_msgs/cmake)
-- Configuring done
-- Generating done
-- Build files have been written to: /home/ihw/workspace/AutonomousVehiclePlatform/ws_px4_control/build/px4_ros_com
[35m[1mConsolidate compiler generated dependencies of target offboard_waypoint_trigger[0m
[35m[1mConsolidate compiler generated dependencies of target frame_transforms[0m
[35m[1mConsolidate compiler generated dependencies of target debug_vect_advertiser[0m
[35m[1mConsolidate compiler generated dependencies of target sensor_combined_listener[0m
[35m[1mConsolidate compiler generated dependencies of target offboard_waypoint_map[0m
[35m[1mConsolidate compiler generated dependencies of target offboard_control[0m
[35m[1mConsolidate compiler generated dependencies of target vehicle_gps_position_listener[0m
[35m[1mConsolidate compiler generated dependencies of target offboard_control_srv[0m
[  5%] [32mBuilding CXX object CMakeFiles/gimbal_target_publisher.dir/src/examples/offboard/gimbal_target_publisher.cpp.o[0m
[ 38%] Built target debug_vect_advertiser
[ 38%] Built target frame_transforms
[ 38%] Built target vehicle_gps_position_listener
[ 50%] Built target offboard_waypoint_trigger
[ 61%] Built target sensor_combined_listener
[ 83%] Built target offboard_control_srv
[ 83%] Built target offboard_waypoint_map
[ 94%] Built target offboard_control
