[0.554s] Invoking command in '/home/ihw/workspace/AutonomousVehiclePlatform/ws_px4_control/build/ofb_ctrl': PYTHONPATH=/home/ihw/workspace/AutonomousVehiclePlatform/ws_px4_control/build/ofb_ctrl/prefix_override:/usr/lib/python3/dist-packages/colcon_core/task/python/colcon_distutils_commands:/home/ihw/workspace/AutonomousVehiclePlatform/ws_px4_control/install/ofb_ctrl/lib/python3.10/site-packages:${PYTHONPATH} /usr/bin/python3 -W ignore:setup.py install is deprecated -W ignore:easy_install command is deprecated setup.py develop --editable --build-directory /home/ihw/workspace/AutonomousVehiclePlatform/ws_px4_control/build/ofb_ctrl/build --no-deps symlink_data
[0.761s] running develop
[0.884s] running egg_info
[0.884s] creating ofb_ctrl.egg-info
[0.884s] writing ofb_ctrl.egg-info/PKG-INFO
[0.885s] writing dependency_links to ofb_ctrl.egg-info/dependency_links.txt
[0.885s] writing entry points to ofb_ctrl.egg-info/entry_points.txt
[0.885s] writing requirements to ofb_ctrl.egg-info/requires.txt
[0.885s] writing top-level names to ofb_ctrl.egg-info/top_level.txt
[0.885s] writing manifest file 'ofb_ctrl.egg-info/SOURCES.txt'
[0.886s] reading manifest file 'ofb_ctrl.egg-info/SOURCES.txt'
[0.887s] writing manifest file 'ofb_ctrl.egg-info/SOURCES.txt'
[0.888s] running build_ext
[0.888s] Creating /home/ihw/workspace/AutonomousVehiclePlatform/ws_px4_control/install/ofb_ctrl/lib/python3.10/site-packages/ofb-ctrl.egg-link (link to .)
[0.889s] Installing offboard_control_node script to /home/ihw/workspace/AutonomousVehiclePlatform/ws_px4_control/install/ofb_ctrl/lib/ofb_ctrl
[0.889s] Installing waypoint_offboard_node script to /home/ihw/workspace/AutonomousVehiclePlatform/ws_px4_control/install/ofb_ctrl/lib/ofb_ctrl
[0.889s] 
[0.889s] Installed /home/ihw/workspace/AutonomousVehiclePlatform/ws_px4_control/build/ofb_ctrl
[0.889s] running symlink_data
[0.889s] creating /home/ihw/workspace/AutonomousVehiclePlatform/ws_px4_control/install/ofb_ctrl/share/ament_index
[0.889s] creating /home/ihw/workspace/AutonomousVehiclePlatform/ws_px4_control/install/ofb_ctrl/share/ament_index/resource_index
[0.890s] creating /home/ihw/workspace/AutonomousVehiclePlatform/ws_px4_control/install/ofb_ctrl/share/ament_index/resource_index/packages
[0.890s] symbolically linking /home/ihw/workspace/AutonomousVehiclePlatform/ws_px4_control/build/ofb_ctrl/resource/ofb_ctrl -> /home/ihw/workspace/AutonomousVehiclePlatform/ws_px4_control/install/ofb_ctrl/share/ament_index/resource_index/packages
[0.890s] symbolically linking /home/ihw/workspace/AutonomousVehiclePlatform/ws_px4_control/build/ofb_ctrl/package.xml -> /home/ihw/workspace/AutonomousVehiclePlatform/ws_px4_control/install/ofb_ctrl/share/ofb_ctrl
[0.923s] Invoked command in '/home/ihw/workspace/AutonomousVehiclePlatform/ws_px4_control/build/ofb_ctrl' returned '0': PYTHONPATH=/home/ihw/workspace/AutonomousVehiclePlatform/ws_px4_control/build/ofb_ctrl/prefix_override:/usr/lib/python3/dist-packages/colcon_core/task/python/colcon_distutils_commands:/home/ihw/workspace/AutonomousVehiclePlatform/ws_px4_control/install/ofb_ctrl/lib/python3.10/site-packages:${PYTHONPATH} /usr/bin/python3 -W ignore:setup.py install is deprecated -W ignore:easy_install command is deprecated setup.py develop --editable --build-directory /home/ihw/workspace/AutonomousVehiclePlatform/ws_px4_control/build/ofb_ctrl/build --no-deps symlink_data
