[0.195s] DEBUG:colcon:Command line arguments: ['/usr/bin/colcon', 'list', '-p', '--base-paths', '/home/ihw/workspace/AutonomousVehiclePlatform/ws_aruco']
[0.195s] DEBUG:colcon:Parsed command line arguments: Namespace(log_base=None, log_level=None, verb_name='list', build_base='build', ignore_user_meta=False, metas=['./colcon.meta'], base_paths=['/home/ihw/workspace/AutonomousVehiclePlatform/ws_aruco'], packages_ignore=None, packages_ignore_regex=None, paths=None, packages_up_to=None, packages_up_to_regex=None, packages_above=None, packages_above_and_dependencies=None, packages_above_depth=None, packages_select_by_dep=None, packages_skip_by_dep=None, packages_skip_up_to=None, packages_select_build_failed=False, packages_skip_build_finished=False, packages_select_test_failures=False, packages_skip_test_passed=False, packages_select=None, packages_skip=None, packages_select_regex=None, packages_skip_regex=None, packages_start=None, packages_end=None, allow_overriding=[], topological_order=False, names_only=False, paths_only=True, topological_graph=False, topological_graph_dot=False, topological_graph_density=False, topological_graph_legend=False, topological_graph_dot_cluster=False, topological_graph_dot_include_skipped=False, verb_parser=<colcon_defaults.argument_parser.defaults.DefaultArgumentsDecorator object at 0x7ada4ef47d90>, verb_extension=<colcon_package_information.verb.list.ListVerb object at 0x7ada4ef04580>, main=<bound method ListVerb.main of <colcon_package_information.verb.list.ListVerb object at 0x7ada4ef04580>>)
[0.291s] Level 1:colcon.colcon_core.package_discovery:discover_packages(colcon_meta) check parameters
[0.292s] Level 1:colcon.colcon_core.package_discovery:discover_packages(recursive) check parameters
[0.292s] Level 1:colcon.colcon_core.package_discovery:discover_packages(ignore) check parameters
[0.292s] Level 1:colcon.colcon_core.package_discovery:discover_packages(path) check parameters
[0.292s] Level 1:colcon.colcon_core.package_discovery:discover_packages(recursive) discover
[0.292s] INFO:colcon.colcon_core.package_discovery:Crawling recursively for packages in '/home/ihw/workspace/AutonomousVehiclePlatform/ws_aruco'
[0.293s] Level 1:colcon.colcon_core.package_identification:_identify(/home/ihw/workspace/AutonomousVehiclePlatform/ws_aruco) by extensions ['ignore', 'ignore_ament_install']
[0.293s] Level 1:colcon.colcon_core.package_identification:_identify(/home/ihw/workspace/AutonomousVehiclePlatform/ws_aruco) by extension 'ignore'
[0.293s] Level 1:colcon.colcon_core.package_identification:_identify(/home/ihw/workspace/AutonomousVehiclePlatform/ws_aruco) by extension 'ignore_ament_install'
[0.293s] Level 1:colcon.colcon_core.package_identification:_identify(/home/ihw/workspace/AutonomousVehiclePlatform/ws_aruco) by extensions ['colcon_pkg']
[0.293s] Level 1:colcon.colcon_core.package_identification:_identify(/home/ihw/workspace/AutonomousVehiclePlatform/ws_aruco) by extension 'colcon_pkg'
[0.293s] Level 1:colcon.colcon_core.package_identification:_identify(/home/ihw/workspace/AutonomousVehiclePlatform/ws_aruco) by extensions ['colcon_meta']
[0.293s] Level 1:colcon.colcon_core.package_identification:_identify(/home/ihw/workspace/AutonomousVehiclePlatform/ws_aruco) by extension 'colcon_meta'
[0.293s] Level 1:colcon.colcon_core.package_identification:_identify(/home/ihw/workspace/AutonomousVehiclePlatform/ws_aruco) by extensions ['ros']
[0.293s] Level 1:colcon.colcon_core.package_identification:_identify(/home/ihw/workspace/AutonomousVehiclePlatform/ws_aruco) by extension 'ros'
[0.362s] Level 1:colcon.colcon_core.package_identification:_identify(/home/ihw/workspace/AutonomousVehiclePlatform/ws_aruco) by extensions ['cmake', 'python']
[0.365s] Level 1:colcon.colcon_core.package_identification:_identify(/home/ihw/workspace/AutonomousVehiclePlatform/ws_aruco) by extension 'cmake'
[0.365s] Level 1:colcon.colcon_core.package_identification:_identify(/home/ihw/workspace/AutonomousVehiclePlatform/ws_aruco) by extension 'python'
[0.365s] Level 1:colcon.colcon_core.package_identification:_identify(/home/ihw/workspace/AutonomousVehiclePlatform/ws_aruco) by extensions ['python_setup_py']
[0.365s] Level 1:colcon.colcon_core.package_identification:_identify(/home/ihw/workspace/AutonomousVehiclePlatform/ws_aruco) by extension 'python_setup_py'
[0.366s] Level 1:colcon.colcon_core.package_identification:_identify(/home/ihw/workspace/AutonomousVehiclePlatform/ws_aruco/build) by extensions ['ignore', 'ignore_ament_install']
[0.366s] Level 1:colcon.colcon_core.package_identification:_identify(/home/ihw/workspace/AutonomousVehiclePlatform/ws_aruco/build) by extension 'ignore'
[0.366s] Level 1:colcon.colcon_core.package_identification:_identify(/home/ihw/workspace/AutonomousVehiclePlatform/ws_aruco/build) ignored
[0.366s] Level 1:colcon.colcon_core.package_identification:_identify(/home/ihw/workspace/AutonomousVehiclePlatform/ws_aruco/install) by extensions ['ignore', 'ignore_ament_install']
[0.367s] Level 1:colcon.colcon_core.package_identification:_identify(/home/ihw/workspace/AutonomousVehiclePlatform/ws_aruco/install) by extension 'ignore'
[0.367s] Level 1:colcon.colcon_core.package_identification:_identify(/home/ihw/workspace/AutonomousVehiclePlatform/ws_aruco/install) ignored
[0.367s] Level 1:colcon.colcon_core.package_identification:_identify(/home/ihw/workspace/AutonomousVehiclePlatform/ws_aruco/log) by extensions ['ignore', 'ignore_ament_install']
[0.367s] Level 1:colcon.colcon_core.package_identification:_identify(/home/ihw/workspace/AutonomousVehiclePlatform/ws_aruco/log) by extension 'ignore'
[0.367s] Level 1:colcon.colcon_core.package_identification:_identify(/home/ihw/workspace/AutonomousVehiclePlatform/ws_aruco/log) ignored
[0.371s] Level 1:colcon.colcon_core.package_identification:_identify(/home/ihw/workspace/AutonomousVehiclePlatform/ws_aruco/src) by extensions ['ignore', 'ignore_ament_install']
[0.371s] Level 1:colcon.colcon_core.package_identification:_identify(/home/ihw/workspace/AutonomousVehiclePlatform/ws_aruco/src) by extension 'ignore'
[0.371s] Level 1:colcon.colcon_core.package_identification:_identify(/home/ihw/workspace/AutonomousVehiclePlatform/ws_aruco/src) by extension 'ignore_ament_install'
[0.372s] Level 1:colcon.colcon_core.package_identification:_identify(/home/ihw/workspace/AutonomousVehiclePlatform/ws_aruco/src) by extensions ['colcon_pkg']
[0.372s] Level 1:colcon.colcon_core.package_identification:_identify(/home/ihw/workspace/AutonomousVehiclePlatform/ws_aruco/src) by extension 'colcon_pkg'
[0.372s] Level 1:colcon.colcon_core.package_identification:_identify(/home/ihw/workspace/AutonomousVehiclePlatform/ws_aruco/src) by extensions ['colcon_meta']
[0.372s] Level 1:colcon.colcon_core.package_identification:_identify(/home/ihw/workspace/AutonomousVehiclePlatform/ws_aruco/src) by extension 'colcon_meta'
[0.372s] Level 1:colcon.colcon_core.package_identification:_identify(/home/ihw/workspace/AutonomousVehiclePlatform/ws_aruco/src) by extensions ['ros']
[0.372s] Level 1:colcon.colcon_core.package_identification:_identify(/home/ihw/workspace/AutonomousVehiclePlatform/ws_aruco/src) by extension 'ros'
[0.372s] Level 1:colcon.colcon_core.package_identification:_identify(/home/ihw/workspace/AutonomousVehiclePlatform/ws_aruco/src) by extensions ['cmake', 'python']
[0.372s] Level 1:colcon.colcon_core.package_identification:_identify(/home/ihw/workspace/AutonomousVehiclePlatform/ws_aruco/src) by extension 'cmake'
[0.372s] Level 1:colcon.colcon_core.package_identification:_identify(/home/ihw/workspace/AutonomousVehiclePlatform/ws_aruco/src) by extension 'python'
[0.372s] Level 1:colcon.colcon_core.package_identification:_identify(/home/ihw/workspace/AutonomousVehiclePlatform/ws_aruco/src) by extensions ['python_setup_py']
[0.372s] Level 1:colcon.colcon_core.package_identification:_identify(/home/ihw/workspace/AutonomousVehiclePlatform/ws_aruco/src) by extension 'python_setup_py'
[0.372s] Level 1:colcon.colcon_core.package_identification:_identify(/home/ihw/workspace/AutonomousVehiclePlatform/ws_aruco/src/multi_tracker) by extensions ['ignore', 'ignore_ament_install']
[0.373s] Level 1:colcon.colcon_core.package_identification:_identify(/home/ihw/workspace/AutonomousVehiclePlatform/ws_aruco/src/multi_tracker) by extension 'ignore'
[0.373s] Level 1:colcon.colcon_core.package_identification:_identify(/home/ihw/workspace/AutonomousVehiclePlatform/ws_aruco/src/multi_tracker) by extension 'ignore_ament_install'
[0.373s] Level 1:colcon.colcon_core.package_identification:_identify(/home/ihw/workspace/AutonomousVehiclePlatform/ws_aruco/src/multi_tracker) by extensions ['colcon_pkg']
[0.373s] Level 1:colcon.colcon_core.package_identification:_identify(/home/ihw/workspace/AutonomousVehiclePlatform/ws_aruco/src/multi_tracker) by extension 'colcon_pkg'
[0.373s] Level 1:colcon.colcon_core.package_identification:_identify(/home/ihw/workspace/AutonomousVehiclePlatform/ws_aruco/src/multi_tracker) by extensions ['colcon_meta']
[0.373s] Level 1:colcon.colcon_core.package_identification:_identify(/home/ihw/workspace/AutonomousVehiclePlatform/ws_aruco/src/multi_tracker) by extension 'colcon_meta'
[0.373s] Level 1:colcon.colcon_core.package_identification:_identify(/home/ihw/workspace/AutonomousVehiclePlatform/ws_aruco/src/multi_tracker) by extensions ['ros']
[0.373s] Level 1:colcon.colcon_core.package_identification:_identify(/home/ihw/workspace/AutonomousVehiclePlatform/ws_aruco/src/multi_tracker) by extension 'ros'
[0.389s] DEBUG:colcon.colcon_core.package_identification:Package '/home/ihw/workspace/AutonomousVehiclePlatform/ws_aruco/src/multi_tracker' with type 'ros.ament_cmake' and name 'multi_tracker'
[0.390s] Level 1:colcon.colcon_core.package_identification:_identify(/home/ihw/workspace/AutonomousVehiclePlatform/ws_aruco/src/vision_opencv) by extensions ['ignore', 'ignore_ament_install']
[0.390s] Level 1:colcon.colcon_core.package_identification:_identify(/home/ihw/workspace/AutonomousVehiclePlatform/ws_aruco/src/vision_opencv) by extension 'ignore'
[0.391s] Level 1:colcon.colcon_core.package_identification:_identify(/home/ihw/workspace/AutonomousVehiclePlatform/ws_aruco/src/vision_opencv) by extension 'ignore_ament_install'
[0.391s] Level 1:colcon.colcon_core.package_identification:_identify(/home/ihw/workspace/AutonomousVehiclePlatform/ws_aruco/src/vision_opencv) by extensions ['colcon_pkg']
[0.391s] Level 1:colcon.colcon_core.package_identification:_identify(/home/ihw/workspace/AutonomousVehiclePlatform/ws_aruco/src/vision_opencv) by extension 'colcon_pkg'
[0.391s] Level 1:colcon.colcon_core.package_identification:_identify(/home/ihw/workspace/AutonomousVehiclePlatform/ws_aruco/src/vision_opencv) by extensions ['colcon_meta']
[0.391s] Level 1:colcon.colcon_core.package_identification:_identify(/home/ihw/workspace/AutonomousVehiclePlatform/ws_aruco/src/vision_opencv) by extension 'colcon_meta'
[0.391s] Level 1:colcon.colcon_core.package_identification:_identify(/home/ihw/workspace/AutonomousVehiclePlatform/ws_aruco/src/vision_opencv) by extensions ['ros']
[0.391s] Level 1:colcon.colcon_core.package_identification:_identify(/home/ihw/workspace/AutonomousVehiclePlatform/ws_aruco/src/vision_opencv) by extension 'ros'
[0.392s] Level 1:colcon.colcon_core.package_identification:_identify(/home/ihw/workspace/AutonomousVehiclePlatform/ws_aruco/src/vision_opencv) by extensions ['cmake', 'python']
[0.392s] Level 1:colcon.colcon_core.package_identification:_identify(/home/ihw/workspace/AutonomousVehiclePlatform/ws_aruco/src/vision_opencv) by extension 'cmake'
[0.392s] Level 1:colcon.colcon_core.package_identification:_identify(/home/ihw/workspace/AutonomousVehiclePlatform/ws_aruco/src/vision_opencv) by extension 'python'
[0.392s] Level 1:colcon.colcon_core.package_identification:_identify(/home/ihw/workspace/AutonomousVehiclePlatform/ws_aruco/src/vision_opencv) by extensions ['python_setup_py']
[0.392s] Level 1:colcon.colcon_core.package_identification:_identify(/home/ihw/workspace/AutonomousVehiclePlatform/ws_aruco/src/vision_opencv) by extension 'python_setup_py'
[0.392s] Level 1:colcon.colcon_core.package_identification:_identify(/home/ihw/workspace/AutonomousVehiclePlatform/ws_aruco/src/vision_opencv/cv_bridge) by extensions ['ignore', 'ignore_ament_install']
[0.393s] Level 1:colcon.colcon_core.package_identification:_identify(/home/ihw/workspace/AutonomousVehiclePlatform/ws_aruco/src/vision_opencv/cv_bridge) by extension 'ignore'
[0.393s] Level 1:colcon.colcon_core.package_identification:_identify(/home/ihw/workspace/AutonomousVehiclePlatform/ws_aruco/src/vision_opencv/cv_bridge) by extension 'ignore_ament_install'
[0.393s] Level 1:colcon.colcon_core.package_identification:_identify(/home/ihw/workspace/AutonomousVehiclePlatform/ws_aruco/src/vision_opencv/cv_bridge) by extensions ['colcon_pkg']
[0.393s] Level 1:colcon.colcon_core.package_identification:_identify(/home/ihw/workspace/AutonomousVehiclePlatform/ws_aruco/src/vision_opencv/cv_bridge) by extension 'colcon_pkg'
[0.393s] Level 1:colcon.colcon_core.package_identification:_identify(/home/ihw/workspace/AutonomousVehiclePlatform/ws_aruco/src/vision_opencv/cv_bridge) by extensions ['colcon_meta']
[0.393s] Level 1:colcon.colcon_core.package_identification:_identify(/home/ihw/workspace/AutonomousVehiclePlatform/ws_aruco/src/vision_opencv/cv_bridge) by extension 'colcon_meta'
[0.393s] Level 1:colcon.colcon_core.package_identification:_identify(/home/ihw/workspace/AutonomousVehiclePlatform/ws_aruco/src/vision_opencv/cv_bridge) by extensions ['ros']
[0.393s] Level 1:colcon.colcon_core.package_identification:_identify(/home/ihw/workspace/AutonomousVehiclePlatform/ws_aruco/src/vision_opencv/cv_bridge) by extension 'ros'
[0.396s] DEBUG:colcon.colcon_core.package_identification:Package '/home/ihw/workspace/AutonomousVehiclePlatform/ws_aruco/src/vision_opencv/cv_bridge' with type 'ros.ament_cmake' and name 'cv_bridge'
[0.396s] Level 1:colcon.colcon_core.package_identification:_identify(/home/ihw/workspace/AutonomousVehiclePlatform/ws_aruco/src/vision_opencv/image_geometry) by extensions ['ignore', 'ignore_ament_install']
[0.397s] Level 1:colcon.colcon_core.package_identification:_identify(/home/ihw/workspace/AutonomousVehiclePlatform/ws_aruco/src/vision_opencv/image_geometry) by extension 'ignore'
[0.397s] Level 1:colcon.colcon_core.package_identification:_identify(/home/ihw/workspace/AutonomousVehiclePlatform/ws_aruco/src/vision_opencv/image_geometry) by extension 'ignore_ament_install'
[0.397s] Level 1:colcon.colcon_core.package_identification:_identify(/home/ihw/workspace/AutonomousVehiclePlatform/ws_aruco/src/vision_opencv/image_geometry) by extensions ['colcon_pkg']
[0.397s] Level 1:colcon.colcon_core.package_identification:_identify(/home/ihw/workspace/AutonomousVehiclePlatform/ws_aruco/src/vision_opencv/image_geometry) by extension 'colcon_pkg'
[0.397s] Level 1:colcon.colcon_core.package_identification:_identify(/home/ihw/workspace/AutonomousVehiclePlatform/ws_aruco/src/vision_opencv/image_geometry) by extensions ['colcon_meta']
[0.397s] Level 1:colcon.colcon_core.package_identification:_identify(/home/ihw/workspace/AutonomousVehiclePlatform/ws_aruco/src/vision_opencv/image_geometry) by extension 'colcon_meta'
[0.397s] Level 1:colcon.colcon_core.package_identification:_identify(/home/ihw/workspace/AutonomousVehiclePlatform/ws_aruco/src/vision_opencv/image_geometry) by extensions ['ros']
[0.397s] Level 1:colcon.colcon_core.package_identification:_identify(/home/ihw/workspace/AutonomousVehiclePlatform/ws_aruco/src/vision_opencv/image_geometry) by extension 'ros'
[0.399s] DEBUG:colcon.colcon_core.package_identification:Package '/home/ihw/workspace/AutonomousVehiclePlatform/ws_aruco/src/vision_opencv/image_geometry' with type 'ros.ament_cmake' and name 'image_geometry'
[0.399s] Level 1:colcon.colcon_core.package_identification:_identify(/home/ihw/workspace/AutonomousVehiclePlatform/ws_aruco/src/vision_opencv/opencv_tests) by extensions ['ignore', 'ignore_ament_install']
[0.400s] Level 1:colcon.colcon_core.package_identification:_identify(/home/ihw/workspace/AutonomousVehiclePlatform/ws_aruco/src/vision_opencv/opencv_tests) by extension 'ignore'
[0.400s] Level 1:colcon.colcon_core.package_identification:_identify(/home/ihw/workspace/AutonomousVehiclePlatform/ws_aruco/src/vision_opencv/opencv_tests) by extension 'ignore_ament_install'
[0.400s] Level 1:colcon.colcon_core.package_identification:_identify(/home/ihw/workspace/AutonomousVehiclePlatform/ws_aruco/src/vision_opencv/opencv_tests) by extensions ['colcon_pkg']
[0.400s] Level 1:colcon.colcon_core.package_identification:_identify(/home/ihw/workspace/AutonomousVehiclePlatform/ws_aruco/src/vision_opencv/opencv_tests) by extension 'colcon_pkg'
[0.400s] Level 1:colcon.colcon_core.package_identification:_identify(/home/ihw/workspace/AutonomousVehiclePlatform/ws_aruco/src/vision_opencv/opencv_tests) by extensions ['colcon_meta']
[0.400s] Level 1:colcon.colcon_core.package_identification:_identify(/home/ihw/workspace/AutonomousVehiclePlatform/ws_aruco/src/vision_opencv/opencv_tests) by extension 'colcon_meta'
[0.400s] Level 1:colcon.colcon_core.package_identification:_identify(/home/ihw/workspace/AutonomousVehiclePlatform/ws_aruco/src/vision_opencv/opencv_tests) by extensions ['ros']
[0.401s] Level 1:colcon.colcon_core.package_identification:_identify(/home/ihw/workspace/AutonomousVehiclePlatform/ws_aruco/src/vision_opencv/opencv_tests) by extension 'ros'
[0.402s] DEBUG:colcon.colcon_core.package_identification:Package '/home/ihw/workspace/AutonomousVehiclePlatform/ws_aruco/src/vision_opencv/opencv_tests' with type 'ros.ament_python' and name 'opencv_tests'
[0.402s] Level 1:colcon.colcon_core.package_identification:_identify(/home/ihw/workspace/AutonomousVehiclePlatform/ws_aruco/src/vision_opencv/vision_opencv) by extensions ['ignore', 'ignore_ament_install']
[0.402s] Level 1:colcon.colcon_core.package_identification:_identify(/home/ihw/workspace/AutonomousVehiclePlatform/ws_aruco/src/vision_opencv/vision_opencv) by extension 'ignore'
[0.402s] Level 1:colcon.colcon_core.package_identification:_identify(/home/ihw/workspace/AutonomousVehiclePlatform/ws_aruco/src/vision_opencv/vision_opencv) by extension 'ignore_ament_install'
[0.402s] Level 1:colcon.colcon_core.package_identification:_identify(/home/ihw/workspace/AutonomousVehiclePlatform/ws_aruco/src/vision_opencv/vision_opencv) by extensions ['colcon_pkg']
[0.402s] Level 1:colcon.colcon_core.package_identification:_identify(/home/ihw/workspace/AutonomousVehiclePlatform/ws_aruco/src/vision_opencv/vision_opencv) by extension 'colcon_pkg'
[0.402s] Level 1:colcon.colcon_core.package_identification:_identify(/home/ihw/workspace/AutonomousVehiclePlatform/ws_aruco/src/vision_opencv/vision_opencv) by extensions ['colcon_meta']
[0.402s] Level 1:colcon.colcon_core.package_identification:_identify(/home/ihw/workspace/AutonomousVehiclePlatform/ws_aruco/src/vision_opencv/vision_opencv) by extension 'colcon_meta'
[0.402s] Level 1:colcon.colcon_core.package_identification:_identify(/home/ihw/workspace/AutonomousVehiclePlatform/ws_aruco/src/vision_opencv/vision_opencv) by extensions ['ros']
[0.402s] Level 1:colcon.colcon_core.package_identification:_identify(/home/ihw/workspace/AutonomousVehiclePlatform/ws_aruco/src/vision_opencv/vision_opencv) by extension 'ros'
[0.404s] DEBUG:colcon.colcon_core.package_identification:Package '/home/ihw/workspace/AutonomousVehiclePlatform/ws_aruco/src/vision_opencv/vision_opencv' with type 'ros.ament_cmake' and name 'vision_opencv'
[0.404s] Level 1:colcon.colcon_core.package_discovery:discover_packages(recursive) using defaults
