-- Found ament_cmake: 1.3.11 (/opt/ros/humble/share/ament_cmake/cmake)
-- Override CMake install command with custom implementation using symlinks instead of copying resources
-- Found rclcpp: 16.0.12 (/opt/ros/humble/share/rclcpp/cmake)
-- Found rosidl_generator_c: 3.1.6 (/opt/ros/humble/share/rosidl_generator_c/cmake)
-- Found rosidl_adapter: 3.1.6 (/opt/ros/humble/share/rosidl_adapter/cmake)
-- Found rosidl_generator_cpp: 3.1.6 (/opt/ros/humble/share/rosidl_generator_cpp/cmake)
-- Using all available rosidl_typesupport_c: rosidl_typesupport_fastrtps_c;rosidl_typesupport_introspection_c
-- Using all available rosidl_typesupport_cpp: rosidl_typesupport_fastrtps_cpp;rosidl_typesupport_introspection_cpp
-- Found rmw_implementation_cmake: 6.1.2 (/opt/ros/humble/share/rmw_implementation_cmake/cmake)
-- Found rmw_fastrtps_cpp: 6.2.7 (/opt/ros/humble/share/rmw_fastrtps_cpp/cmake)
-- Using RMW implementation 'rmw_fastrtps_cpp' as default
-- Found sensor_msgs: 4.8.0 (/opt/ros/humble/share/sensor_msgs/cmake)
-- Found cv_bridge: 3.2.1 (/home/ihw/workspace/AutonomousVehiclePlatform/ws_aruco/install/cv_bridge/share/cv_bridge/cmake)
-- Found image_transport: 3.1.11 (/opt/ros/humble/share/image_transport/cmake)
-- Found tf2: 0.25.12 (/opt/ros/humble/share/tf2/cmake)
-- Found tf2_geometry_msgs: 0.25.12 (/opt/ros/humble/share/tf2_geometry_msgs/cmake)
-- Found eigen3_cmake_module: 0.1.1 (/opt/ros/humble/share/eigen3_cmake_module/cmake)
-- Ensuring Eigen3 include directory is part of orocos-kdl CMake target
-- Configuring done
-- Generating done
-- Build files have been written to: /home/ihw/workspace/AutonomousVehiclePlatform/ws_aruco/build/multi_tracker
[ 50%] [32mBuilding CXX object CMakeFiles/multi_tracker_node.dir/src/multi_tracker_node.cpp.o[0m
[100%] [32m[1mLinking CXX executable multi_tracker_node[0m
[100%] Built target multi_tracker_node
-- Install configuration: "Release"
-- Execute custom install script
-- Symlinking: /home/ihw/workspace/AutonomousVehiclePlatform/ws_aruco/install/multi_tracker/lib/multi_tracker/multi_tracker_node
-- Symlinking: /home/ihw/workspace/AutonomousVehiclePlatform/ws_aruco/install/multi_tracker/share/multi_tracker//launch/x1_aruco_detector.launch.py
-- Symlinking: /home/ihw/workspace/AutonomousVehiclePlatform/ws_aruco/install/multi_tracker/share/multi_tracker//launch/x500_aruco_detector.launch.py
-- Symlinking: /home/ihw/workspace/AutonomousVehiclePlatform/ws_aruco/install/multi_tracker/share/ament_index/resource_index/package_run_dependencies/multi_tracker
-- Symlinking: /home/ihw/workspace/AutonomousVehiclePlatform/ws_aruco/install/multi_tracker/share/ament_index/resource_index/parent_prefix_path/multi_tracker
-- Symlinking: /home/ihw/workspace/AutonomousVehiclePlatform/ws_aruco/install/multi_tracker/share/multi_tracker/environment/ament_prefix_path.sh
-- Symlinking: /home/ihw/workspace/AutonomousVehiclePlatform/ws_aruco/install/multi_tracker/share/multi_tracker/environment/ament_prefix_path.dsv
-- Symlinking: /home/ihw/workspace/AutonomousVehiclePlatform/ws_aruco/install/multi_tracker/share/multi_tracker/environment/path.sh
-- Symlinking: /home/ihw/workspace/AutonomousVehiclePlatform/ws_aruco/install/multi_tracker/share/multi_tracker/environment/path.dsv
-- Symlinking: /home/ihw/workspace/AutonomousVehiclePlatform/ws_aruco/install/multi_tracker/share/multi_tracker/local_setup.bash
-- Symlinking: /home/ihw/workspace/AutonomousVehiclePlatform/ws_aruco/install/multi_tracker/share/multi_tracker/local_setup.sh
-- Symlinking: /home/ihw/workspace/AutonomousVehiclePlatform/ws_aruco/install/multi_tracker/share/multi_tracker/local_setup.zsh
-- Symlinking: /home/ihw/workspace/AutonomousVehiclePlatform/ws_aruco/install/multi_tracker/share/multi_tracker/local_setup.dsv
-- Symlinking: /home/ihw/workspace/AutonomousVehiclePlatform/ws_aruco/install/multi_tracker/share/multi_tracker/package.dsv
-- Symlinking: /home/ihw/workspace/AutonomousVehiclePlatform/ws_aruco/install/multi_tracker/share/ament_index/resource_index/packages/multi_tracker
-- Symlinking: /home/ihw/workspace/AutonomousVehiclePlatform/ws_aruco/install/multi_tracker/share/multi_tracker/cmake/multi_trackerConfig.cmake
-- Symlinking: /home/ihw/workspace/AutonomousVehiclePlatform/ws_aruco/install/multi_tracker/share/multi_tracker/cmake/multi_trackerConfig-version.cmake
-- Symlinking: /home/ihw/workspace/AutonomousVehiclePlatform/ws_aruco/install/multi_tracker/share/multi_tracker/package.xml
