[0.019s] Invoking command in '/home/ihw/workspace/AutonomousVehiclePlatform/ws_aruco/build/multi_tracker': AMENT_PREFIX_PATH=/home/ihw/workspace/AutonomousVehiclePlatform/ws_aruco/install/cv_bridge:${AMENT_PREFIX_PATH} CMAKE_PREFIX_PATH=/home/ihw/workspace/AutonomousVehiclePlatform/ws_aruco/install/cv_bridge:/home/ihw/workspace/kai_2025/install/yolo_bringup:/home/ihw/workspace/kai_2025/install/yolo_msgs:/home/ihw/workspace/kai_2025/install/usb_cam:/home/ihw/workspace/kai_2025/install/ublox_serialization:/home/ihw/workspace/kai_2025/install/ouster_ros:/home/ihw/workspace/kai_2025/install/ouster_sensor_msgs:/home/ihw/workspace/kai_2025/install/cones_ukf:/home/ihw/workspace/kai_2025/install/cones_no_color:/home/ihw/workspace/kai_2025/install/cone_detection:/home/ihw/workspace/kai_2025/install/custom_interface:/home/ihw/workspace/kai_2025/install/yolo_ros:/home/ihw/workspace/kai_2025/install/simple_slam:/home/ihw/workspace/kai_2025/install/ros2_camera_lidar_fusion:/home/ihw/workspace/kai_2025/install/hungarian_association:/opt/ros/humble LD_LIBRARY_PATH=/home/ihw/workspace/AutonomousVehiclePlatform/ws_aruco/install/cv_bridge/lib:${LD_LIBRARY_PATH} PYTHONPATH=/home/ihw/workspace/AutonomousVehiclePlatform/ws_aruco/install/cv_bridge/local/lib/python3.10/dist-packages:${PYTHONPATH} /usr/bin/cmake /home/ihw/workspace/AutonomousVehiclePlatform/ws_aruco/src/multi_tracker -DCMAKE_INSTALL_PREFIX=/home/ihw/workspace/AutonomousVehiclePlatform/ws_aruco/install/multi_tracker
[0.210s] -- Found ament_cmake: 1.3.11 (/opt/ros/humble/share/ament_cmake/cmake)
[0.210s] -- Override CMake install command with custom implementation using symlinks instead of copying resources
[0.210s] -- Found rclcpp: 16.0.12 (/opt/ros/humble/share/rclcpp/cmake)
[0.210s] -- Found rosidl_generator_c: 3.1.6 (/opt/ros/humble/share/rosidl_generator_c/cmake)
[0.210s] -- Found rosidl_adapter: 3.1.6 (/opt/ros/humble/share/rosidl_adapter/cmake)
[0.210s] -- Found rosidl_generator_cpp: 3.1.6 (/opt/ros/humble/share/rosidl_generator_cpp/cmake)
[0.210s] -- Using all available rosidl_typesupport_c: rosidl_typesupport_fastrtps_c;rosidl_typesupport_introspection_c
[0.218s] -- Using all available rosidl_typesupport_cpp: rosidl_typesupport_fastrtps_cpp;rosidl_typesupport_introspection_cpp
[0.244s] -- Found rmw_implementation_cmake: 6.1.2 (/opt/ros/humble/share/rmw_implementation_cmake/cmake)
[0.245s] -- Found rmw_fastrtps_cpp: 6.2.7 (/opt/ros/humble/share/rmw_fastrtps_cpp/cmake)
[0.353s] -- Using RMW implementation 'rmw_fastrtps_cpp' as default
[0.392s] -- Found sensor_msgs: 4.8.0 (/opt/ros/humble/share/sensor_msgs/cmake)
[0.421s] -- Found cv_bridge: 3.2.1 (/home/ihw/workspace/AutonomousVehiclePlatform/ws_aruco/install/cv_bridge/share/cv_bridge/cmake)
[0.425s] -- Found image_transport: 3.1.11 (/opt/ros/humble/share/image_transport/cmake)
[0.447s] -- Found tf2: 0.25.12 (/opt/ros/humble/share/tf2/cmake)
[0.449s] -- Found tf2_geometry_msgs: 0.25.12 (/opt/ros/humble/share/tf2_geometry_msgs/cmake)
[0.452s] -- Found eigen3_cmake_module: 0.1.1 (/opt/ros/humble/share/eigen3_cmake_module/cmake)
[0.453s] -- Ensuring Eigen3 include directory is part of orocos-kdl CMake target
[0.585s] -- Configuring done
[0.598s] -- Generating done
[0.603s] -- Build files have been written to: /home/ihw/workspace/AutonomousVehiclePlatform/ws_aruco/build/multi_tracker
[0.613s] Invoked command in '/home/ihw/workspace/AutonomousVehiclePlatform/ws_aruco/build/multi_tracker' returned '0': AMENT_PREFIX_PATH=/home/ihw/workspace/AutonomousVehiclePlatform/ws_aruco/install/cv_bridge:${AMENT_PREFIX_PATH} CMAKE_PREFIX_PATH=/home/ihw/workspace/AutonomousVehiclePlatform/ws_aruco/install/cv_bridge:/home/ihw/workspace/kai_2025/install/yolo_bringup:/home/ihw/workspace/kai_2025/install/yolo_msgs:/home/ihw/workspace/kai_2025/install/usb_cam:/home/ihw/workspace/kai_2025/install/ublox_serialization:/home/ihw/workspace/kai_2025/install/ouster_ros:/home/ihw/workspace/kai_2025/install/ouster_sensor_msgs:/home/ihw/workspace/kai_2025/install/cones_ukf:/home/ihw/workspace/kai_2025/install/cones_no_color:/home/ihw/workspace/kai_2025/install/cone_detection:/home/ihw/workspace/kai_2025/install/custom_interface:/home/ihw/workspace/kai_2025/install/yolo_ros:/home/ihw/workspace/kai_2025/install/simple_slam:/home/ihw/workspace/kai_2025/install/ros2_camera_lidar_fusion:/home/ihw/workspace/kai_2025/install/hungarian_association:/opt/ros/humble LD_LIBRARY_PATH=/home/ihw/workspace/AutonomousVehiclePlatform/ws_aruco/install/cv_bridge/lib:${LD_LIBRARY_PATH} PYTHONPATH=/home/ihw/workspace/AutonomousVehiclePlatform/ws_aruco/install/cv_bridge/local/lib/python3.10/dist-packages:${PYTHONPATH} /usr/bin/cmake /home/ihw/workspace/AutonomousVehiclePlatform/ws_aruco/src/multi_tracker -DCMAKE_INSTALL_PREFIX=/home/ihw/workspace/AutonomousVehiclePlatform/ws_aruco/install/multi_tracker
[0.614s] Invoking command in '/home/ihw/workspace/AutonomousVehiclePlatform/ws_aruco/build/multi_tracker': AMENT_PREFIX_PATH=/home/ihw/workspace/AutonomousVehiclePlatform/ws_aruco/install/cv_bridge:${AMENT_PREFIX_PATH} CMAKE_PREFIX_PATH=/home/ihw/workspace/AutonomousVehiclePlatform/ws_aruco/install/cv_bridge:/home/ihw/workspace/kai_2025/install/yolo_bringup:/home/ihw/workspace/kai_2025/install/yolo_msgs:/home/ihw/workspace/kai_2025/install/usb_cam:/home/ihw/workspace/kai_2025/install/ublox_serialization:/home/ihw/workspace/kai_2025/install/ouster_ros:/home/ihw/workspace/kai_2025/install/ouster_sensor_msgs:/home/ihw/workspace/kai_2025/install/cones_ukf:/home/ihw/workspace/kai_2025/install/cones_no_color:/home/ihw/workspace/kai_2025/install/cone_detection:/home/ihw/workspace/kai_2025/install/custom_interface:/home/ihw/workspace/kai_2025/install/yolo_ros:/home/ihw/workspace/kai_2025/install/simple_slam:/home/ihw/workspace/kai_2025/install/ros2_camera_lidar_fusion:/home/ihw/workspace/kai_2025/install/hungarian_association:/opt/ros/humble LD_LIBRARY_PATH=/home/ihw/workspace/AutonomousVehiclePlatform/ws_aruco/install/cv_bridge/lib:${LD_LIBRARY_PATH} PYTHONPATH=/home/ihw/workspace/AutonomousVehiclePlatform/ws_aruco/install/cv_bridge/local/lib/python3.10/dist-packages:${PYTHONPATH} /usr/bin/cmake --build /home/ihw/workspace/AutonomousVehiclePlatform/ws_aruco/build/multi_tracker -- -j16 -l16
[0.674s] [ 50%] [32mBuilding CXX object CMakeFiles/multi_tracker_node.dir/src/multi_tracker_node.cpp.o[0m
[15.224s] [100%] [32m[1mLinking CXX executable multi_tracker_node[0m
[15.679s] [100%] Built target multi_tracker_node
[15.691s] Invoked command in '/home/ihw/workspace/AutonomousVehiclePlatform/ws_aruco/build/multi_tracker' returned '0': AMENT_PREFIX_PATH=/home/ihw/workspace/AutonomousVehiclePlatform/ws_aruco/install/cv_bridge:${AMENT_PREFIX_PATH} CMAKE_PREFIX_PATH=/home/ihw/workspace/AutonomousVehiclePlatform/ws_aruco/install/cv_bridge:/home/ihw/workspace/kai_2025/install/yolo_bringup:/home/ihw/workspace/kai_2025/install/yolo_msgs:/home/ihw/workspace/kai_2025/install/usb_cam:/home/ihw/workspace/kai_2025/install/ublox_serialization:/home/ihw/workspace/kai_2025/install/ouster_ros:/home/ihw/workspace/kai_2025/install/ouster_sensor_msgs:/home/ihw/workspace/kai_2025/install/cones_ukf:/home/ihw/workspace/kai_2025/install/cones_no_color:/home/ihw/workspace/kai_2025/install/cone_detection:/home/ihw/workspace/kai_2025/install/custom_interface:/home/ihw/workspace/kai_2025/install/yolo_ros:/home/ihw/workspace/kai_2025/install/simple_slam:/home/ihw/workspace/kai_2025/install/ros2_camera_lidar_fusion:/home/ihw/workspace/kai_2025/install/hungarian_association:/opt/ros/humble LD_LIBRARY_PATH=/home/ihw/workspace/AutonomousVehiclePlatform/ws_aruco/install/cv_bridge/lib:${LD_LIBRARY_PATH} PYTHONPATH=/home/ihw/workspace/AutonomousVehiclePlatform/ws_aruco/install/cv_bridge/local/lib/python3.10/dist-packages:${PYTHONPATH} /usr/bin/cmake --build /home/ihw/workspace/AutonomousVehiclePlatform/ws_aruco/build/multi_tracker -- -j16 -l16
[15.693s] Invoking command in '/home/ihw/workspace/AutonomousVehiclePlatform/ws_aruco/build/multi_tracker': AMENT_PREFIX_PATH=/home/ihw/workspace/AutonomousVehiclePlatform/ws_aruco/install/cv_bridge:${AMENT_PREFIX_PATH} CMAKE_PREFIX_PATH=/home/ihw/workspace/AutonomousVehiclePlatform/ws_aruco/install/cv_bridge:/home/ihw/workspace/kai_2025/install/yolo_bringup:/home/ihw/workspace/kai_2025/install/yolo_msgs:/home/ihw/workspace/kai_2025/install/usb_cam:/home/ihw/workspace/kai_2025/install/ublox_serialization:/home/ihw/workspace/kai_2025/install/ouster_ros:/home/ihw/workspace/kai_2025/install/ouster_sensor_msgs:/home/ihw/workspace/kai_2025/install/cones_ukf:/home/ihw/workspace/kai_2025/install/cones_no_color:/home/ihw/workspace/kai_2025/install/cone_detection:/home/ihw/workspace/kai_2025/install/custom_interface:/home/ihw/workspace/kai_2025/install/yolo_ros:/home/ihw/workspace/kai_2025/install/simple_slam:/home/ihw/workspace/kai_2025/install/ros2_camera_lidar_fusion:/home/ihw/workspace/kai_2025/install/hungarian_association:/opt/ros/humble LD_LIBRARY_PATH=/home/ihw/workspace/AutonomousVehiclePlatform/ws_aruco/install/cv_bridge/lib:${LD_LIBRARY_PATH} PYTHONPATH=/home/ihw/workspace/AutonomousVehiclePlatform/ws_aruco/install/cv_bridge/local/lib/python3.10/dist-packages:${PYTHONPATH} /usr/bin/cmake --install /home/ihw/workspace/AutonomousVehiclePlatform/ws_aruco/build/multi_tracker
[15.700s] -- Install configuration: "Release"
[15.701s] -- Execute custom install script
[15.701s] -- Symlinking: /home/ihw/workspace/AutonomousVehiclePlatform/ws_aruco/install/multi_tracker/lib/multi_tracker/multi_tracker_node
[15.711s] -- Symlinking: /home/ihw/workspace/AutonomousVehiclePlatform/ws_aruco/install/multi_tracker/share/multi_tracker//launch/x1_aruco_detector.launch.py
[15.720s] -- Symlinking: /home/ihw/workspace/AutonomousVehiclePlatform/ws_aruco/install/multi_tracker/share/multi_tracker//launch/x500_aruco_detector.launch.py
[15.730s] -- Symlinking: /home/ihw/workspace/AutonomousVehiclePlatform/ws_aruco/install/multi_tracker/share/ament_index/resource_index/package_run_dependencies/multi_tracker
[15.740s] -- Symlinking: /home/ihw/workspace/AutonomousVehiclePlatform/ws_aruco/install/multi_tracker/share/ament_index/resource_index/parent_prefix_path/multi_tracker
[15.749s] -- Symlinking: /home/ihw/workspace/AutonomousVehiclePlatform/ws_aruco/install/multi_tracker/share/multi_tracker/environment/ament_prefix_path.sh
[15.761s] -- Symlinking: /home/ihw/workspace/AutonomousVehiclePlatform/ws_aruco/install/multi_tracker/share/multi_tracker/environment/ament_prefix_path.dsv
[15.773s] -- Symlinking: /home/ihw/workspace/AutonomousVehiclePlatform/ws_aruco/install/multi_tracker/share/multi_tracker/environment/path.sh
[15.782s] -- Symlinking: /home/ihw/workspace/AutonomousVehiclePlatform/ws_aruco/install/multi_tracker/share/multi_tracker/environment/path.dsv
[15.792s] -- Symlinking: /home/ihw/workspace/AutonomousVehiclePlatform/ws_aruco/install/multi_tracker/share/multi_tracker/local_setup.bash
[15.801s] -- Symlinking: /home/ihw/workspace/AutonomousVehiclePlatform/ws_aruco/install/multi_tracker/share/multi_tracker/local_setup.sh
[15.810s] -- Symlinking: /home/ihw/workspace/AutonomousVehiclePlatform/ws_aruco/install/multi_tracker/share/multi_tracker/local_setup.zsh
[15.821s] -- Symlinking: /home/ihw/workspace/AutonomousVehiclePlatform/ws_aruco/install/multi_tracker/share/multi_tracker/local_setup.dsv
[15.831s] -- Symlinking: /home/ihw/workspace/AutonomousVehiclePlatform/ws_aruco/install/multi_tracker/share/multi_tracker/package.dsv
[15.840s] -- Symlinking: /home/ihw/workspace/AutonomousVehiclePlatform/ws_aruco/install/multi_tracker/share/ament_index/resource_index/packages/multi_tracker
[15.849s] -- Symlinking: /home/ihw/workspace/AutonomousVehiclePlatform/ws_aruco/install/multi_tracker/share/multi_tracker/cmake/multi_trackerConfig.cmake
[15.860s] -- Symlinking: /home/ihw/workspace/AutonomousVehiclePlatform/ws_aruco/install/multi_tracker/share/multi_tracker/cmake/multi_trackerConfig-version.cmake
[15.870s] -- Symlinking: /home/ihw/workspace/AutonomousVehiclePlatform/ws_aruco/install/multi_tracker/share/multi_tracker/package.xml
[15.883s] Invoked command in '/home/ihw/workspace/AutonomousVehiclePlatform/ws_aruco/build/multi_tracker' returned '0': AMENT_PREFIX_PATH=/home/ihw/workspace/AutonomousVehiclePlatform/ws_aruco/install/cv_bridge:${AMENT_PREFIX_PATH} CMAKE_PREFIX_PATH=/home/ihw/workspace/AutonomousVehiclePlatform/ws_aruco/install/cv_bridge:/home/ihw/workspace/kai_2025/install/yolo_bringup:/home/ihw/workspace/kai_2025/install/yolo_msgs:/home/ihw/workspace/kai_2025/install/usb_cam:/home/ihw/workspace/kai_2025/install/ublox_serialization:/home/ihw/workspace/kai_2025/install/ouster_ros:/home/ihw/workspace/kai_2025/install/ouster_sensor_msgs:/home/ihw/workspace/kai_2025/install/cones_ukf:/home/ihw/workspace/kai_2025/install/cones_no_color:/home/ihw/workspace/kai_2025/install/cone_detection:/home/ihw/workspace/kai_2025/install/custom_interface:/home/ihw/workspace/kai_2025/install/yolo_ros:/home/ihw/workspace/kai_2025/install/simple_slam:/home/ihw/workspace/kai_2025/install/ros2_camera_lidar_fusion:/home/ihw/workspace/kai_2025/install/hungarian_association:/opt/ros/humble LD_LIBRARY_PATH=/home/ihw/workspace/AutonomousVehiclePlatform/ws_aruco/install/cv_bridge/lib:${LD_LIBRARY_PATH} PYTHONPATH=/home/ihw/workspace/AutonomousVehiclePlatform/ws_aruco/install/cv_bridge/local/lib/python3.10/dist-packages:${PYTHONPATH} /usr/bin/cmake --install /home/ihw/workspace/AutonomousVehiclePlatform/ws_aruco/build/multi_tracker
