-- Found ament_cmake: 1.3.11 (/opt/ros/humble/share/ament_cmake/cmake)
-- Override CMake install command with custom implementation using symlinks instead of copying resources
-- Found builtin_interfaces: 1.2.1 (/opt/ros/humble/share/builtin_interfaces/cmake)
-- Found rosidl_generator_c: 3.1.6 (/opt/ros/humble/share/rosidl_generator_c/cmake)
-- Found rosidl_adapter: 3.1.6 (/opt/ros/humble/share/rosidl_adapter/cmake)
-- Found rosidl_generator_cpp: 3.1.6 (/opt/ros/humble/share/rosidl_generator_cpp/cmake)
-- Using all available rosidl_typesupport_c: rosidl_typesupport_fastrtps_c;rosidl_typesupport_introspection_c
-- Using all available rosidl_typesupport_cpp: rosidl_typesupport_fastrtps_cpp;rosidl_typesupport_introspection_cpp
-- Found eigen3_cmake_module: 0.1.1 (/opt/ros/humble/share/eigen3_cmake_module/cmake)
-- Found rclcpp: 16.0.12 (/opt/ros/humble/share/rclcpp/cmake)
-- Found rmw_implementation_cmake: 6.1.2 (/opt/ros/humble/share/rmw_implementation_cmake/cmake)
-- Found rmw_fastrtps_cpp: 6.2.7 (/opt/ros/humble/share/rmw_fastrtps_cpp/cmake)
-- Using RMW implementation 'rmw_fastrtps_cpp' as default
-- Found rclpy: 3.3.16 (/opt/ros/humble/share/rclpy/cmake)
-- Found px4_msgs: 2.0.1 (/home/ihw/workspace/AutonomousVehiclePlatform/ws_px4_control/install/px4_msgs/share/px4_msgs/cmake)
-- Found geometry_msgs: 4.8.0 (/opt/ros/humble/share/geometry_msgs/cmake)
-- Found sensor_msgs: 4.8.0 (/opt/ros/humble/share/sensor_msgs/cmake)
-- Found nav_msgs: 4.8.0 (/opt/ros/humble/share/nav_msgs/cmake)
-- Found tf2_ros: 0.25.12 (/opt/ros/humble/share/tf2_ros/cmake)
-- Found tf2_geometry_msgs: 0.25.12 (/opt/ros/humble/share/tf2_geometry_msgs/cmake)
-- Ensuring Eigen3 include directory is part of orocos-kdl CMake target
-- Found cv_bridge: 3.2.1 (/opt/ros/humble/share/cv_bridge/cmake)
-- Found visualization_msgs: 4.8.0 (/opt/ros/humble/share/visualization_msgs/cmake)
-- Configuring done
-- Generating done
-- Build files have been written to: /home/ihw/workspace/AutonomousVehiclePlatform/ws_px4_control/build/px4_ros_com
[35m[1mConsolidate compiler generated dependencies of target gimbal_target_publisher[0m
[35m[1mConsolidate compiler generated dependencies of target frame_transforms[0m
[35m[1mConsolidate compiler generated dependencies of target offboard_control_srv[0m
[35m[1mConsolidate compiler generated dependencies of target vehicle_gps_position_listener[0m
[35m[1mConsolidate compiler generated dependencies of target debug_vect_advertiser[0m
[35m[1mConsolidate compiler generated dependencies of target sensor_combined_listener[0m
[35m[1mConsolidate compiler generated dependencies of target offboard_waypoint_trigger[0m
[35m[1mConsolidate compiler generated dependencies of target offboard_control[0m
[35m[1mConsolidate compiler generated dependencies of target offboard_waypoint_map[0m
[ 11%] Built target frame_transforms
[ 33%] Built target sensor_combined_listener
[ 33%] Built target offboard_control_srv
[ 55%] Built target debug_vect_advertiser
[ 55%] Built target vehicle_gps_position_listener
[ 77%] Built target offboard_waypoint_map
[ 77%] Built target offboard_waypoint_trigger
[ 83%] [32mBuilding CXX object CMakeFiles/gimbal_target_publisher.dir/src/examples/offboard/gimbal_target_publisher.cpp.o[0m
[ 94%] Built target offboard_control
[01m[K/home/ihw/workspace/AutonomousVehiclePlatform/ws_px4_control/src/px4_ros_com/src/examples/offboard/gimbal_target_publisher.cpp:[m[K In member function ‘[01m[Kuint64_t GimbalTargetPublisher::nowUs() const[m[K’:
[01m[K/home/ihw/workspace/AutonomousVehiclePlatform/ws_px4_control/src/px4_ros_com/src/examples/offboard/gimbal_target_publisher.cpp:182:57:[m[K [01;31m[Kerror: [m[Kpassing ‘[01m[Kstd::__shared_ptr_access<const rclcpp::Clock, __gnu_cxx::_S_atomic, false, false>::element_type[m[K’ {aka ‘[01m[Kconst rclcpp::Clock[m[K’} as ‘[01m[Kthis[m[K’ argument discards qualifiers [[01;31m[K]8;;https://gcc.gnu.org/onlinedocs/gcc/Warning-Options.html#index-fpermissive-fpermissive]8;;[m[K]
  182 |   uint64_t nowUs() const { return [01;31m[Kthis->get_clock()->now()[m[K.nanoseconds()/1000ULL; }
      |                                   [01;31m[K~~~~~~~~~~~~~~~~~~~~~~^~[m[K
In file included from [01m[K/opt/ros/humble/include/rclcpp/rclcpp/timer.hpp:27[m[K,
                 from [01m[K/opt/ros/humble/include/rclcpp/rclcpp/callback_group.hpp:30[m[K,
                 from [01m[K/opt/ros/humble/include/rclcpp/rclcpp/any_executable.hpp:20[m[K,
                 from [01m[K/opt/ros/humble/include/rclcpp/rclcpp/memory_strategy.hpp:25[m[K,
                 from [01m[K/opt/ros/humble/include/rclcpp/rclcpp/memory_strategies.hpp:18[m[K,
                 from [01m[K/opt/ros/humble/include/rclcpp/rclcpp/executor_options.hpp:20[m[K,
                 from [01m[K/opt/ros/humble/include/rclcpp/rclcpp/executor.hpp:37[m[K,
                 from [01m[K/opt/ros/humble/include/rclcpp/rclcpp/executors/multi_threaded_executor.hpp:25[m[K,
                 from [01m[K/opt/ros/humble/include/rclcpp/rclcpp/executors.hpp:21[m[K,
                 from [01m[K/opt/ros/humble/include/rclcpp/rclcpp/rclcpp.hpp:155[m[K,
                 from [01m[K/home/ihw/workspace/AutonomousVehiclePlatform/ws_px4_control/src/px4_ros_com/src/examples/offboard/gimbal_target_publisher.cpp:5[m[K:
[01m[K/opt/ros/humble/include/rclcpp/rclcpp/clock.hpp:87:3:[m[K [01;36m[Knote: [m[K  in call to ‘[01m[Krclcpp::Time rclcpp::Clock::now()[m[K’
   87 |   [01;36m[Know[m[K();
      |   [01;36m[K^~~[m[K
gmake[2]: *** [CMakeFiles/gimbal_target_publisher.dir/build.make:76: CMakeFiles/gimbal_target_publisher.dir/src/examples/offboard/gimbal_target_publisher.cpp.o] Error 1
gmake[1]: *** [CMakeFiles/Makefile2:361: CMakeFiles/gimbal_target_publisher.dir/all] Error 2
gmake: *** [Makefile:146: all] Error 2
