-- Found ament_cmake: 1.3.11 (/opt/ros/humble/share/ament_cmake/cmake)
-- Override CMake install command with custom implementation using symlinks instead of copying resources
-- Found rclcpp: 16.0.12 (/opt/ros/humble/share/rclcpp/cmake)
-- Found rosidl_generator_c: 3.1.6 (/opt/ros/humble/share/rosidl_generator_c/cmake)
-- Found rosidl_adapter: 3.1.6 (/opt/ros/humble/share/rosidl_adapter/cmake)
-- Found rosidl_generator_cpp: 3.1.6 (/opt/ros/humble/share/rosidl_generator_cpp/cmake)
-- Using all available rosidl_typesupport_c: rosidl_typesupport_fastrtps_c;rosidl_typesupport_introspection_c
-- Using all available rosidl_typesupport_cpp: rosidl_typesupport_fastrtps_cpp;rosidl_typesupport_introspection_cpp
-- Found rmw_implementation_cmake: 6.1.2 (/opt/ros/humble/share/rmw_implementation_cmake/cmake)
-- Found rmw_fastrtps_cpp: 6.2.7 (/opt/ros/humble/share/rmw_fastrtps_cpp/cmake)
-- Using RMW implementation 'rmw_fastrtps_cpp' as default
-- Found sensor_msgs: 4.8.0 (/opt/ros/humble/share/sensor_msgs/cmake)
-- Found tf2: 0.25.12 (/opt/ros/humble/share/tf2/cmake)
-- Found tf2_geometry_msgs: 0.25.12 (/opt/ros/humble/share/tf2_geometry_msgs/cmake)
-- Found eigen3_cmake_module: 0.1.1 (/opt/ros/humble/share/eigen3_cmake_module/cmake)
-- Ensuring Eigen3 include directory is part of orocos-kdl CMake target
-- Found visualization_msgs: 4.8.0 (/opt/ros/humble/share/visualization_msgs/cmake)
-- Found nav_msgs: 4.8.0 (/opt/ros/humble/share/nav_msgs/cmake)
-- Configuring done
-- Generating done
-- Build files have been written to: /home/ihw/workspace/AutonomousVehiclePlatform/ws_ugv_control/build/ugv_controller
[35m[1mConsolidate compiler generated dependencies of target path_follower_node[0m
[ 50%] [32mBuilding CXX object CMakeFiles/path_follower_node.dir/src/path_follower_node.cpp.o[0m
[100%] [32m[1mLinking CXX executable path_follower_node[0m
[100%] Built target path_follower_node
-- Install configuration: "Release"
-- Execute custom install script
-- Up-to-date symlink: /home/ihw/workspace/AutonomousVehiclePlatform/ws_ugv_control/install/ugv_controller/lib/ugv_controller/path_follower_node
-- Up-to-date symlink: /home/ihw/workspace/AutonomousVehiclePlatform/ws_ugv_control/install/ugv_controller/share/ugv_controller/launch/path_follower.launch.py
-- Up-to-date symlink: /home/ihw/workspace/AutonomousVehiclePlatform/ws_ugv_control/install/ugv_controller/share/ament_index/resource_index/package_run_dependencies/ugv_controller
-- Up-to-date symlink: /home/ihw/workspace/AutonomousVehiclePlatform/ws_ugv_control/install/ugv_controller/share/ament_index/resource_index/parent_prefix_path/ugv_controller
-- Up-to-date symlink: /home/ihw/workspace/AutonomousVehiclePlatform/ws_ugv_control/install/ugv_controller/share/ugv_controller/environment/ament_prefix_path.sh
-- Up-to-date symlink: /home/ihw/workspace/AutonomousVehiclePlatform/ws_ugv_control/install/ugv_controller/share/ugv_controller/environment/ament_prefix_path.dsv
-- Up-to-date symlink: /home/ihw/workspace/AutonomousVehiclePlatform/ws_ugv_control/install/ugv_controller/share/ugv_controller/environment/path.sh
-- Up-to-date symlink: /home/ihw/workspace/AutonomousVehiclePlatform/ws_ugv_control/install/ugv_controller/share/ugv_controller/environment/path.dsv
-- Up-to-date symlink: /home/ihw/workspace/AutonomousVehiclePlatform/ws_ugv_control/install/ugv_controller/share/ugv_controller/local_setup.bash
-- Up-to-date symlink: /home/ihw/workspace/AutonomousVehiclePlatform/ws_ugv_control/install/ugv_controller/share/ugv_controller/local_setup.sh
-- Up-to-date symlink: /home/ihw/workspace/AutonomousVehiclePlatform/ws_ugv_control/install/ugv_controller/share/ugv_controller/local_setup.zsh
-- Up-to-date symlink: /home/ihw/workspace/AutonomousVehiclePlatform/ws_ugv_control/install/ugv_controller/share/ugv_controller/local_setup.dsv
-- Symlinking: /home/ihw/workspace/AutonomousVehiclePlatform/ws_ugv_control/install/ugv_controller/share/ugv_controller/package.dsv
-- Up-to-date symlink: /home/ihw/workspace/AutonomousVehiclePlatform/ws_ugv_control/install/ugv_controller/share/ament_index/resource_index/packages/ugv_controller
-- Up-to-date symlink: /home/ihw/workspace/AutonomousVehiclePlatform/ws_ugv_control/install/ugv_controller/share/ugv_controller/cmake/ugv_controllerConfig.cmake
-- Up-to-date symlink: /home/ihw/workspace/AutonomousVehiclePlatform/ws_ugv_control/install/ugv_controller/share/ugv_controller/cmake/ugv_controllerConfig-version.cmake
-- Up-to-date symlink: /home/ihw/workspace/AutonomousVehiclePlatform/ws_ugv_control/install/ugv_controller/share/ugv_controller/package.xml
