[0.038s] Invoking command in '/home/ihw/workspace/AutonomousVehiclePlatform/ws_ugv_control/build/ugv_controller': CMAKE_PREFIX_PATH=${CMAKE_PREFIX_PATH}:/home/ihw/workspace/kai_2025/install/yolo_ros:/home/ihw/workspace/kai_2025/install/simple_slam:/home/ihw/workspace/kai_2025/install/ros2_camera_lidar_fusion:/home/ihw/workspace/kai_2025/install/ouster_ros:/home/ihw/workspace/kai_2025/install/hungarian_association:/opt/ros/humble /usr/bin/cmake --build /home/ihw/workspace/AutonomousVehiclePlatform/ws_ugv_control/build/ugv_controller -- -j16 -l16
[0.125s] -- Found ament_cmake: 1.3.11 (/opt/ros/humble/share/ament_cmake/cmake)
[0.542s] -- Override CMake install command with custom implementation using symlinks instead of copying resources
[0.568s] -- Found rclcpp: 16.0.12 (/opt/ros/humble/share/rclcpp/cmake)
[0.658s] -- Found rosidl_generator_c: 3.1.6 (/opt/ros/humble/share/rosidl_generator_c/cmake)
[0.665s] -- Found rosidl_adapter: 3.1.6 (/opt/ros/humble/share/rosidl_adapter/cmake)
[0.680s] -- Found rosidl_generator_cpp: 3.1.6 (/opt/ros/humble/share/rosidl_generator_cpp/cmake)
[0.709s] -- Using all available rosidl_typesupport_c: rosidl_typesupport_fastrtps_c;rosidl_typesupport_introspection_c
[0.748s] -- Using all available rosidl_typesupport_cpp: rosidl_typesupport_fastrtps_cpp;rosidl_typesupport_introspection_cpp
[0.840s] -- Found rmw_implementation_cmake: 6.1.2 (/opt/ros/humble/share/rmw_implementation_cmake/cmake)
[0.846s] -- Found rmw_fastrtps_cpp: 6.2.7 (/opt/ros/humble/share/rmw_fastrtps_cpp/cmake)
[1.274s] -- Using RMW implementation 'rmw_fastrtps_cpp' as default
[1.449s] -- Found sensor_msgs: 4.8.0 (/opt/ros/humble/share/sensor_msgs/cmake)
[1.527s] -- Found tf2: 0.25.12 (/opt/ros/humble/share/tf2/cmake)
[1.543s] -- Found tf2_geometry_msgs: 0.25.12 (/opt/ros/humble/share/tf2_geometry_msgs/cmake)
[1.556s] -- Found eigen3_cmake_module: 0.1.1 (/opt/ros/humble/share/eigen3_cmake_module/cmake)
[1.560s] -- Ensuring Eigen3 include directory is part of orocos-kdl CMake target
[1.877s] -- Found visualization_msgs: 4.8.0 (/opt/ros/humble/share/visualization_msgs/cmake)
[1.947s] -- Found nav_msgs: 4.8.0 (/opt/ros/humble/share/nav_msgs/cmake)
[2.202s] -- Configuring done
[2.243s] -- Generating done
[2.262s] -- Build files have been written to: /home/ihw/workspace/AutonomousVehiclePlatform/ws_ugv_control/build/ugv_controller
[2.336s] [35m[1mConsolidate compiler generated dependencies of target path_follower_node[0m
[2.394s] [ 50%] [32mBuilding CXX object CMakeFiles/path_follower_node.dir/src/path_follower_node.cpp.o[0m
[32.091s] [100%] [32m[1mLinking CXX executable path_follower_node[0m
[32.330s] [100%] Built target path_follower_node
[32.341s] Invoked command in '/home/ihw/workspace/AutonomousVehiclePlatform/ws_ugv_control/build/ugv_controller' returned '0': CMAKE_PREFIX_PATH=${CMAKE_PREFIX_PATH}:/home/ihw/workspace/kai_2025/install/yolo_ros:/home/ihw/workspace/kai_2025/install/simple_slam:/home/ihw/workspace/kai_2025/install/ros2_camera_lidar_fusion:/home/ihw/workspace/kai_2025/install/ouster_ros:/home/ihw/workspace/kai_2025/install/hungarian_association:/opt/ros/humble /usr/bin/cmake --build /home/ihw/workspace/AutonomousVehiclePlatform/ws_ugv_control/build/ugv_controller -- -j16 -l16
[32.351s] Invoking command in '/home/ihw/workspace/AutonomousVehiclePlatform/ws_ugv_control/build/ugv_controller': CMAKE_PREFIX_PATH=${CMAKE_PREFIX_PATH}:/home/ihw/workspace/kai_2025/install/yolo_ros:/home/ihw/workspace/kai_2025/install/simple_slam:/home/ihw/workspace/kai_2025/install/ros2_camera_lidar_fusion:/home/ihw/workspace/kai_2025/install/ouster_ros:/home/ihw/workspace/kai_2025/install/hungarian_association:/opt/ros/humble /usr/bin/cmake --install /home/ihw/workspace/AutonomousVehiclePlatform/ws_ugv_control/build/ugv_controller
[32.358s] -- Install configuration: "Release"
[32.358s] -- Execute custom install script
[32.359s] -- Up-to-date symlink: /home/ihw/workspace/AutonomousVehiclePlatform/ws_ugv_control/install/ugv_controller/lib/ugv_controller/path_follower_node
[32.359s] -- Up-to-date symlink: /home/ihw/workspace/AutonomousVehiclePlatform/ws_ugv_control/install/ugv_controller/share/ugv_controller/launch/path_follower.launch.py
[32.359s] -- Up-to-date symlink: /home/ihw/workspace/AutonomousVehiclePlatform/ws_ugv_control/install/ugv_controller/share/ament_index/resource_index/package_run_dependencies/ugv_controller
[32.359s] -- Up-to-date symlink: /home/ihw/workspace/AutonomousVehiclePlatform/ws_ugv_control/install/ugv_controller/share/ament_index/resource_index/parent_prefix_path/ugv_controller
[32.359s] -- Up-to-date symlink: /home/ihw/workspace/AutonomousVehiclePlatform/ws_ugv_control/install/ugv_controller/share/ugv_controller/environment/ament_prefix_path.sh
[32.359s] -- Up-to-date symlink: /home/ihw/workspace/AutonomousVehiclePlatform/ws_ugv_control/install/ugv_controller/share/ugv_controller/environment/ament_prefix_path.dsv
[32.359s] -- Up-to-date symlink: /home/ihw/workspace/AutonomousVehiclePlatform/ws_ugv_control/install/ugv_controller/share/ugv_controller/environment/path.sh
[32.359s] -- Up-to-date symlink: /home/ihw/workspace/AutonomousVehiclePlatform/ws_ugv_control/install/ugv_controller/share/ugv_controller/environment/path.dsv
[32.359s] -- Up-to-date symlink: /home/ihw/workspace/AutonomousVehiclePlatform/ws_ugv_control/install/ugv_controller/share/ugv_controller/local_setup.bash
[32.360s] -- Up-to-date symlink: /home/ihw/workspace/AutonomousVehiclePlatform/ws_ugv_control/install/ugv_controller/share/ugv_controller/local_setup.sh
[32.360s] -- Up-to-date symlink: /home/ihw/workspace/AutonomousVehiclePlatform/ws_ugv_control/install/ugv_controller/share/ugv_controller/local_setup.zsh
[32.360s] -- Up-to-date symlink: /home/ihw/workspace/AutonomousVehiclePlatform/ws_ugv_control/install/ugv_controller/share/ugv_controller/local_setup.dsv
[32.360s] -- Symlinking: /home/ihw/workspace/AutonomousVehiclePlatform/ws_ugv_control/install/ugv_controller/share/ugv_controller/package.dsv
[32.369s] -- Up-to-date symlink: /home/ihw/workspace/AutonomousVehiclePlatform/ws_ugv_control/install/ugv_controller/share/ament_index/resource_index/packages/ugv_controller
[32.369s] -- Up-to-date symlink: /home/ihw/workspace/AutonomousVehiclePlatform/ws_ugv_control/install/ugv_controller/share/ugv_controller/cmake/ugv_controllerConfig.cmake
[32.369s] -- Up-to-date symlink: /home/ihw/workspace/AutonomousVehiclePlatform/ws_ugv_control/install/ugv_controller/share/ugv_controller/cmake/ugv_controllerConfig-version.cmake
[32.369s] -- Up-to-date symlink: /home/ihw/workspace/AutonomousVehiclePlatform/ws_ugv_control/install/ugv_controller/share/ugv_controller/package.xml
[32.371s] Invoked command in '/home/ihw/workspace/AutonomousVehiclePlatform/ws_ugv_control/build/ugv_controller' returned '0': CMAKE_PREFIX_PATH=${CMAKE_PREFIX_PATH}:/home/ihw/workspace/kai_2025/install/yolo_ros:/home/ihw/workspace/kai_2025/install/simple_slam:/home/ihw/workspace/kai_2025/install/ros2_camera_lidar_fusion:/home/ihw/workspace/kai_2025/install/ouster_ros:/home/ihw/workspace/kai_2025/install/hungarian_association:/opt/ros/humble /usr/bin/cmake --install /home/ihw/workspace/AutonomousVehiclePlatform/ws_ugv_control/build/ugv_controller
