[0.068s] DEBUG:colcon:Command line arguments: ['/usr/bin/colcon', 'build', '--symlink-install', '--cmake-args', '-DCMAKE_BUILD_TYPE=Release']
[0.068s] DEBUG:colcon:Parsed command line arguments: Namespace(log_base=None, log_level=None, verb_name='build', build_base='build', install_base='install', merge_install=False, symlink_install=True, test_result_base=None, continue_on_error=False, executor='parallel', parallel_workers=16, event_handlers=None, ignore_user_meta=False, metas=['./colcon.meta'], base_paths=['.'], packages_ignore=None, packages_ignore_regex=None, paths=None, packages_up_to=None, packages_up_to_regex=None, packages_above=None, packages_above_and_dependencies=None, packages_above_depth=None, packages_select_by_dep=None, packages_skip_by_dep=None, packages_skip_up_to=None, packages_select_build_failed=False, packages_skip_build_finished=False, packages_select_test_failures=False, packages_skip_test_passed=False, packages_select=None, packages_skip=None, packages_select_regex=None, packages_skip_regex=None, packages_start=None, packages_end=None, allow_overriding=[], cmake_args=['-DCMAKE_BUILD_TYPE=Release'], cmake_target=None, cmake_target_skip_unavailable=False, cmake_clean_cache=False, cmake_clean_first=False, cmake_force_configure=False, ament_cmake_args=None, catkin_cmake_args=None, catkin_skip_building_tests=False, verb_parser=<colcon_defaults.argument_parser.defaults.DefaultArgumentsDecorator object at 0x7049bf143910>, verb_extension=<colcon_core.verb.build.BuildVerb object at 0x7049bf3dd360>, main=<bound method BuildVerb.main of <colcon_core.verb.build.BuildVerb object at 0x7049bf3dd360>>)
[0.177s] Level 1:colcon.colcon_core.package_discovery:discover_packages(colcon_meta) check parameters
[0.177s] Level 1:colcon.colcon_core.package_discovery:discover_packages(recursive) check parameters
[0.177s] Level 1:colcon.colcon_core.package_discovery:discover_packages(ignore) check parameters
[0.177s] Level 1:colcon.colcon_core.package_discovery:discover_packages(path) check parameters
[0.177s] Level 1:colcon.colcon_core.package_discovery:discover_packages(colcon_meta) discover
[0.177s] Level 1:colcon.colcon_core.package_discovery:discover_packages(recursive) discover
[0.177s] INFO:colcon.colcon_core.package_discovery:Crawling recursively for packages in '/home/ihw/workspace/AutonomousVehiclePlatform/ws_px4_control'
[0.177s] Level 1:colcon.colcon_core.package_identification:_identify(.) by extensions ['ignore', 'ignore_ament_install']
[0.178s] Level 1:colcon.colcon_core.package_identification:_identify(.) by extension 'ignore'
[0.178s] Level 1:colcon.colcon_core.package_identification:_identify(.) by extension 'ignore_ament_install'
[0.178s] Level 1:colcon.colcon_core.package_identification:_identify(.) by extensions ['colcon_pkg']
[0.178s] Level 1:colcon.colcon_core.package_identification:_identify(.) by extension 'colcon_pkg'
[0.178s] Level 1:colcon.colcon_core.package_identification:_identify(.) by extensions ['colcon_meta']
[0.178s] Level 1:colcon.colcon_core.package_identification:_identify(.) by extension 'colcon_meta'
[0.178s] Level 1:colcon.colcon_core.package_identification:_identify(.) by extensions ['ros']
[0.178s] Level 1:colcon.colcon_core.package_identification:_identify(.) by extension 'ros'
[0.185s] Level 1:colcon.colcon_core.package_identification:_identify(.) by extensions ['cmake', 'python']
[0.185s] Level 1:colcon.colcon_core.package_identification:_identify(.) by extension 'cmake'
[0.185s] Level 1:colcon.colcon_core.package_identification:_identify(.) by extension 'python'
[0.185s] Level 1:colcon.colcon_core.package_identification:_identify(.) by extensions ['python_setup_py']
[0.185s] Level 1:colcon.colcon_core.package_identification:_identify(.) by extension 'python_setup_py'
[0.185s] Level 1:colcon.colcon_core.package_identification:_identify(build) by extensions ['ignore', 'ignore_ament_install']
[0.185s] Level 1:colcon.colcon_core.package_identification:_identify(build) by extension 'ignore'
[0.185s] Level 1:colcon.colcon_core.package_identification:_identify(build) ignored
[0.185s] Level 1:colcon.colcon_core.package_identification:_identify(install) by extensions ['ignore', 'ignore_ament_install']
[0.185s] Level 1:colcon.colcon_core.package_identification:_identify(install) by extension 'ignore'
[0.185s] Level 1:colcon.colcon_core.package_identification:_identify(install) ignored
[0.185s] Level 1:colcon.colcon_core.package_identification:_identify(log) by extensions ['ignore', 'ignore_ament_install']
[0.185s] Level 1:colcon.colcon_core.package_identification:_identify(log) by extension 'ignore'
[0.186s] Level 1:colcon.colcon_core.package_identification:_identify(log) ignored
[0.186s] Level 1:colcon.colcon_core.package_identification:_identify(src) by extensions ['ignore', 'ignore_ament_install']
[0.186s] Level 1:colcon.colcon_core.package_identification:_identify(src) by extension 'ignore'
[0.186s] Level 1:colcon.colcon_core.package_identification:_identify(src) by extension 'ignore_ament_install'
[0.186s] Level 1:colcon.colcon_core.package_identification:_identify(src) by extensions ['colcon_pkg']
[0.186s] Level 1:colcon.colcon_core.package_identification:_identify(src) by extension 'colcon_pkg'
[0.186s] Level 1:colcon.colcon_core.package_identification:_identify(src) by extensions ['colcon_meta']
[0.186s] Level 1:colcon.colcon_core.package_identification:_identify(src) by extension 'colcon_meta'
[0.186s] Level 1:colcon.colcon_core.package_identification:_identify(src) by extensions ['ros']
[0.186s] Level 1:colcon.colcon_core.package_identification:_identify(src) by extension 'ros'
[0.186s] Level 1:colcon.colcon_core.package_identification:_identify(src) by extensions ['cmake', 'python']
[0.186s] Level 1:colcon.colcon_core.package_identification:_identify(src) by extension 'cmake'
[0.186s] Level 1:colcon.colcon_core.package_identification:_identify(src) by extension 'python'
[0.186s] Level 1:colcon.colcon_core.package_identification:_identify(src) by extensions ['python_setup_py']
[0.186s] Level 1:colcon.colcon_core.package_identification:_identify(src) by extension 'python_setup_py'
[0.186s] Level 1:colcon.colcon_core.package_identification:_identify(src/ofb_ctrl) by extensions ['ignore', 'ignore_ament_install']
[0.186s] Level 1:colcon.colcon_core.package_identification:_identify(src/ofb_ctrl) by extension 'ignore'
[0.186s] Level 1:colcon.colcon_core.package_identification:_identify(src/ofb_ctrl) by extension 'ignore_ament_install'
[0.186s] Level 1:colcon.colcon_core.package_identification:_identify(src/ofb_ctrl) by extensions ['colcon_pkg']
[0.186s] Level 1:colcon.colcon_core.package_identification:_identify(src/ofb_ctrl) by extension 'colcon_pkg'
[0.186s] Level 1:colcon.colcon_core.package_identification:_identify(src/ofb_ctrl) by extensions ['colcon_meta']
[0.186s] Level 1:colcon.colcon_core.package_identification:_identify(src/ofb_ctrl) by extension 'colcon_meta'
[0.186s] Level 1:colcon.colcon_core.package_identification:_identify(src/ofb_ctrl) by extensions ['ros']
[0.186s] Level 1:colcon.colcon_core.package_identification:_identify(src/ofb_ctrl) by extension 'ros'
[0.194s] DEBUG:colcon.colcon_core.package_identification:Package 'src/ofb_ctrl' with type 'ros.ament_python' and name 'ofb_ctrl'
[0.194s] Level 1:colcon.colcon_core.package_identification:_identify(src/px4_msgs) by extensions ['ignore', 'ignore_ament_install']
[0.194s] Level 1:colcon.colcon_core.package_identification:_identify(src/px4_msgs) by extension 'ignore'
[0.194s] Level 1:colcon.colcon_core.package_identification:_identify(src/px4_msgs) by extension 'ignore_ament_install'
[0.194s] Level 1:colcon.colcon_core.package_identification:_identify(src/px4_msgs) by extensions ['colcon_pkg']
[0.194s] Level 1:colcon.colcon_core.package_identification:_identify(src/px4_msgs) by extension 'colcon_pkg'
[0.194s] Level 1:colcon.colcon_core.package_identification:_identify(src/px4_msgs) by extensions ['colcon_meta']
[0.194s] Level 1:colcon.colcon_core.package_identification:_identify(src/px4_msgs) by extension 'colcon_meta'
[0.194s] Level 1:colcon.colcon_core.package_identification:_identify(src/px4_msgs) by extensions ['ros']
[0.194s] Level 1:colcon.colcon_core.package_identification:_identify(src/px4_msgs) by extension 'ros'
[0.195s] DEBUG:colcon.colcon_core.package_identification:Package 'src/px4_msgs' with type 'ros.ament_cmake' and name 'px4_msgs'
[0.195s] Level 1:colcon.colcon_core.package_identification:_identify(src/px4_ros_com) by extensions ['ignore', 'ignore_ament_install']
[0.195s] Level 1:colcon.colcon_core.package_identification:_identify(src/px4_ros_com) by extension 'ignore'
[0.195s] Level 1:colcon.colcon_core.package_identification:_identify(src/px4_ros_com) by extension 'ignore_ament_install'
[0.195s] Level 1:colcon.colcon_core.package_identification:_identify(src/px4_ros_com) by extensions ['colcon_pkg']
[0.195s] Level 1:colcon.colcon_core.package_identification:_identify(src/px4_ros_com) by extension 'colcon_pkg'
[0.195s] Level 1:colcon.colcon_core.package_identification:_identify(src/px4_ros_com) by extensions ['colcon_meta']
[0.195s] Level 1:colcon.colcon_core.package_identification:_identify(src/px4_ros_com) by extension 'colcon_meta'
[0.195s] Level 1:colcon.colcon_core.package_identification:_identify(src/px4_ros_com) by extensions ['ros']
[0.195s] Level 1:colcon.colcon_core.package_identification:_identify(src/px4_ros_com) by extension 'ros'
[0.196s] DEBUG:colcon.colcon_core.package_identification:Package 'src/px4_ros_com' with type 'ros.ament_cmake' and name 'px4_ros_com'
[0.196s] Level 1:colcon.colcon_core.package_discovery:discover_packages(recursive) using defaults
[0.196s] Level 1:colcon.colcon_core.package_discovery:discover_packages(ignore) discover
[0.196s] Level 1:colcon.colcon_core.package_discovery:discover_packages(ignore) using defaults
[0.196s] Level 1:colcon.colcon_core.package_discovery:discover_packages(path) discover
[0.196s] Level 1:colcon.colcon_core.package_discovery:discover_packages(path) using defaults
[0.210s] Level 1:colcon.colcon_core.package_discovery:discover_packages(prefix_path) check parameters
[0.210s] Level 1:colcon.colcon_core.package_discovery:discover_packages(prefix_path) discover
[0.212s] DEBUG:colcon.colcon_installed_package_information.package_discovery:Found 20 installed packages in /home/ihw/workspace/kai_2025/install
[0.213s] DEBUG:colcon.colcon_installed_package_information.package_discovery:Found 292 installed packages in /opt/ros/humble
[0.214s] Level 1:colcon.colcon_core.package_discovery:discover_packages(prefix_path) using defaults
[0.237s] Level 5:colcon.colcon_core.verb:set package 'ofb_ctrl' build argument 'cmake_args' from command line to '['-DCMAKE_BUILD_TYPE=Release']'
[0.237s] Level 5:colcon.colcon_core.verb:set package 'ofb_ctrl' build argument 'cmake_target' from command line to 'None'
[0.237s] Level 5:colcon.colcon_core.verb:set package 'ofb_ctrl' build argument 'cmake_target_skip_unavailable' from command line to 'False'
[0.237s] Level 5:colcon.colcon_core.verb:set package 'ofb_ctrl' build argument 'cmake_clean_cache' from command line to 'False'
[0.237s] Level 5:colcon.colcon_core.verb:set package 'ofb_ctrl' build argument 'cmake_clean_first' from command line to 'False'
[0.237s] Level 5:colcon.colcon_core.verb:set package 'ofb_ctrl' build argument 'cmake_force_configure' from command line to 'False'
[0.237s] Level 5:colcon.colcon_core.verb:set package 'ofb_ctrl' build argument 'ament_cmake_args' from command line to 'None'
[0.237s] Level 5:colcon.colcon_core.verb:set package 'ofb_ctrl' build argument 'catkin_cmake_args' from command line to 'None'
[0.237s] Level 5:colcon.colcon_core.verb:set package 'ofb_ctrl' build argument 'catkin_skip_building_tests' from command line to 'False'
[0.237s] DEBUG:colcon.colcon_core.verb:Building package 'ofb_ctrl' with the following arguments: {'ament_cmake_args': None, 'build_base': '/home/ihw/workspace/AutonomousVehiclePlatform/ws_px4_control/build/ofb_ctrl', 'catkin_cmake_args': None, 'catkin_skip_building_tests': False, 'cmake_args': ['-DCMAKE_BUILD_TYPE=Release'], 'cmake_clean_cache': False, 'cmake_clean_first': False, 'cmake_force_configure': False, 'cmake_target': None, 'cmake_target_skip_unavailable': False, 'install_base': '/home/ihw/workspace/AutonomousVehiclePlatform/ws_px4_control/install/ofb_ctrl', 'merge_install': False, 'path': '/home/ihw/workspace/AutonomousVehiclePlatform/ws_px4_control/src/ofb_ctrl', 'symlink_install': True, 'test_result_base': None}
[0.238s] Level 5:colcon.colcon_core.verb:set package 'px4_msgs' build argument 'cmake_args' from command line to '['-DCMAKE_BUILD_TYPE=Release']'
[0.238s] Level 5:colcon.colcon_core.verb:set package 'px4_msgs' build argument 'cmake_target' from command line to 'None'
[0.238s] Level 5:colcon.colcon_core.verb:set package 'px4_msgs' build argument 'cmake_target_skip_unavailable' from command line to 'False'
[0.238s] Level 5:colcon.colcon_core.verb:set package 'px4_msgs' build argument 'cmake_clean_cache' from command line to 'False'
[0.238s] Level 5:colcon.colcon_core.verb:set package 'px4_msgs' build argument 'cmake_clean_first' from command line to 'False'
[0.238s] Level 5:colcon.colcon_core.verb:set package 'px4_msgs' build argument 'cmake_force_configure' from command line to 'False'
[0.238s] Level 5:colcon.colcon_core.verb:set package 'px4_msgs' build argument 'ament_cmake_args' from command line to 'None'
[0.238s] Level 5:colcon.colcon_core.verb:set package 'px4_msgs' build argument 'catkin_cmake_args' from command line to 'None'
[0.238s] Level 5:colcon.colcon_core.verb:set package 'px4_msgs' build argument 'catkin_skip_building_tests' from command line to 'False'
[0.238s] DEBUG:colcon.colcon_core.verb:Building package 'px4_msgs' with the following arguments: {'ament_cmake_args': None, 'build_base': '/home/ihw/workspace/AutonomousVehiclePlatform/ws_px4_control/build/px4_msgs', 'catkin_cmake_args': None, 'catkin_skip_building_tests': False, 'cmake_args': ['-DCMAKE_BUILD_TYPE=Release'], 'cmake_clean_cache': False, 'cmake_clean_first': False, 'cmake_force_configure': False, 'cmake_target': None, 'cmake_target_skip_unavailable': False, 'install_base': '/home/ihw/workspace/AutonomousVehiclePlatform/ws_px4_control/install/px4_msgs', 'merge_install': False, 'path': '/home/ihw/workspace/AutonomousVehiclePlatform/ws_px4_control/src/px4_msgs', 'symlink_install': True, 'test_result_base': None}
[0.238s] Level 5:colcon.colcon_core.verb:set package 'px4_ros_com' build argument 'cmake_args' from command line to '['-DCMAKE_BUILD_TYPE=Release']'
[0.238s] Level 5:colcon.colcon_core.verb:set package 'px4_ros_com' build argument 'cmake_target' from command line to 'None'
[0.238s] Level 5:colcon.colcon_core.verb:set package 'px4_ros_com' build argument 'cmake_target_skip_unavailable' from command line to 'False'
[0.238s] Level 5:colcon.colcon_core.verb:set package 'px4_ros_com' build argument 'cmake_clean_cache' from command line to 'False'
[0.238s] Level 5:colcon.colcon_core.verb:set package 'px4_ros_com' build argument 'cmake_clean_first' from command line to 'False'
[0.238s] Level 5:colcon.colcon_core.verb:set package 'px4_ros_com' build argument 'cmake_force_configure' from command line to 'False'
[0.238s] Level 5:colcon.colcon_core.verb:set package 'px4_ros_com' build argument 'ament_cmake_args' from command line to 'None'
[0.238s] Level 5:colcon.colcon_core.verb:set package 'px4_ros_com' build argument 'catkin_cmake_args' from command line to 'None'
[0.238s] Level 5:colcon.colcon_core.verb:set package 'px4_ros_com' build argument 'catkin_skip_building_tests' from command line to 'False'
[0.238s] DEBUG:colcon.colcon_core.verb:Building package 'px4_ros_com' with the following arguments: {'ament_cmake_args': None, 'build_base': '/home/ihw/workspace/AutonomousVehiclePlatform/ws_px4_control/build/px4_ros_com', 'catkin_cmake_args': None, 'catkin_skip_building_tests': False, 'cmake_args': ['-DCMAKE_BUILD_TYPE=Release'], 'cmake_clean_cache': False, 'cmake_clean_first': False, 'cmake_force_configure': False, 'cmake_target': None, 'cmake_target_skip_unavailable': False, 'install_base': '/home/ihw/workspace/AutonomousVehiclePlatform/ws_px4_control/install/px4_ros_com', 'merge_install': False, 'path': '/home/ihw/workspace/AutonomousVehiclePlatform/ws_px4_control/src/px4_ros_com', 'symlink_install': True, 'test_result_base': None}
[0.238s] INFO:colcon.colcon_core.executor:Executing jobs using 'parallel' executor
[0.239s] DEBUG:colcon.colcon_parallel_executor.executor.parallel:run_until_complete
[0.239s] INFO:colcon.colcon_ros.task.ament_cmake.build:Building ROS package in '/home/ihw/workspace/AutonomousVehiclePlatform/ws_px4_control/src/px4_msgs' with build type 'ament_cmake'
[0.239s] INFO:colcon.colcon_cmake.task.cmake.build:Building CMake package in '/home/ihw/workspace/AutonomousVehiclePlatform/ws_px4_control/src/px4_msgs'
[0.241s] INFO:colcon.colcon_core.plugin_system:Skipping extension 'colcon_core.shell.bat': Not used on non-Windows systems
[0.241s] INFO:colcon.colcon_core.shell:Skip shell extension 'powershell' for command environment: Not usable outside of PowerShell
[0.241s] DEBUG:colcon.colcon_core.shell:Skip shell extension 'dsv' for command environment
[0.245s] INFO:colcon.colcon_ros.task.ament_python.build:Building ROS package in '/home/ihw/workspace/AutonomousVehiclePlatform/ws_px4_control/src/ofb_ctrl' with build type 'ament_python'
[0.245s] Level 1:colcon.colcon_core.shell:create_environment_hook('ofb_ctrl', 'ament_prefix_path')
[0.245s] INFO:colcon.colcon_core.shell:Creating environment hook '/home/ihw/workspace/AutonomousVehiclePlatform/ws_px4_control/install/ofb_ctrl/share/ofb_ctrl/hook/ament_prefix_path.ps1'
[0.246s] INFO:colcon.colcon_core.shell:Creating environment descriptor '/home/ihw/workspace/AutonomousVehiclePlatform/ws_px4_control/install/ofb_ctrl/share/ofb_ctrl/hook/ament_prefix_path.dsv'
[0.247s] INFO:colcon.colcon_core.shell:Creating environment hook '/home/ihw/workspace/AutonomousVehiclePlatform/ws_px4_control/install/ofb_ctrl/share/ofb_ctrl/hook/ament_prefix_path.sh'
[0.247s] INFO:colcon.colcon_core.shell:Skip shell extension 'powershell' for command environment: Not usable outside of PowerShell
[0.247s] DEBUG:colcon.colcon_core.shell:Skip shell extension 'dsv' for command environment
[0.253s] DEBUG:colcon.colcon_core.event_handler.log_command:Invoking command in '/home/ihw/workspace/AutonomousVehiclePlatform/ws_px4_control/build/px4_msgs': CMAKE_PREFIX_PATH=/home/ihw/workspace/kai_2025/install/yolo_bringup:/home/ihw/workspace/kai_2025/install/yolo_msgs:/home/ihw/workspace/kai_2025/install/usb_cam:/home/ihw/workspace/kai_2025/install/reference_path_classifier:/home/ihw/workspace/kai_2025/install/yolo_ros:/home/ihw/workspace/kai_2025/install/simple_slam:/home/ihw/workspace/kai_2025/install/ros2_camera_lidar_fusion_l:/home/ihw/workspace/kai_2025/install/ros2_camera_lidar_fusion_c:/home/ihw/workspace/kai_2025/install/ros2_camera_lidar_fusion:/home/ihw/workspace/kai_2025/install/hungarian_association:/opt/ros/humble:/home/ihw/workspace/kai_2025/install/pure_pursuit_controller:/home/ihw/workspace/kai_2025/install/ouster_ros:/home/ihw/workspace/kai_2025/install/ouster_sensor_msgs:/home/ihw/workspace/kai_2025/install/motion_track_controller:/home/ihw/workspace/kai_2025/install/gps_global_planner:/home/ihw/workspace/kai_2025/install/cones_ukf:/home/ihw/workspace/kai_2025/install/cones_no_color:/home/ihw/workspace/kai_2025/install/cone_detection:/home/ihw/workspace/kai_2025/install/custom_interface:/home/ihw/workspace/kai_2025/install/ackermann_msgs /usr/bin/cmake --build /home/ihw/workspace/AutonomousVehiclePlatform/ws_px4_control/build/px4_msgs -- -j16 -l16
[0.429s] INFO:colcon.colcon_core.task.python.build:Building Python package in '/home/ihw/workspace/AutonomousVehiclePlatform/ws_px4_control/src/ofb_ctrl'
[0.429s] INFO:colcon.colcon_core.shell:Skip shell extension 'powershell' for command environment: Not usable outside of PowerShell
[0.429s] DEBUG:colcon.colcon_core.shell:Skip shell extension 'dsv' for command environment
[0.710s] DEBUG:colcon.colcon_core.event_handler.log_command:Invoking command in '/home/ihw/workspace/AutonomousVehiclePlatform/ws_px4_control/build/ofb_ctrl': PYTHONPATH=/home/ihw/workspace/AutonomousVehiclePlatform/ws_px4_control/build/ofb_ctrl/prefix_override:/usr/lib/python3/dist-packages/colcon_core/task/python/colcon_distutils_commands:/home/ihw/workspace/AutonomousVehiclePlatform/ws_px4_control/install/ofb_ctrl/lib/python3.10/site-packages:${PYTHONPATH} /usr/bin/python3 -W ignore:setup.py install is deprecated -W ignore:easy_install command is deprecated setup.py develop --editable --build-directory /home/ihw/workspace/AutonomousVehiclePlatform/ws_px4_control/build/ofb_ctrl/build --no-deps symlink_data
[0.969s] DEBUG:colcon.colcon_core.event_handler.log_command:Invoked command in '/home/ihw/workspace/AutonomousVehiclePlatform/ws_px4_control/build/px4_msgs' returned '0': CMAKE_PREFIX_PATH=/home/ihw/workspace/kai_2025/install/yolo_bringup:/home/ihw/workspace/kai_2025/install/yolo_msgs:/home/ihw/workspace/kai_2025/install/usb_cam:/home/ihw/workspace/kai_2025/install/reference_path_classifier:/home/ihw/workspace/kai_2025/install/yolo_ros:/home/ihw/workspace/kai_2025/install/simple_slam:/home/ihw/workspace/kai_2025/install/ros2_camera_lidar_fusion_l:/home/ihw/workspace/kai_2025/install/ros2_camera_lidar_fusion_c:/home/ihw/workspace/kai_2025/install/ros2_camera_lidar_fusion:/home/ihw/workspace/kai_2025/install/hungarian_association:/opt/ros/humble:/home/ihw/workspace/kai_2025/install/pure_pursuit_controller:/home/ihw/workspace/kai_2025/install/ouster_ros:/home/ihw/workspace/kai_2025/install/ouster_sensor_msgs:/home/ihw/workspace/kai_2025/install/motion_track_controller:/home/ihw/workspace/kai_2025/install/gps_global_planner:/home/ihw/workspace/kai_2025/install/cones_ukf:/home/ihw/workspace/kai_2025/install/cones_no_color:/home/ihw/workspace/kai_2025/install/cone_detection:/home/ihw/workspace/kai_2025/install/custom_interface:/home/ihw/workspace/kai_2025/install/ackermann_msgs /usr/bin/cmake --build /home/ihw/workspace/AutonomousVehiclePlatform/ws_px4_control/build/px4_msgs -- -j16 -l16
[0.981s] DEBUG:colcon.colcon_core.event_handler.log_command:Invoking command in '/home/ihw/workspace/AutonomousVehiclePlatform/ws_px4_control/build/px4_msgs': CMAKE_PREFIX_PATH=/home/ihw/workspace/kai_2025/install/yolo_bringup:/home/ihw/workspace/kai_2025/install/yolo_msgs:/home/ihw/workspace/kai_2025/install/usb_cam:/home/ihw/workspace/kai_2025/install/reference_path_classifier:/home/ihw/workspace/kai_2025/install/yolo_ros:/home/ihw/workspace/kai_2025/install/simple_slam:/home/ihw/workspace/kai_2025/install/ros2_camera_lidar_fusion_l:/home/ihw/workspace/kai_2025/install/ros2_camera_lidar_fusion_c:/home/ihw/workspace/kai_2025/install/ros2_camera_lidar_fusion:/home/ihw/workspace/kai_2025/install/hungarian_association:/opt/ros/humble:/home/ihw/workspace/kai_2025/install/pure_pursuit_controller:/home/ihw/workspace/kai_2025/install/ouster_ros:/home/ihw/workspace/kai_2025/install/ouster_sensor_msgs:/home/ihw/workspace/kai_2025/install/motion_track_controller:/home/ihw/workspace/kai_2025/install/gps_global_planner:/home/ihw/workspace/kai_2025/install/cones_ukf:/home/ihw/workspace/kai_2025/install/cones_no_color:/home/ihw/workspace/kai_2025/install/cone_detection:/home/ihw/workspace/kai_2025/install/custom_interface:/home/ihw/workspace/kai_2025/install/ackermann_msgs /usr/bin/cmake --install /home/ihw/workspace/AutonomousVehiclePlatform/ws_px4_control/build/px4_msgs
[1.036s] Level 1:colcon.colcon_core.shell:create_environment_hook('ofb_ctrl', 'pythonpath_develop')
[1.036s] INFO:colcon.colcon_core.shell:Creating environment hook '/home/ihw/workspace/AutonomousVehiclePlatform/ws_px4_control/build/ofb_ctrl/share/ofb_ctrl/hook/pythonpath_develop.ps1'
[1.036s] DEBUG:colcon.colcon_core.event_handler.log_command:Invoked command in '/home/ihw/workspace/AutonomousVehiclePlatform/ws_px4_control/build/ofb_ctrl' returned '0': PYTHONPATH=/home/ihw/workspace/AutonomousVehiclePlatform/ws_px4_control/build/ofb_ctrl/prefix_override:/usr/lib/python3/dist-packages/colcon_core/task/python/colcon_distutils_commands:/home/ihw/workspace/AutonomousVehiclePlatform/ws_px4_control/install/ofb_ctrl/lib/python3.10/site-packages:${PYTHONPATH} /usr/bin/python3 -W ignore:setup.py install is deprecated -W ignore:easy_install command is deprecated setup.py develop --editable --build-directory /home/ihw/workspace/AutonomousVehiclePlatform/ws_px4_control/build/ofb_ctrl/build --no-deps symlink_data
[1.038s] INFO:colcon.colcon_core.shell:Creating environment descriptor '/home/ihw/workspace/AutonomousVehiclePlatform/ws_px4_control/build/ofb_ctrl/share/ofb_ctrl/hook/pythonpath_develop.dsv'
[1.038s] INFO:colcon.colcon_core.shell:Creating environment hook '/home/ihw/workspace/AutonomousVehiclePlatform/ws_px4_control/build/ofb_ctrl/share/ofb_ctrl/hook/pythonpath_develop.sh'
[1.042s] Level 1:colcon.colcon_core.environment:checking '/home/ihw/workspace/AutonomousVehiclePlatform/ws_px4_control/install/ofb_ctrl' for CMake module files
[1.043s] Level 1:colcon.colcon_core.environment:checking '/home/ihw/workspace/AutonomousVehiclePlatform/ws_px4_control/install/ofb_ctrl' for CMake config files
[1.044s] Level 1:colcon.colcon_core.environment:checking '/home/ihw/workspace/AutonomousVehiclePlatform/ws_px4_control/install/ofb_ctrl/lib'
[1.044s] Level 1:colcon.colcon_core.environment:checking '/home/ihw/workspace/AutonomousVehiclePlatform/ws_px4_control/install/ofb_ctrl/bin'
[1.044s] Level 1:colcon.colcon_core.environment:checking '/home/ihw/workspace/AutonomousVehiclePlatform/ws_px4_control/install/ofb_ctrl/lib/pkgconfig/ofb_ctrl.pc'
[1.045s] Level 1:colcon.colcon_core.environment:checking '/home/ihw/workspace/AutonomousVehiclePlatform/ws_px4_control/install/ofb_ctrl/lib/python3.10/site-packages'
[1.045s] Level 1:colcon.colcon_core.shell:create_environment_hook('ofb_ctrl', 'pythonpath')
[1.045s] INFO:colcon.colcon_core.shell:Creating environment hook '/home/ihw/workspace/AutonomousVehiclePlatform/ws_px4_control/install/ofb_ctrl/share/ofb_ctrl/hook/pythonpath.ps1'
[1.046s] INFO:colcon.colcon_core.shell:Creating environment descriptor '/home/ihw/workspace/AutonomousVehiclePlatform/ws_px4_control/install/ofb_ctrl/share/ofb_ctrl/hook/pythonpath.dsv'
[1.046s] INFO:colcon.colcon_core.shell:Creating environment hook '/home/ihw/workspace/AutonomousVehiclePlatform/ws_px4_control/install/ofb_ctrl/share/ofb_ctrl/hook/pythonpath.sh'
[1.047s] Level 1:colcon.colcon_core.environment:checking '/home/ihw/workspace/AutonomousVehiclePlatform/ws_px4_control/install/ofb_ctrl/bin'
[1.048s] Level 1:colcon.colcon_core.environment:create_environment_scripts_only(ofb_ctrl)
[1.048s] INFO:colcon.colcon_core.shell:Creating package script '/home/ihw/workspace/AutonomousVehiclePlatform/ws_px4_control/install/ofb_ctrl/share/ofb_ctrl/package.ps1'
[1.049s] INFO:colcon.colcon_core.shell:Creating package descriptor '/home/ihw/workspace/AutonomousVehiclePlatform/ws_px4_control/install/ofb_ctrl/share/ofb_ctrl/package.dsv'
[1.050s] INFO:colcon.colcon_core.shell:Creating package script '/home/ihw/workspace/AutonomousVehiclePlatform/ws_px4_control/install/ofb_ctrl/share/ofb_ctrl/package.sh'
[1.051s] INFO:colcon.colcon_core.shell:Creating package script '/home/ihw/workspace/AutonomousVehiclePlatform/ws_px4_control/install/ofb_ctrl/share/ofb_ctrl/package.bash'
[1.053s] INFO:colcon.colcon_core.shell:Creating package script '/home/ihw/workspace/AutonomousVehiclePlatform/ws_px4_control/install/ofb_ctrl/share/ofb_ctrl/package.zsh'
[1.053s] Level 1:colcon.colcon_core.environment:create_file_with_runtime_dependencies(/home/ihw/workspace/AutonomousVehiclePlatform/ws_px4_control/install/ofb_ctrl/share/colcon-core/packages/ofb_ctrl)
[1.441s] Level 1:colcon.colcon_core.environment:create_environment_scripts_only(px4_msgs)
[1.442s] Level 1:colcon.colcon_core.environment:checking '/home/ihw/workspace/AutonomousVehiclePlatform/ws_px4_control/install/px4_msgs' for CMake module files
[1.442s] DEBUG:colcon.colcon_core.event_handler.log_command:Invoked command in '/home/ihw/workspace/AutonomousVehiclePlatform/ws_px4_control/build/px4_msgs' returned '0': CMAKE_PREFIX_PATH=/home/ihw/workspace/kai_2025/install/yolo_bringup:/home/ihw/workspace/kai_2025/install/yolo_msgs:/home/ihw/workspace/kai_2025/install/usb_cam:/home/ihw/workspace/kai_2025/install/reference_path_classifier:/home/ihw/workspace/kai_2025/install/yolo_ros:/home/ihw/workspace/kai_2025/install/simple_slam:/home/ihw/workspace/kai_2025/install/ros2_camera_lidar_fusion_l:/home/ihw/workspace/kai_2025/install/ros2_camera_lidar_fusion_c:/home/ihw/workspace/kai_2025/install/ros2_camera_lidar_fusion:/home/ihw/workspace/kai_2025/install/hungarian_association:/opt/ros/humble:/home/ihw/workspace/kai_2025/install/pure_pursuit_controller:/home/ihw/workspace/kai_2025/install/ouster_ros:/home/ihw/workspace/kai_2025/install/ouster_sensor_msgs:/home/ihw/workspace/kai_2025/install/motion_track_controller:/home/ihw/workspace/kai_2025/install/gps_global_planner:/home/ihw/workspace/kai_2025/install/cones_ukf:/home/ihw/workspace/kai_2025/install/cones_no_color:/home/ihw/workspace/kai_2025/install/cone_detection:/home/ihw/workspace/kai_2025/install/custom_interface:/home/ihw/workspace/kai_2025/install/ackermann_msgs /usr/bin/cmake --install /home/ihw/workspace/AutonomousVehiclePlatform/ws_px4_control/build/px4_msgs
[1.442s] Level 1:colcon.colcon_core.environment:checking '/home/ihw/workspace/AutonomousVehiclePlatform/ws_px4_control/install/px4_msgs' for CMake config files
[1.448s] Level 1:colcon.colcon_core.shell:create_environment_hook('px4_msgs', 'cmake_prefix_path')
[1.448s] INFO:colcon.colcon_core.shell:Creating environment hook '/home/ihw/workspace/AutonomousVehiclePlatform/ws_px4_control/install/px4_msgs/share/px4_msgs/hook/cmake_prefix_path.ps1'
[1.449s] INFO:colcon.colcon_core.shell:Creating environment descriptor '/home/ihw/workspace/AutonomousVehiclePlatform/ws_px4_control/install/px4_msgs/share/px4_msgs/hook/cmake_prefix_path.dsv'
[1.449s] INFO:colcon.colcon_core.shell:Creating environment hook '/home/ihw/workspace/AutonomousVehiclePlatform/ws_px4_control/install/px4_msgs/share/px4_msgs/hook/cmake_prefix_path.sh'
[1.449s] Level 1:colcon.colcon_core.environment:checking '/home/ihw/workspace/AutonomousVehiclePlatform/ws_px4_control/install/px4_msgs/lib'
[1.449s] Level 1:colcon.colcon_core.shell:create_environment_hook('px4_msgs', 'ld_library_path_lib')
[1.450s] INFO:colcon.colcon_core.shell:Creating environment hook '/home/ihw/workspace/AutonomousVehiclePlatform/ws_px4_control/install/px4_msgs/share/px4_msgs/hook/ld_library_path_lib.ps1'
[1.450s] INFO:colcon.colcon_core.shell:Creating environment descriptor '/home/ihw/workspace/AutonomousVehiclePlatform/ws_px4_control/install/px4_msgs/share/px4_msgs/hook/ld_library_path_lib.dsv'
[1.450s] INFO:colcon.colcon_core.shell:Creating environment hook '/home/ihw/workspace/AutonomousVehiclePlatform/ws_px4_control/install/px4_msgs/share/px4_msgs/hook/ld_library_path_lib.sh'
[1.450s] Level 1:colcon.colcon_core.environment:checking '/home/ihw/workspace/AutonomousVehiclePlatform/ws_px4_control/install/px4_msgs/bin'
[1.450s] Level 1:colcon.colcon_core.environment:checking '/home/ihw/workspace/AutonomousVehiclePlatform/ws_px4_control/install/px4_msgs/lib/pkgconfig/px4_msgs.pc'
[1.451s] Level 1:colcon.colcon_core.environment:checking '/home/ihw/workspace/AutonomousVehiclePlatform/ws_px4_control/install/px4_msgs/lib/python3.10/site-packages'
[1.451s] Level 1:colcon.colcon_core.environment:checking '/home/ihw/workspace/AutonomousVehiclePlatform/ws_px4_control/install/px4_msgs/bin'
[1.451s] INFO:colcon.colcon_core.shell:Creating package script '/home/ihw/workspace/AutonomousVehiclePlatform/ws_px4_control/install/px4_msgs/share/px4_msgs/package.ps1'
[1.451s] INFO:colcon.colcon_core.shell:Creating package descriptor '/home/ihw/workspace/AutonomousVehiclePlatform/ws_px4_control/install/px4_msgs/share/px4_msgs/package.dsv'
[1.451s] INFO:colcon.colcon_core.shell:Creating package script '/home/ihw/workspace/AutonomousVehiclePlatform/ws_px4_control/install/px4_msgs/share/px4_msgs/package.sh'
[1.452s] INFO:colcon.colcon_core.shell:Creating package script '/home/ihw/workspace/AutonomousVehiclePlatform/ws_px4_control/install/px4_msgs/share/px4_msgs/package.bash'
[1.452s] INFO:colcon.colcon_core.shell:Creating package script '/home/ihw/workspace/AutonomousVehiclePlatform/ws_px4_control/install/px4_msgs/share/px4_msgs/package.zsh'
[1.452s] Level 1:colcon.colcon_core.environment:create_file_with_runtime_dependencies(/home/ihw/workspace/AutonomousVehiclePlatform/ws_px4_control/install/px4_msgs/share/colcon-core/packages/px4_msgs)
[1.452s] Level 1:colcon.colcon_core.environment:create_environment_scripts_only(px4_msgs)
[1.453s] Level 1:colcon.colcon_core.environment:checking '/home/ihw/workspace/AutonomousVehiclePlatform/ws_px4_control/install/px4_msgs' for CMake module files
[1.453s] Level 1:colcon.colcon_core.environment:checking '/home/ihw/workspace/AutonomousVehiclePlatform/ws_px4_control/install/px4_msgs' for CMake config files
[1.458s] Level 1:colcon.colcon_core.shell:create_environment_hook('px4_msgs', 'cmake_prefix_path')
[1.458s] INFO:colcon.colcon_core.shell:Creating environment hook '/home/ihw/workspace/AutonomousVehiclePlatform/ws_px4_control/install/px4_msgs/share/px4_msgs/hook/cmake_prefix_path.ps1'
[1.459s] INFO:colcon.colcon_core.shell:Creating environment descriptor '/home/ihw/workspace/AutonomousVehiclePlatform/ws_px4_control/install/px4_msgs/share/px4_msgs/hook/cmake_prefix_path.dsv'
[1.459s] INFO:colcon.colcon_core.shell:Creating environment hook '/home/ihw/workspace/AutonomousVehiclePlatform/ws_px4_control/install/px4_msgs/share/px4_msgs/hook/cmake_prefix_path.sh'
[1.459s] Level 1:colcon.colcon_core.environment:checking '/home/ihw/workspace/AutonomousVehiclePlatform/ws_px4_control/install/px4_msgs/lib'
[1.459s] Level 1:colcon.colcon_core.shell:create_environment_hook('px4_msgs', 'ld_library_path_lib')
[1.459s] INFO:colcon.colcon_core.shell:Creating environment hook '/home/ihw/workspace/AutonomousVehiclePlatform/ws_px4_control/install/px4_msgs/share/px4_msgs/hook/ld_library_path_lib.ps1'
[1.459s] INFO:colcon.colcon_core.shell:Creating environment descriptor '/home/ihw/workspace/AutonomousVehiclePlatform/ws_px4_control/install/px4_msgs/share/px4_msgs/hook/ld_library_path_lib.dsv'
[1.460s] INFO:colcon.colcon_core.shell:Creating environment hook '/home/ihw/workspace/AutonomousVehiclePlatform/ws_px4_control/install/px4_msgs/share/px4_msgs/hook/ld_library_path_lib.sh'
[1.460s] Level 1:colcon.colcon_core.environment:checking '/home/ihw/workspace/AutonomousVehiclePlatform/ws_px4_control/install/px4_msgs/bin'
[1.460s] Level 1:colcon.colcon_core.environment:checking '/home/ihw/workspace/AutonomousVehiclePlatform/ws_px4_control/install/px4_msgs/lib/pkgconfig/px4_msgs.pc'
[1.460s] Level 1:colcon.colcon_core.environment:checking '/home/ihw/workspace/AutonomousVehiclePlatform/ws_px4_control/install/px4_msgs/lib/python3.10/site-packages'
[1.460s] Level 1:colcon.colcon_core.environment:checking '/home/ihw/workspace/AutonomousVehiclePlatform/ws_px4_control/install/px4_msgs/bin'
[1.460s] INFO:colcon.colcon_core.shell:Creating package script '/home/ihw/workspace/AutonomousVehiclePlatform/ws_px4_control/install/px4_msgs/share/px4_msgs/package.ps1'
[1.461s] INFO:colcon.colcon_core.shell:Creating package descriptor '/home/ihw/workspace/AutonomousVehiclePlatform/ws_px4_control/install/px4_msgs/share/px4_msgs/package.dsv'
[1.461s] INFO:colcon.colcon_core.shell:Creating package script '/home/ihw/workspace/AutonomousVehiclePlatform/ws_px4_control/install/px4_msgs/share/px4_msgs/package.sh'
[1.461s] INFO:colcon.colcon_core.shell:Creating package script '/home/ihw/workspace/AutonomousVehiclePlatform/ws_px4_control/install/px4_msgs/share/px4_msgs/package.bash'
[1.461s] INFO:colcon.colcon_core.shell:Creating package script '/home/ihw/workspace/AutonomousVehiclePlatform/ws_px4_control/install/px4_msgs/share/px4_msgs/package.zsh'
[1.462s] Level 1:colcon.colcon_core.environment:create_file_with_runtime_dependencies(/home/ihw/workspace/AutonomousVehiclePlatform/ws_px4_control/install/px4_msgs/share/colcon-core/packages/px4_msgs)
[1.462s] INFO:colcon.colcon_ros.task.ament_cmake.build:Building ROS package in '/home/ihw/workspace/AutonomousVehiclePlatform/ws_px4_control/src/px4_ros_com' with build type 'ament_cmake'
[1.462s] INFO:colcon.colcon_cmake.task.cmake.build:Building CMake package in '/home/ihw/workspace/AutonomousVehiclePlatform/ws_px4_control/src/px4_ros_com'
[1.462s] INFO:colcon.colcon_core.shell:Skip shell extension 'powershell' for command environment: Not usable outside of PowerShell
[1.462s] DEBUG:colcon.colcon_core.shell:Skip shell extension 'dsv' for command environment
[1.473s] DEBUG:colcon.colcon_core.event_handler.log_command:Invoking command in '/home/ihw/workspace/AutonomousVehiclePlatform/ws_px4_control/build/px4_ros_com': AMENT_PREFIX_PATH=/home/ihw/workspace/AutonomousVehiclePlatform/ws_px4_control/install/px4_msgs:${AMENT_PREFIX_PATH} CMAKE_PREFIX_PATH=/home/ihw/workspace/AutonomousVehiclePlatform/ws_px4_control/install/px4_msgs:/home/ihw/workspace/kai_2025/install/yolo_bringup:/home/ihw/workspace/kai_2025/install/yolo_msgs:/home/ihw/workspace/kai_2025/install/usb_cam:/home/ihw/workspace/kai_2025/install/reference_path_classifier:/home/ihw/workspace/kai_2025/install/yolo_ros:/home/ihw/workspace/kai_2025/install/simple_slam:/home/ihw/workspace/kai_2025/install/ros2_camera_lidar_fusion_l:/home/ihw/workspace/kai_2025/install/ros2_camera_lidar_fusion_c:/home/ihw/workspace/kai_2025/install/ros2_camera_lidar_fusion:/home/ihw/workspace/kai_2025/install/hungarian_association:/opt/ros/humble:/home/ihw/workspace/kai_2025/install/pure_pursuit_controller:/home/ihw/workspace/kai_2025/install/ouster_ros:/home/ihw/workspace/kai_2025/install/ouster_sensor_msgs:/home/ihw/workspace/kai_2025/install/motion_track_controller:/home/ihw/workspace/kai_2025/install/gps_global_planner:/home/ihw/workspace/kai_2025/install/cones_ukf:/home/ihw/workspace/kai_2025/install/cones_no_color:/home/ihw/workspace/kai_2025/install/cone_detection:/home/ihw/workspace/kai_2025/install/custom_interface:/home/ihw/workspace/kai_2025/install/ackermann_msgs LD_LIBRARY_PATH=/home/ihw/workspace/AutonomousVehiclePlatform/ws_px4_control/install/px4_msgs/lib:${LD_LIBRARY_PATH} PYTHONPATH=/home/ihw/workspace/AutonomousVehiclePlatform/ws_px4_control/install/px4_msgs/local/lib/python3.10/dist-packages:${PYTHONPATH} /usr/bin/cmake --build /home/ihw/workspace/AutonomousVehiclePlatform/ws_px4_control/build/px4_ros_com -- -j16 -l16
[2.009s] DEBUG:colcon.colcon_core.event_handler.log_command:Invoked command in '/home/ihw/workspace/AutonomousVehiclePlatform/ws_px4_control/build/px4_ros_com' returned '2': AMENT_PREFIX_PATH=/home/ihw/workspace/AutonomousVehiclePlatform/ws_px4_control/install/px4_msgs:${AMENT_PREFIX_PATH} CMAKE_PREFIX_PATH=/home/ihw/workspace/AutonomousVehiclePlatform/ws_px4_control/install/px4_msgs:/home/ihw/workspace/kai_2025/install/yolo_bringup:/home/ihw/workspace/kai_2025/install/yolo_msgs:/home/ihw/workspace/kai_2025/install/usb_cam:/home/ihw/workspace/kai_2025/install/reference_path_classifier:/home/ihw/workspace/kai_2025/install/yolo_ros:/home/ihw/workspace/kai_2025/install/simple_slam:/home/ihw/workspace/kai_2025/install/ros2_camera_lidar_fusion_l:/home/ihw/workspace/kai_2025/install/ros2_camera_lidar_fusion_c:/home/ihw/workspace/kai_2025/install/ros2_camera_lidar_fusion:/home/ihw/workspace/kai_2025/install/hungarian_association:/opt/ros/humble:/home/ihw/workspace/kai_2025/install/pure_pursuit_controller:/home/ihw/workspace/kai_2025/install/ouster_ros:/home/ihw/workspace/kai_2025/install/ouster_sensor_msgs:/home/ihw/workspace/kai_2025/install/motion_track_controller:/home/ihw/workspace/kai_2025/install/gps_global_planner:/home/ihw/workspace/kai_2025/install/cones_ukf:/home/ihw/workspace/kai_2025/install/cones_no_color:/home/ihw/workspace/kai_2025/install/cone_detection:/home/ihw/workspace/kai_2025/install/custom_interface:/home/ihw/workspace/kai_2025/install/ackermann_msgs LD_LIBRARY_PATH=/home/ihw/workspace/AutonomousVehiclePlatform/ws_px4_control/install/px4_msgs/lib:${LD_LIBRARY_PATH} PYTHONPATH=/home/ihw/workspace/AutonomousVehiclePlatform/ws_px4_control/install/px4_msgs/local/lib/python3.10/dist-packages:${PYTHONPATH} /usr/bin/cmake --build /home/ihw/workspace/AutonomousVehiclePlatform/ws_px4_control/build/px4_ros_com -- -j16 -l16
[2.010s] Level 1:colcon.colcon_core.environment:create_environment_scripts_only(px4_ros_com)
[2.010s] Level 1:colcon.colcon_core.environment:checking '/home/ihw/workspace/AutonomousVehiclePlatform/ws_px4_control/install/px4_ros_com' for CMake module files
[2.010s] Level 1:colcon.colcon_core.environment:checking '/home/ihw/workspace/AutonomousVehiclePlatform/ws_px4_control/install/px4_ros_com' for CMake config files
[2.010s] Level 1:colcon.colcon_core.shell:create_environment_hook('px4_ros_com', 'cmake_prefix_path')
[2.010s] INFO:colcon.colcon_core.shell:Creating environment hook '/home/ihw/workspace/AutonomousVehiclePlatform/ws_px4_control/install/px4_ros_com/share/px4_ros_com/hook/cmake_prefix_path.ps1'
[2.011s] INFO:colcon.colcon_core.shell:Creating environment descriptor '/home/ihw/workspace/AutonomousVehiclePlatform/ws_px4_control/install/px4_ros_com/share/px4_ros_com/hook/cmake_prefix_path.dsv'
[2.011s] INFO:colcon.colcon_core.shell:Creating environment hook '/home/ihw/workspace/AutonomousVehiclePlatform/ws_px4_control/install/px4_ros_com/share/px4_ros_com/hook/cmake_prefix_path.sh'
[2.011s] Level 1:colcon.colcon_core.environment:checking '/home/ihw/workspace/AutonomousVehiclePlatform/ws_px4_control/install/px4_ros_com/lib'
[2.011s] Level 1:colcon.colcon_core.shell:create_environment_hook('px4_ros_com', 'ld_library_path_lib')
[2.012s] INFO:colcon.colcon_core.shell:Creating environment hook '/home/ihw/workspace/AutonomousVehiclePlatform/ws_px4_control/install/px4_ros_com/share/px4_ros_com/hook/ld_library_path_lib.ps1'
[2.012s] INFO:colcon.colcon_core.shell:Creating environment descriptor '/home/ihw/workspace/AutonomousVehiclePlatform/ws_px4_control/install/px4_ros_com/share/px4_ros_com/hook/ld_library_path_lib.dsv'
[2.012s] INFO:colcon.colcon_core.shell:Creating environment hook '/home/ihw/workspace/AutonomousVehiclePlatform/ws_px4_control/install/px4_ros_com/share/px4_ros_com/hook/ld_library_path_lib.sh'
[2.012s] Level 1:colcon.colcon_core.environment:checking '/home/ihw/workspace/AutonomousVehiclePlatform/ws_px4_control/install/px4_ros_com/bin'
[2.012s] Level 1:colcon.colcon_core.environment:checking '/home/ihw/workspace/AutonomousVehiclePlatform/ws_px4_control/install/px4_ros_com/lib/pkgconfig/px4_ros_com.pc'
[2.012s] Level 1:colcon.colcon_core.environment:checking '/home/ihw/workspace/AutonomousVehiclePlatform/ws_px4_control/install/px4_ros_com/lib/python3.10/site-packages'
[2.013s] Level 1:colcon.colcon_core.environment:checking '/home/ihw/workspace/AutonomousVehiclePlatform/ws_px4_control/install/px4_ros_com/bin'
[2.013s] INFO:colcon.colcon_core.shell:Creating package script '/home/ihw/workspace/AutonomousVehiclePlatform/ws_px4_control/install/px4_ros_com/share/px4_ros_com/package.ps1'
[2.013s] INFO:colcon.colcon_core.shell:Creating package descriptor '/home/ihw/workspace/AutonomousVehiclePlatform/ws_px4_control/install/px4_ros_com/share/px4_ros_com/package.dsv'
[2.013s] INFO:colcon.colcon_core.shell:Creating package script '/home/ihw/workspace/AutonomousVehiclePlatform/ws_px4_control/install/px4_ros_com/share/px4_ros_com/package.sh'
[2.014s] INFO:colcon.colcon_core.shell:Creating package script '/home/ihw/workspace/AutonomousVehiclePlatform/ws_px4_control/install/px4_ros_com/share/px4_ros_com/package.bash'
[2.014s] INFO:colcon.colcon_core.shell:Creating package script '/home/ihw/workspace/AutonomousVehiclePlatform/ws_px4_control/install/px4_ros_com/share/px4_ros_com/package.zsh'
[2.014s] Level 1:colcon.colcon_core.environment:create_file_with_runtime_dependencies(/home/ihw/workspace/AutonomousVehiclePlatform/ws_px4_control/install/px4_ros_com/share/colcon-core/packages/px4_ros_com)
[2.025s] DEBUG:colcon.colcon_parallel_executor.executor.parallel:closing loop
[2.025s] DEBUG:colcon.colcon_parallel_executor.executor.parallel:loop closed
[2.025s] DEBUG:colcon.colcon_parallel_executor.executor.parallel:run_until_complete finished with '2'
[2.025s] DEBUG:colcon.colcon_core.event_reactor:joining thread
[2.029s] INFO:colcon.colcon_core.plugin_system:Skipping extension 'colcon_notification.desktop_notification.terminal_notifier': Not used on non-Darwin systems
[2.029s] INFO:colcon.colcon_core.plugin_system:Skipping extension 'colcon_notification.desktop_notification.win32': Not used on non-Windows systems
[2.029s] INFO:colcon.colcon_notification.desktop_notification:Sending desktop notification using 'notify2'
[2.040s] DEBUG:colcon.colcon_core.event_reactor:joined thread
[2.040s] INFO:colcon.colcon_core.shell:Creating prefix script '/home/ihw/workspace/AutonomousVehiclePlatform/ws_px4_control/install/local_setup.ps1'
[2.041s] INFO:colcon.colcon_core.shell:Creating prefix util module '/home/ihw/workspace/AutonomousVehiclePlatform/ws_px4_control/install/_local_setup_util_ps1.py'
[2.042s] INFO:colcon.colcon_core.shell:Creating prefix chain script '/home/ihw/workspace/AutonomousVehiclePlatform/ws_px4_control/install/setup.ps1'
[2.043s] INFO:colcon.colcon_core.shell:Creating prefix script '/home/ihw/workspace/AutonomousVehiclePlatform/ws_px4_control/install/local_setup.sh'
[2.043s] INFO:colcon.colcon_core.shell:Creating prefix util module '/home/ihw/workspace/AutonomousVehiclePlatform/ws_px4_control/install/_local_setup_util_sh.py'
[2.044s] INFO:colcon.colcon_core.shell:Creating prefix chain script '/home/ihw/workspace/AutonomousVehiclePlatform/ws_px4_control/install/setup.sh'
[2.045s] INFO:colcon.colcon_core.shell:Creating prefix script '/home/ihw/workspace/AutonomousVehiclePlatform/ws_px4_control/install/local_setup.bash'
[2.046s] INFO:colcon.colcon_core.shell:Creating prefix chain script '/home/ihw/workspace/AutonomousVehiclePlatform/ws_px4_control/install/setup.bash'
[2.049s] INFO:colcon.colcon_core.shell:Creating prefix script '/home/ihw/workspace/AutonomousVehiclePlatform/ws_px4_control/install/local_setup.zsh'
[2.050s] INFO:colcon.colcon_core.shell:Creating prefix chain script '/home/ihw/workspace/AutonomousVehiclePlatform/ws_px4_control/install/setup.zsh'
