[0.012s] Invoking command in '/home/ihw/workspace/AutonomousVehiclePlatform/ws_aruco/build/image_geometry': CMAKE_PREFIX_PATH=${CMAKE_PREFIX_PATH}:/home/ihw/workspace/kai_2025/install/yolo_ros:/home/ihw/workspace/kai_2025/install/simple_slam:/home/ihw/workspace/kai_2025/install/ros2_camera_lidar_fusion:/home/ihw/workspace/kai_2025/install/hungarian_association:/opt/ros/humble /usr/bin/cmake /home/ihw/workspace/AutonomousVehiclePlatform/ws_aruco/src/vision_opencv/image_geometry -DCMAKE_INSTALL_PREFIX=/home/ihw/workspace/AutonomousVehiclePlatform/ws_aruco/install/image_geometry
[0.023s] -- Found ament_cmake_python: 1.3.11 (/opt/ros/humble/share/ament_cmake_python/cmake)
[0.024s] -- Found ament_cmake_ros: 0.10.0 (/opt/ros/humble/share/ament_cmake_ros/cmake)
[0.142s] -- Override CMake install command with custom implementation using symlinks instead of copying resources
[0.208s] -- Found sensor_msgs: 4.8.0 (/opt/ros/humble/share/sensor_msgs/cmake)
[0.237s] -- Found rosidl_generator_c: 3.1.6 (/opt/ros/humble/share/rosidl_generator_c/cmake)
[0.242s] -- Found rosidl_adapter: 3.1.6 (/opt/ros/humble/share/rosidl_adapter/cmake)
[0.247s] -- Found rosidl_generator_cpp: 3.1.6 (/opt/ros/humble/share/rosidl_generator_cpp/cmake)
[0.258s] -- Using all available rosidl_typesupport_c: rosidl_typesupport_fastrtps_c;rosidl_typesupport_introspection_c
[0.272s] -- Using all available rosidl_typesupport_cpp: rosidl_typesupport_fastrtps_cpp;rosidl_typesupport_introspection_cpp
[0.330s] -- Found gtest sources under '/opt/ros/humble/src/gtest_vendor': C++ tests using 'Google Test' will be built
[0.410s] -- Configuring done
[0.453s] -- Generating done
[0.459s] -- Build files have been written to: /home/ihw/workspace/AutonomousVehiclePlatform/ws_aruco/build/image_geometry
[0.467s] Invoked command in '/home/ihw/workspace/AutonomousVehiclePlatform/ws_aruco/build/image_geometry' returned '0': CMAKE_PREFIX_PATH=${CMAKE_PREFIX_PATH}:/home/ihw/workspace/kai_2025/install/yolo_ros:/home/ihw/workspace/kai_2025/install/simple_slam:/home/ihw/workspace/kai_2025/install/ros2_camera_lidar_fusion:/home/ihw/workspace/kai_2025/install/hungarian_association:/opt/ros/humble /usr/bin/cmake /home/ihw/workspace/AutonomousVehiclePlatform/ws_aruco/src/vision_opencv/image_geometry -DCMAKE_INSTALL_PREFIX=/home/ihw/workspace/AutonomousVehiclePlatform/ws_aruco/install/image_geometry
[0.468s] Invoking command in '/home/ihw/workspace/AutonomousVehiclePlatform/ws_aruco/build/image_geometry': CMAKE_PREFIX_PATH=${CMAKE_PREFIX_PATH}:/home/ihw/workspace/kai_2025/install/yolo_ros:/home/ihw/workspace/kai_2025/install/simple_slam:/home/ihw/workspace/kai_2025/install/ros2_camera_lidar_fusion:/home/ihw/workspace/kai_2025/install/hungarian_association:/opt/ros/humble /usr/bin/cmake --build /home/ihw/workspace/AutonomousVehiclePlatform/ws_aruco/build/image_geometry -- -j16 -l16
[0.513s] [35m[1mConsolidate compiler generated dependencies of target gtest_main[0m
[0.513s] [35m[1mConsolidate compiler generated dependencies of target gtest[0m
[0.514s] [35m[1mConsolidate compiler generated dependencies of target image_geometry[0m
[0.528s] [ 77%] Built target gtest
[0.528s] [ 77%] Built target gtest_main
[0.528s] [ 77%] Built target image_geometry
[0.534s] [ 77%] Built target ament_cmake_python_symlink_image_geometry
[0.541s] [35m[1mConsolidate compiler generated dependencies of target image_geometry-utest[0m
[0.557s] [100%] Built target image_geometry-utest
[0.719s] running egg_info
[0.729s] writing image_geometry.egg-info/PKG-INFO
[0.729s] writing dependency_links to image_geometry.egg-info/dependency_links.txt
[0.729s] writing top-level names to image_geometry.egg-info/top_level.txt
[0.762s] reading manifest file 'image_geometry.egg-info/SOURCES.txt'
[0.763s] writing manifest file 'image_geometry.egg-info/SOURCES.txt'
[0.794s] [100%] Built target ament_cmake_python_build_image_geometry_egg
[0.806s] Invoked command in '/home/ihw/workspace/AutonomousVehiclePlatform/ws_aruco/build/image_geometry' returned '0': CMAKE_PREFIX_PATH=${CMAKE_PREFIX_PATH}:/home/ihw/workspace/kai_2025/install/yolo_ros:/home/ihw/workspace/kai_2025/install/simple_slam:/home/ihw/workspace/kai_2025/install/ros2_camera_lidar_fusion:/home/ihw/workspace/kai_2025/install/hungarian_association:/opt/ros/humble /usr/bin/cmake --build /home/ihw/workspace/AutonomousVehiclePlatform/ws_aruco/build/image_geometry -- -j16 -l16
[0.818s] Invoking command in '/home/ihw/workspace/AutonomousVehiclePlatform/ws_aruco/build/image_geometry': CMAKE_PREFIX_PATH=${CMAKE_PREFIX_PATH}:/home/ihw/workspace/kai_2025/install/yolo_ros:/home/ihw/workspace/kai_2025/install/simple_slam:/home/ihw/workspace/kai_2025/install/ros2_camera_lidar_fusion:/home/ihw/workspace/kai_2025/install/hungarian_association:/opt/ros/humble /usr/bin/cmake --install /home/ihw/workspace/AutonomousVehiclePlatform/ws_aruco/build/image_geometry
[0.826s] -- Install configuration: "Release"
[0.827s] -- Execute custom install script
[0.827s] -- Up-to-date symlink: /home/ihw/workspace/AutonomousVehiclePlatform/ws_aruco/install/image_geometry/share/image_geometry/environment/pythonpath.sh
[0.827s] -- Up-to-date symlink: /home/ihw/workspace/AutonomousVehiclePlatform/ws_aruco/install/image_geometry/share/image_geometry/environment/pythonpath.dsv
[0.827s] -- Up-to-date symlink: /home/ihw/workspace/AutonomousVehiclePlatform/ws_aruco/install/image_geometry/local/lib/python3.10/dist-packages/image_geometry-3.2.1-py3.10.egg-info/PKG-INFO
[0.827s] -- Up-to-date symlink: /home/ihw/workspace/AutonomousVehiclePlatform/ws_aruco/install/image_geometry/local/lib/python3.10/dist-packages/image_geometry-3.2.1-py3.10.egg-info/SOURCES.txt
[0.827s] -- Up-to-date symlink: /home/ihw/workspace/AutonomousVehiclePlatform/ws_aruco/install/image_geometry/local/lib/python3.10/dist-packages/image_geometry-3.2.1-py3.10.egg-info/dependency_links.txt
[0.827s] -- Up-to-date symlink: /home/ihw/workspace/AutonomousVehiclePlatform/ws_aruco/install/image_geometry/local/lib/python3.10/dist-packages/image_geometry-3.2.1-py3.10.egg-info/top_level.txt
[0.828s] -- Up-to-date symlink: /home/ihw/workspace/AutonomousVehiclePlatform/ws_aruco/install/image_geometry/local/lib/python3.10/dist-packages/image_geometry/__init__.py
[0.828s] -- Up-to-date symlink: /home/ihw/workspace/AutonomousVehiclePlatform/ws_aruco/install/image_geometry/local/lib/python3.10/dist-packages/image_geometry/cameramodels.py
[0.828s] -- Up-to-date symlink: /home/ihw/workspace/AutonomousVehiclePlatform/ws_aruco/install/image_geometry/include/image_geometry/image_geometry/pinhole_camera_model.h
[0.829s] -- Up-to-date symlink: /home/ihw/workspace/AutonomousVehiclePlatform/ws_aruco/install/image_geometry/include/image_geometry/image_geometry/stereo_camera_model.h
[0.829s] -- Up-to-date symlink: /home/ihw/workspace/AutonomousVehiclePlatform/ws_aruco/install/image_geometry/include/image_geometry/image_geometry/visibility_control.hpp
[0.829s] -- Up-to-date symlink: /home/ihw/workspace/AutonomousVehiclePlatform/ws_aruco/install/image_geometry/share/ament_index/resource_index/package_run_dependencies/image_geometry
[0.829s] -- Up-to-date symlink: /home/ihw/workspace/AutonomousVehiclePlatform/ws_aruco/install/image_geometry/share/ament_index/resource_index/parent_prefix_path/image_geometry
[0.829s] -- Up-to-date symlink: /home/ihw/workspace/AutonomousVehiclePlatform/ws_aruco/install/image_geometry/share/image_geometry/environment/ament_prefix_path.sh
[0.830s] -- Up-to-date symlink: /home/ihw/workspace/AutonomousVehiclePlatform/ws_aruco/install/image_geometry/share/image_geometry/environment/ament_prefix_path.dsv
[0.830s] -- Up-to-date symlink: /home/ihw/workspace/AutonomousVehiclePlatform/ws_aruco/install/image_geometry/share/image_geometry/environment/path.sh
[0.830s] -- Up-to-date symlink: /home/ihw/workspace/AutonomousVehiclePlatform/ws_aruco/install/image_geometry/share/image_geometry/environment/path.dsv
[0.831s] -- Up-to-date symlink: /home/ihw/workspace/AutonomousVehiclePlatform/ws_aruco/install/image_geometry/share/image_geometry/local_setup.bash
[0.831s] -- Up-to-date symlink: /home/ihw/workspace/AutonomousVehiclePlatform/ws_aruco/install/image_geometry/share/image_geometry/local_setup.sh
[0.831s] -- Up-to-date symlink: /home/ihw/workspace/AutonomousVehiclePlatform/ws_aruco/install/image_geometry/share/image_geometry/local_setup.zsh
[0.831s] -- Up-to-date symlink: /home/ihw/workspace/AutonomousVehiclePlatform/ws_aruco/install/image_geometry/share/image_geometry/local_setup.dsv
[0.831s] -- Symlinking: /home/ihw/workspace/AutonomousVehiclePlatform/ws_aruco/install/image_geometry/share/image_geometry/package.dsv
[0.842s] -- Up-to-date symlink: /home/ihw/workspace/AutonomousVehiclePlatform/ws_aruco/install/image_geometry/share/ament_index/resource_index/packages/image_geometry
[0.842s] -- Up-to-date symlink: /home/ihw/workspace/AutonomousVehiclePlatform/ws_aruco/install/image_geometry/share/image_geometry/cmake/ament_cmake_export_targets-extras.cmake
[0.842s] -- Up-to-date symlink: /home/ihw/workspace/AutonomousVehiclePlatform/ws_aruco/install/image_geometry/share/image_geometry/cmake/ament_cmake_export_dependencies-extras.cmake
[0.842s] -- Up-to-date symlink: /home/ihw/workspace/AutonomousVehiclePlatform/ws_aruco/install/image_geometry/share/image_geometry/cmake/image_geometryConfig.cmake
[0.843s] -- Up-to-date symlink: /home/ihw/workspace/AutonomousVehiclePlatform/ws_aruco/install/image_geometry/share/image_geometry/cmake/image_geometryConfig-version.cmake
[0.843s] -- Up-to-date symlink: /home/ihw/workspace/AutonomousVehiclePlatform/ws_aruco/install/image_geometry/share/image_geometry/package.xml
[0.878s] Listing '/home/ihw/workspace/AutonomousVehiclePlatform/ws_aruco/install/image_geometry/local/lib/python3.10/dist-packages/image_geometry'...
[0.884s] -- Up-to-date: /home/ihw/workspace/AutonomousVehiclePlatform/ws_aruco/install/image_geometry/lib/libimage_geometry.so
[0.884s] -- Up-to-date: /home/ihw/workspace/AutonomousVehiclePlatform/ws_aruco/install/image_geometry/share/image_geometry/cmake/export_image_geometryExport.cmake
[0.884s] -- Up-to-date: /home/ihw/workspace/AutonomousVehiclePlatform/ws_aruco/install/image_geometry/share/image_geometry/cmake/export_image_geometryExport-release.cmake
[0.888s] Invoked command in '/home/ihw/workspace/AutonomousVehiclePlatform/ws_aruco/build/image_geometry' returned '0': CMAKE_PREFIX_PATH=${CMAKE_PREFIX_PATH}:/home/ihw/workspace/kai_2025/install/yolo_ros:/home/ihw/workspace/kai_2025/install/simple_slam:/home/ihw/workspace/kai_2025/install/ros2_camera_lidar_fusion:/home/ihw/workspace/kai_2025/install/hungarian_association:/opt/ros/humble /usr/bin/cmake --install /home/ihw/workspace/AutonomousVehiclePlatform/ws_aruco/build/image_geometry
