[0.015s] Invoking command in '/home/ihw/workspace/AutonomousVehiclePlatform/ws_ugv_control/build/ugv_controller': CMAKE_PREFIX_PATH=${CMAKE_PREFIX_PATH}:/home/ihw/workspace/kai_2025/install/yolo_ros:/home/ihw/workspace/kai_2025/install/simple_slam:/home/ihw/workspace/kai_2025/install/ros2_camera_lidar_fusion:/home/ihw/workspace/kai_2025/install/ouster_ros:/home/ihw/workspace/kai_2025/install/hungarian_association:/opt/ros/humble /usr/bin/cmake --build /home/ihw/workspace/AutonomousVehiclePlatform/ws_ugv_control/build/ugv_controller -- -j16 -l16
[0.088s] [35m[1mConsolidate compiler generated dependencies of target path_follower_node[0m
[0.126s] [100%] Built target path_follower_node
[0.138s] Invoked command in '/home/ihw/workspace/AutonomousVehiclePlatform/ws_ugv_control/build/ugv_controller' returned '0': CMAKE_PREFIX_PATH=${CMAKE_PREFIX_PATH}:/home/ihw/workspace/kai_2025/install/yolo_ros:/home/ihw/workspace/kai_2025/install/simple_slam:/home/ihw/workspace/kai_2025/install/ros2_camera_lidar_fusion:/home/ihw/workspace/kai_2025/install/ouster_ros:/home/ihw/workspace/kai_2025/install/hungarian_association:/opt/ros/humble /usr/bin/cmake --build /home/ihw/workspace/AutonomousVehiclePlatform/ws_ugv_control/build/ugv_controller -- -j16 -l16
[0.150s] Invoking command in '/home/ihw/workspace/AutonomousVehiclePlatform/ws_ugv_control/build/ugv_controller': CMAKE_PREFIX_PATH=${CMAKE_PREFIX_PATH}:/home/ihw/workspace/kai_2025/install/yolo_ros:/home/ihw/workspace/kai_2025/install/simple_slam:/home/ihw/workspace/kai_2025/install/ros2_camera_lidar_fusion:/home/ihw/workspace/kai_2025/install/ouster_ros:/home/ihw/workspace/kai_2025/install/hungarian_association:/opt/ros/humble /usr/bin/cmake --install /home/ihw/workspace/AutonomousVehiclePlatform/ws_ugv_control/build/ugv_controller
[0.158s] -- Install configuration: "Release"
[0.159s] -- Execute custom install script
[0.159s] -- Up-to-date symlink: /home/ihw/workspace/AutonomousVehiclePlatform/ws_ugv_control/install/ugv_controller/lib/ugv_controller/course_csv_creator.py
[0.159s] -- Up-to-date symlink: /home/ihw/workspace/AutonomousVehiclePlatform/ws_ugv_control/install/ugv_controller/lib/ugv_controller/path_follower_node.py
[0.159s] -- Up-to-date symlink: /home/ihw/workspace/AutonomousVehiclePlatform/ws_ugv_control/install/ugv_controller/share/ugv_controller/launch/path_follower.launch.py
[0.160s] -- Up-to-date symlink: /home/ihw/workspace/AutonomousVehiclePlatform/ws_ugv_control/install/ugv_controller/lib/ugv_controller/path_follower_node
[0.160s] -- Up-to-date symlink: /home/ihw/workspace/AutonomousVehiclePlatform/ws_ugv_control/install/ugv_controller/share/ament_index/resource_index/package_run_dependencies/ugv_controller
[0.161s] -- Up-to-date symlink: /home/ihw/workspace/AutonomousVehiclePlatform/ws_ugv_control/install/ugv_controller/share/ament_index/resource_index/parent_prefix_path/ugv_controller
[0.161s] -- Up-to-date symlink: /home/ihw/workspace/AutonomousVehiclePlatform/ws_ugv_control/install/ugv_controller/share/ugv_controller/environment/ament_prefix_path.sh
[0.161s] -- Up-to-date symlink: /home/ihw/workspace/AutonomousVehiclePlatform/ws_ugv_control/install/ugv_controller/share/ugv_controller/environment/ament_prefix_path.dsv
[0.161s] -- Up-to-date symlink: /home/ihw/workspace/AutonomousVehiclePlatform/ws_ugv_control/install/ugv_controller/share/ugv_controller/environment/path.sh
[0.161s] -- Up-to-date symlink: /home/ihw/workspace/AutonomousVehiclePlatform/ws_ugv_control/install/ugv_controller/share/ugv_controller/environment/path.dsv
[0.162s] -- Up-to-date symlink: /home/ihw/workspace/AutonomousVehiclePlatform/ws_ugv_control/install/ugv_controller/share/ugv_controller/local_setup.bash
[0.162s] -- Up-to-date symlink: /home/ihw/workspace/AutonomousVehiclePlatform/ws_ugv_control/install/ugv_controller/share/ugv_controller/local_setup.sh
[0.162s] -- Up-to-date symlink: /home/ihw/workspace/AutonomousVehiclePlatform/ws_ugv_control/install/ugv_controller/share/ugv_controller/local_setup.zsh
[0.162s] -- Up-to-date symlink: /home/ihw/workspace/AutonomousVehiclePlatform/ws_ugv_control/install/ugv_controller/share/ugv_controller/local_setup.dsv
[0.162s] -- Symlinking: /home/ihw/workspace/AutonomousVehiclePlatform/ws_ugv_control/install/ugv_controller/share/ugv_controller/package.dsv
[0.172s] -- Up-to-date symlink: /home/ihw/workspace/AutonomousVehiclePlatform/ws_ugv_control/install/ugv_controller/share/ament_index/resource_index/packages/ugv_controller
[0.172s] -- Up-to-date symlink: /home/ihw/workspace/AutonomousVehiclePlatform/ws_ugv_control/install/ugv_controller/share/ugv_controller/cmake/ugv_controllerConfig.cmake
[0.172s] -- Up-to-date symlink: /home/ihw/workspace/AutonomousVehiclePlatform/ws_ugv_control/install/ugv_controller/share/ugv_controller/cmake/ugv_controllerConfig-version.cmake
[0.172s] -- Up-to-date symlink: /home/ihw/workspace/AutonomousVehiclePlatform/ws_ugv_control/install/ugv_controller/share/ugv_controller/package.xml
[0.174s] Invoked command in '/home/ihw/workspace/AutonomousVehiclePlatform/ws_ugv_control/build/ugv_controller' returned '0': CMAKE_PREFIX_PATH=${CMAKE_PREFIX_PATH}:/home/ihw/workspace/kai_2025/install/yolo_ros:/home/ihw/workspace/kai_2025/install/simple_slam:/home/ihw/workspace/kai_2025/install/ros2_camera_lidar_fusion:/home/ihw/workspace/kai_2025/install/ouster_ros:/home/ihw/workspace/kai_2025/install/hungarian_association:/opt/ros/humble /usr/bin/cmake --install /home/ihw/workspace/AutonomousVehiclePlatform/ws_ugv_control/build/ugv_controller
