[0.013s] Invoking command in '/home/ihw/workspace/AutonomousVehiclePlatform/ws_px4_control/build/px4_ros_com': CMAKE_PREFIX_PATH=/home/ihw/workspace/AutonomousVehiclePlatform/ws_px4_control/install/px4_msgs:/home/ihw/workspace/AutonomousVehiclePlatform/ws_px4_control/install/utilities_pkg:/home/ihw/workspace/AutonomousVehiclePlatform/ws_px4_control/install/px4_ros_com:/home/ihw/workspace/kai_2025/install/yolo_bringup:/home/ihw/workspace/kai_2025/install/yolo_msgs:/home/ihw/workspace/kai_2025/install/usb_cam:/home/ihw/workspace/kai_2025/install/reference_path_classifier:/home/ihw/workspace/AutonomousVehiclePlatform/ws_px4_control/install/ofb_ctrl:/home/ihw/workspace/kai_2025/install/yolo_ros:/home/ihw/workspace/kai_2025/install/simple_slam:/home/ihw/workspace/kai_2025/install/ros2_camera_lidar_fusion_l:/home/ihw/workspace/kai_2025/install/ros2_camera_lidar_fusion_c:/home/ihw/workspace/kai_2025/install/ros2_camera_lidar_fusion:/home/ihw/workspace/kai_2025/install/hungarian_association:/opt/ros/humble:/home/ihw/workspace/kai_2025/install/pure_pursuit_controller:/home/ihw/workspace/kai_2025/install/ouster_ros:/home/ihw/workspace/kai_2025/install/ouster_sensor_msgs:/home/ihw/workspace/kai_2025/install/motion_track_controller:/home/ihw/workspace/kai_2025/install/gps_global_planner:/home/ihw/workspace/kai_2025/install/cones_ukf:/home/ihw/workspace/kai_2025/install/cones_no_color:/home/ihw/workspace/kai_2025/install/cone_detection:/home/ihw/workspace/kai_2025/install/custom_interface:/home/ihw/workspace/kai_2025/install/ackermann_msgs LD_LIBRARY_PATH=/home/ihw/workspace/AutonomousVehiclePlatform/ws_px4_control/install/px4_msgs/lib:/home/ihw/workspace/AutonomousVehiclePlatform/ws_px4_control/install/px4_ros_com/lib:/home/ihw/workspace/kai_2025/install/yolo_msgs/lib:/home/ihw/workspace/kai_2025/install/usb_cam/lib:/home/ihw/workspace/kai_2025/install/ouster_ros/lib:/home/ihw/workspace/kai_2025/install/ouster_sensor_msgs/lib:/home/ihw/workspace/kai_2025/install/custom_interface/lib:/home/ihw/workspace/kai_2025/install/ackermann_msgs/lib:/opt/ros/humble/opt/rviz_ogre_vendor/lib:/opt/ros/humble/lib/x86_64-linux-gnu:/opt/ros/humble/lib /usr/bin/cmake --build /home/ihw/workspace/AutonomousVehiclePlatform/ws_px4_control/build/px4_ros_com -- -j16 -l16
[0.066s] [35m[1mConsolidate compiler generated dependencies of target gimbal_target_publisher[0m
[0.080s] [ 44%] Built target offboard_waypoint_map
[0.080s] [ 44%] Built target vehicle_gps_position_listener
[0.080s] [ 44%] Built target debug_vect_advertiser
[0.080s] [ 44%] Built target frame_transforms
[0.081s] [ 66%] Built target offboard_control
[0.081s] [ 66%] Built target sensor_combined_listener
[0.082s] [ 77%] Built target offboard_waypoint_trigger
[0.082s] [ 88%] Built target offboard_control_srv
[0.091s] [ 94%] [32mBuilding CXX object CMakeFiles/gimbal_target_publisher.dir/src/examples/offboard/gimbal_target_publisher.cpp.o[0m
[2.286s] [01m[K/home/ihw/workspace/AutonomousVehiclePlatform/ws_px4_control/src/px4_ros_com/src/examples/offboard/gimbal_target_publisher.cpp:[m[K In member function ‘[01m[Kvoid GimbalTargetPublisher::publishGoals()[m[K’:
[2.287s] [01m[K/home/ihw/workspace/AutonomousVehiclePlatform/ws_px4_control/src/px4_ros_com/src/examples/offboard/gimbal_target_publisher.cpp:131:26:[m[K [01;31m[Kerror: [m[Kno match for ‘[01m[Koperator=[m[K’ (operand types are ‘[01m[Kvisualization_msgs::msg::Marker_<std::allocator<void> >::_color_type[m[K’ {aka ‘[01m[Kstd_msgs::msg::ColorRGBA_<std::allocator<void> >[m[K’} and ‘[01m[K<brace-enclosed initializer list>[m[K’)
[2.287s]   131 |       mk.color = {1,0,0,1[01;31m[K}[m[K;
[2.287s]       |                          [01;31m[K^[m[K
[2.287s] In file included from [01m[K/opt/ros/humble/include/visualization_msgs/visualization_msgs/msg/detail/marker__struct.hpp:27[m[K,
[2.287s]                  from [01m[K/opt/ros/humble/include/visualization_msgs/visualization_msgs/msg/marker.hpp:7[m[K,
[2.287s]                  from [01m[K/home/ihw/workspace/AutonomousVehiclePlatform/ws_px4_control/src/px4_ros_com/src/examples/offboard/gimbal_target_publisher.cpp:11[m[K:
[2.288s] [01m[K/opt/ros/humble/include/std_msgs/std_msgs/msg/detail/color_rgba__struct.hpp:32:8:[m[K [01;36m[Knote: [m[Kcandidate: ‘[01m[Kconstexpr std_msgs::msg::ColorRGBA_<std::allocator<void> >& std_msgs::msg::ColorRGBA_<std::allocator<void> >::operator=(const std_msgs::msg::ColorRGBA_<std::allocator<void> >&)[m[K’
[2.288s]    32 | struct [01;36m[KColorRGBA_[m[K
[2.288s]       |        [01;36m[K^~~~~~~~~~[m[K
[2.288s] [01m[K/opt/ros/humble/include/std_msgs/std_msgs/msg/detail/color_rgba__struct.hpp:32:8:[m[K [01;36m[Knote: [m[K  no known conversion for argument 1 from ‘[01m[K<brace-enclosed initializer list>[m[K’ to ‘[01m[Kconst std_msgs::msg::ColorRGBA_<std::allocator<void> >&[m[K’
[2.288s] [01m[K/opt/ros/humble/include/std_msgs/std_msgs/msg/detail/color_rgba__struct.hpp:32:8:[m[K [01;36m[Knote: [m[Kcandidate: ‘[01m[Kconstexpr std_msgs::msg::ColorRGBA_<std::allocator<void> >& std_msgs::msg::ColorRGBA_<std::allocator<void> >::operator=(std_msgs::msg::ColorRGBA_<std::allocator<void> >&&)[m[K’
[2.288s] [01m[K/opt/ros/humble/include/std_msgs/std_msgs/msg/detail/color_rgba__struct.hpp:32:8:[m[K [01;36m[Knote: [m[K  no known conversion for argument 1 from ‘[01m[K<brace-enclosed initializer list>[m[K’ to ‘[01m[Kstd_msgs::msg::ColorRGBA_<std::allocator<void> >&&[m[K’
[2.288s] [01m[K/home/ihw/workspace/AutonomousVehiclePlatform/ws_px4_control/src/px4_ros_com/src/examples/offboard/gimbal_target_publisher.cpp:[m[K In member function ‘[01m[Kvoid GimbalTargetPublisher::publishReal()[m[K’:
[2.288s] [01m[K/home/ihw/workspace/AutonomousVehiclePlatform/ws_px4_control/src/px4_ros_com/src/examples/offboard/gimbal_target_publisher.cpp:143:24:[m[K [01;31m[Kerror: [m[Kno match for ‘[01m[Koperator=[m[K’ (operand types are ‘[01m[Kvisualization_msgs::msg::Marker_<std::allocator<void> >::_color_type[m[K’ {aka ‘[01m[Kstd_msgs::msg::ColorRGBA_<std::allocator<void> >[m[K’} and ‘[01m[K<brace-enclosed initializer list>[m[K’)
[2.288s]   143 |     mk.color = {0,1,1,1[01;31m[K}[m[K;          // 민트
[2.288s]       |                        [01;31m[K^[m[K
[2.288s] In file included from [01m[K/opt/ros/humble/include/visualization_msgs/visualization_msgs/msg/detail/marker__struct.hpp:27[m[K,
[2.288s]                  from [01m[K/opt/ros/humble/include/visualization_msgs/visualization_msgs/msg/marker.hpp:7[m[K,
[2.288s]                  from [01m[K/home/ihw/workspace/AutonomousVehiclePlatform/ws_px4_control/src/px4_ros_com/src/examples/offboard/gimbal_target_publisher.cpp:11[m[K:
[2.288s] [01m[K/opt/ros/humble/include/std_msgs/std_msgs/msg/detail/color_rgba__struct.hpp:32:8:[m[K [01;36m[Knote: [m[Kcandidate: ‘[01m[Kconstexpr std_msgs::msg::ColorRGBA_<std::allocator<void> >& std_msgs::msg::ColorRGBA_<std::allocator<void> >::operator=(const std_msgs::msg::ColorRGBA_<std::allocator<void> >&)[m[K’
[2.288s]    32 | struct [01;36m[KColorRGBA_[m[K
[2.288s]       |        [01;36m[K^~~~~~~~~~[m[K
[2.288s] [01m[K/opt/ros/humble/include/std_msgs/std_msgs/msg/detail/color_rgba__struct.hpp:32:8:[m[K [01;36m[Knote: [m[K  no known conversion for argument 1 from ‘[01m[K<brace-enclosed initializer list>[m[K’ to ‘[01m[Kconst std_msgs::msg::ColorRGBA_<std::allocator<void> >&[m[K’
[2.288s] [01m[K/opt/ros/humble/include/std_msgs/std_msgs/msg/detail/color_rgba__struct.hpp:32:8:[m[K [01;36m[Knote: [m[Kcandidate: ‘[01m[Kconstexpr std_msgs::msg::ColorRGBA_<std::allocator<void> >& std_msgs::msg::ColorRGBA_<std::allocator<void> >::operator=(std_msgs::msg::ColorRGBA_<std::allocator<void> >&&)[m[K’
[2.288s] [01m[K/opt/ros/humble/include/std_msgs/std_msgs/msg/detail/color_rgba__struct.hpp:32:8:[m[K [01;36m[Knote: [m[K  no known conversion for argument 1 from ‘[01m[K<brace-enclosed initializer list>[m[K’ to ‘[01m[Kstd_msgs::msg::ColorRGBA_<std::allocator<void> >&&[m[K’
[4.610s] gmake[2]: *** [CMakeFiles/gimbal_target_publisher.dir/build.make:76: CMakeFiles/gimbal_target_publisher.dir/src/examples/offboard/gimbal_target_publisher.cpp.o] Error 1
[4.610s] gmake[1]: *** [CMakeFiles/Makefile2:361: CMakeFiles/gimbal_target_publisher.dir/all] Error 2
[4.610s] gmake: *** [Makefile:146: all] Error 2
[4.612s] Invoked command in '/home/ihw/workspace/AutonomousVehiclePlatform/ws_px4_control/build/px4_ros_com' returned '2': CMAKE_PREFIX_PATH=/home/ihw/workspace/AutonomousVehiclePlatform/ws_px4_control/install/px4_msgs:/home/ihw/workspace/AutonomousVehiclePlatform/ws_px4_control/install/utilities_pkg:/home/ihw/workspace/AutonomousVehiclePlatform/ws_px4_control/install/px4_ros_com:/home/ihw/workspace/kai_2025/install/yolo_bringup:/home/ihw/workspace/kai_2025/install/yolo_msgs:/home/ihw/workspace/kai_2025/install/usb_cam:/home/ihw/workspace/kai_2025/install/reference_path_classifier:/home/ihw/workspace/AutonomousVehiclePlatform/ws_px4_control/install/ofb_ctrl:/home/ihw/workspace/kai_2025/install/yolo_ros:/home/ihw/workspace/kai_2025/install/simple_slam:/home/ihw/workspace/kai_2025/install/ros2_camera_lidar_fusion_l:/home/ihw/workspace/kai_2025/install/ros2_camera_lidar_fusion_c:/home/ihw/workspace/kai_2025/install/ros2_camera_lidar_fusion:/home/ihw/workspace/kai_2025/install/hungarian_association:/opt/ros/humble:/home/ihw/workspace/kai_2025/install/pure_pursuit_controller:/home/ihw/workspace/kai_2025/install/ouster_ros:/home/ihw/workspace/kai_2025/install/ouster_sensor_msgs:/home/ihw/workspace/kai_2025/install/motion_track_controller:/home/ihw/workspace/kai_2025/install/gps_global_planner:/home/ihw/workspace/kai_2025/install/cones_ukf:/home/ihw/workspace/kai_2025/install/cones_no_color:/home/ihw/workspace/kai_2025/install/cone_detection:/home/ihw/workspace/kai_2025/install/custom_interface:/home/ihw/workspace/kai_2025/install/ackermann_msgs LD_LIBRARY_PATH=/home/ihw/workspace/AutonomousVehiclePlatform/ws_px4_control/install/px4_msgs/lib:/home/ihw/workspace/AutonomousVehiclePlatform/ws_px4_control/install/px4_ros_com/lib:/home/ihw/workspace/kai_2025/install/yolo_msgs/lib:/home/ihw/workspace/kai_2025/install/usb_cam/lib:/home/ihw/workspace/kai_2025/install/ouster_ros/lib:/home/ihw/workspace/kai_2025/install/ouster_sensor_msgs/lib:/home/ihw/workspace/kai_2025/install/custom_interface/lib:/home/ihw/workspace/kai_2025/install/ackermann_msgs/lib:/opt/ros/humble/opt/rviz_ogre_vendor/lib:/opt/ros/humble/lib/x86_64-linux-gnu:/opt/ros/humble/lib /usr/bin/cmake --build /home/ihw/workspace/AutonomousVehiclePlatform/ws_px4_control/build/px4_ros_com -- -j16 -l16
