[0.048s] Invoking command in '/home/ihw/workspace/AutonomousVehiclePlatform/ws_px4_control/build/px4_ros_com': CMAKE_PREFIX_PATH=/home/ihw/workspace/AutonomousVehiclePlatform/ws_px4_control/install/px4_msgs:/home/ihw/workspace/AutonomousVehiclePlatform/ws_px4_control/install/utilities_pkg:/home/ihw/workspace/AutonomousVehiclePlatform/ws_px4_control/install/px4_ros_com:/home/ihw/workspace/kai_2025/install/yolo_bringup:/home/ihw/workspace/kai_2025/install/yolo_msgs:/home/ihw/workspace/kai_2025/install/usb_cam:/home/ihw/workspace/kai_2025/install/reference_path_classifier:/home/ihw/workspace/AutonomousVehiclePlatform/ws_px4_control/install/ofb_ctrl:/home/ihw/workspace/kai_2025/install/yolo_ros:/home/ihw/workspace/kai_2025/install/simple_slam:/home/ihw/workspace/kai_2025/install/ros2_camera_lidar_fusion_l:/home/ihw/workspace/kai_2025/install/ros2_camera_lidar_fusion_c:/home/ihw/workspace/kai_2025/install/ros2_camera_lidar_fusion:/home/ihw/workspace/kai_2025/install/hungarian_association:/opt/ros/humble:/home/ihw/workspace/kai_2025/install/pure_pursuit_controller:/home/ihw/workspace/kai_2025/install/ouster_ros:/home/ihw/workspace/kai_2025/install/ouster_sensor_msgs:/home/ihw/workspace/kai_2025/install/motion_track_controller:/home/ihw/workspace/kai_2025/install/gps_global_planner:/home/ihw/workspace/kai_2025/install/cones_ukf:/home/ihw/workspace/kai_2025/install/cones_no_color:/home/ihw/workspace/kai_2025/install/cone_detection:/home/ihw/workspace/kai_2025/install/custom_interface:/home/ihw/workspace/kai_2025/install/ackermann_msgs LD_LIBRARY_PATH=/home/ihw/workspace/AutonomousVehiclePlatform/ws_px4_control/install/px4_msgs/lib:/home/ihw/workspace/AutonomousVehiclePlatform/ws_px4_control/install/px4_ros_com/lib:/home/ihw/workspace/kai_2025/install/yolo_msgs/lib:/home/ihw/workspace/kai_2025/install/usb_cam/lib:/home/ihw/workspace/kai_2025/install/ouster_ros/lib:/home/ihw/workspace/kai_2025/install/ouster_sensor_msgs/lib:/home/ihw/workspace/kai_2025/install/custom_interface/lib:/home/ihw/workspace/kai_2025/install/ackermann_msgs/lib:/opt/ros/humble/opt/rviz_ogre_vendor/lib:/opt/ros/humble/lib/x86_64-linux-gnu:/opt/ros/humble/lib /usr/bin/cmake --build /home/ihw/workspace/AutonomousVehiclePlatform/ws_px4_control/build/px4_ros_com -- -j16 -l16
[0.263s] [ 12%] Built target vehicle_gps_position_listener
[0.272s] [ 25%] Built target frame_transforms
[0.274s] [ 37%] Built target offboard_waypoint_map
[0.275s] [ 50%] Built target sensor_combined_listener
[0.277s] [ 62%] Built target debug_vect_advertiser
[0.283s] [ 87%] Built target offboard_control
[0.283s] [ 87%] Built target offboard_waypoint
[0.290s] [100%] Built target offboard_control_srv
[0.326s] Invoked command in '/home/ihw/workspace/AutonomousVehiclePlatform/ws_px4_control/build/px4_ros_com' returned '0': CMAKE_PREFIX_PATH=/home/ihw/workspace/AutonomousVehiclePlatform/ws_px4_control/install/px4_msgs:/home/ihw/workspace/AutonomousVehiclePlatform/ws_px4_control/install/utilities_pkg:/home/ihw/workspace/AutonomousVehiclePlatform/ws_px4_control/install/px4_ros_com:/home/ihw/workspace/kai_2025/install/yolo_bringup:/home/ihw/workspace/kai_2025/install/yolo_msgs:/home/ihw/workspace/kai_2025/install/usb_cam:/home/ihw/workspace/kai_2025/install/reference_path_classifier:/home/ihw/workspace/AutonomousVehiclePlatform/ws_px4_control/install/ofb_ctrl:/home/ihw/workspace/kai_2025/install/yolo_ros:/home/ihw/workspace/kai_2025/install/simple_slam:/home/ihw/workspace/kai_2025/install/ros2_camera_lidar_fusion_l:/home/ihw/workspace/kai_2025/install/ros2_camera_lidar_fusion_c:/home/ihw/workspace/kai_2025/install/ros2_camera_lidar_fusion:/home/ihw/workspace/kai_2025/install/hungarian_association:/opt/ros/humble:/home/ihw/workspace/kai_2025/install/pure_pursuit_controller:/home/ihw/workspace/kai_2025/install/ouster_ros:/home/ihw/workspace/kai_2025/install/ouster_sensor_msgs:/home/ihw/workspace/kai_2025/install/motion_track_controller:/home/ihw/workspace/kai_2025/install/gps_global_planner:/home/ihw/workspace/kai_2025/install/cones_ukf:/home/ihw/workspace/kai_2025/install/cones_no_color:/home/ihw/workspace/kai_2025/install/cone_detection:/home/ihw/workspace/kai_2025/install/custom_interface:/home/ihw/workspace/kai_2025/install/ackermann_msgs LD_LIBRARY_PATH=/home/ihw/workspace/AutonomousVehiclePlatform/ws_px4_control/install/px4_msgs/lib:/home/ihw/workspace/AutonomousVehiclePlatform/ws_px4_control/install/px4_ros_com/lib:/home/ihw/workspace/kai_2025/install/yolo_msgs/lib:/home/ihw/workspace/kai_2025/install/usb_cam/lib:/home/ihw/workspace/kai_2025/install/ouster_ros/lib:/home/ihw/workspace/kai_2025/install/ouster_sensor_msgs/lib:/home/ihw/workspace/kai_2025/install/custom_interface/lib:/home/ihw/workspace/kai_2025/install/ackermann_msgs/lib:/opt/ros/humble/opt/rviz_ogre_vendor/lib:/opt/ros/humble/lib/x86_64-linux-gnu:/opt/ros/humble/lib /usr/bin/cmake --build /home/ihw/workspace/AutonomousVehiclePlatform/ws_px4_control/build/px4_ros_com -- -j16 -l16
[0.326s] Invoking command in '/home/ihw/workspace/AutonomousVehiclePlatform/ws_px4_control/build/px4_ros_com': CMAKE_PREFIX_PATH=/home/ihw/workspace/AutonomousVehiclePlatform/ws_px4_control/install/px4_msgs:/home/ihw/workspace/AutonomousVehiclePlatform/ws_px4_control/install/utilities_pkg:/home/ihw/workspace/AutonomousVehiclePlatform/ws_px4_control/install/px4_ros_com:/home/ihw/workspace/kai_2025/install/yolo_bringup:/home/ihw/workspace/kai_2025/install/yolo_msgs:/home/ihw/workspace/kai_2025/install/usb_cam:/home/ihw/workspace/kai_2025/install/reference_path_classifier:/home/ihw/workspace/AutonomousVehiclePlatform/ws_px4_control/install/ofb_ctrl:/home/ihw/workspace/kai_2025/install/yolo_ros:/home/ihw/workspace/kai_2025/install/simple_slam:/home/ihw/workspace/kai_2025/install/ros2_camera_lidar_fusion_l:/home/ihw/workspace/kai_2025/install/ros2_camera_lidar_fusion_c:/home/ihw/workspace/kai_2025/install/ros2_camera_lidar_fusion:/home/ihw/workspace/kai_2025/install/hungarian_association:/opt/ros/humble:/home/ihw/workspace/kai_2025/install/pure_pursuit_controller:/home/ihw/workspace/kai_2025/install/ouster_ros:/home/ihw/workspace/kai_2025/install/ouster_sensor_msgs:/home/ihw/workspace/kai_2025/install/motion_track_controller:/home/ihw/workspace/kai_2025/install/gps_global_planner:/home/ihw/workspace/kai_2025/install/cones_ukf:/home/ihw/workspace/kai_2025/install/cones_no_color:/home/ihw/workspace/kai_2025/install/cone_detection:/home/ihw/workspace/kai_2025/install/custom_interface:/home/ihw/workspace/kai_2025/install/ackermann_msgs LD_LIBRARY_PATH=/home/ihw/workspace/AutonomousVehiclePlatform/ws_px4_control/install/px4_msgs/lib:/home/ihw/workspace/AutonomousVehiclePlatform/ws_px4_control/install/px4_ros_com/lib:/home/ihw/workspace/kai_2025/install/yolo_msgs/lib:/home/ihw/workspace/kai_2025/install/usb_cam/lib:/home/ihw/workspace/kai_2025/install/ouster_ros/lib:/home/ihw/workspace/kai_2025/install/ouster_sensor_msgs/lib:/home/ihw/workspace/kai_2025/install/custom_interface/lib:/home/ihw/workspace/kai_2025/install/ackermann_msgs/lib:/opt/ros/humble/opt/rviz_ogre_vendor/lib:/opt/ros/humble/lib/x86_64-linux-gnu:/opt/ros/humble/lib /usr/bin/cmake --install /home/ihw/workspace/AutonomousVehiclePlatform/ws_px4_control/build/px4_ros_com
[0.367s] -- Install configuration: "Release"
[0.367s] -- Execute custom install script
[0.368s] -- Up-to-date symlink: /home/ihw/workspace/AutonomousVehiclePlatform/ws_px4_control/install/px4_ros_com/include/px4_ros_com/frame_transforms.h
[0.368s] -- Up-to-date symlink: /home/ihw/workspace/AutonomousVehiclePlatform/ws_px4_control/install/px4_ros_com/share/px4_ros_com//launch/offboard_control.launch.py
[0.368s] -- Up-to-date symlink: /home/ihw/workspace/AutonomousVehiclePlatform/ws_px4_control/install/px4_ros_com/share/px4_ros_com//launch/offboard_control_launch.yaml
[0.369s] -- Up-to-date symlink: /home/ihw/workspace/AutonomousVehiclePlatform/ws_px4_control/install/px4_ros_com/share/px4_ros_com//launch/sensor_combined_listener.launch.py
[0.369s] -- Up-to-date symlink: /home/ihw/workspace/AutonomousVehiclePlatform/ws_px4_control/install/px4_ros_com/share/px4_ros_com//test/__init__.py
[0.369s] -- Up-to-date symlink: /home/ihw/workspace/AutonomousVehiclePlatform/ws_px4_control/install/px4_ros_com/share/px4_ros_com//test/pipeline_io_test.py
[0.369s] -- Up-to-date symlink: /home/ihw/workspace/AutonomousVehiclePlatform/ws_px4_control/install/px4_ros_com/share/px4_ros_com//test/test_input.py
[0.369s] -- Up-to-date symlink: /home/ihw/workspace/AutonomousVehiclePlatform/ws_px4_control/install/px4_ros_com/share/px4_ros_com//test/test_output.py
[0.369s] -- Up-to-date symlink: /home/ihw/workspace/AutonomousVehiclePlatform/ws_px4_control/install/px4_ros_com/share/px4_ros_com/test1.csv
[0.369s] -- Up-to-date symlink: /home/ihw/workspace/AutonomousVehiclePlatform/ws_px4_control/install/px4_ros_com/share/px4_ros_com/test2.csv
[0.369s] -- Up-to-date symlink: /home/ihw/workspace/AutonomousVehiclePlatform/ws_px4_control/install/px4_ros_com/share/px4_ros_com/environment/library_path.sh
[0.369s] -- Up-to-date symlink: /home/ihw/workspace/AutonomousVehiclePlatform/ws_px4_control/install/px4_ros_com/share/px4_ros_com/environment/library_path.dsv
[0.370s] -- Up-to-date symlink: /home/ihw/workspace/AutonomousVehiclePlatform/ws_px4_control/install/px4_ros_com/share/ament_index/resource_index/package_run_dependencies/px4_ros_com
[0.370s] -- Up-to-date symlink: /home/ihw/workspace/AutonomousVehiclePlatform/ws_px4_control/install/px4_ros_com/share/ament_index/resource_index/parent_prefix_path/px4_ros_com
[0.370s] -- Up-to-date symlink: /home/ihw/workspace/AutonomousVehiclePlatform/ws_px4_control/install/px4_ros_com/share/px4_ros_com/environment/ament_prefix_path.sh
[0.370s] -- Up-to-date symlink: /home/ihw/workspace/AutonomousVehiclePlatform/ws_px4_control/install/px4_ros_com/share/px4_ros_com/environment/ament_prefix_path.dsv
[0.371s] -- Up-to-date symlink: /home/ihw/workspace/AutonomousVehiclePlatform/ws_px4_control/install/px4_ros_com/share/px4_ros_com/environment/path.sh
[0.371s] -- Up-to-date symlink: /home/ihw/workspace/AutonomousVehiclePlatform/ws_px4_control/install/px4_ros_com/share/px4_ros_com/environment/path.dsv
[0.371s] -- Up-to-date symlink: /home/ihw/workspace/AutonomousVehiclePlatform/ws_px4_control/install/px4_ros_com/share/px4_ros_com/local_setup.bash
[0.372s] -- Up-to-date symlink: /home/ihw/workspace/AutonomousVehiclePlatform/ws_px4_control/install/px4_ros_com/share/px4_ros_com/local_setup.sh
[0.373s] -- Up-to-date symlink: /home/ihw/workspace/AutonomousVehiclePlatform/ws_px4_control/install/px4_ros_com/share/px4_ros_com/local_setup.zsh
[0.374s] -- Up-to-date symlink: /home/ihw/workspace/AutonomousVehiclePlatform/ws_px4_control/install/px4_ros_com/share/px4_ros_com/local_setup.dsv
[0.375s] -- Symlinking: /home/ihw/workspace/AutonomousVehiclePlatform/ws_px4_control/install/px4_ros_com/share/px4_ros_com/package.dsv
[0.405s] -- Up-to-date symlink: /home/ihw/workspace/AutonomousVehiclePlatform/ws_px4_control/install/px4_ros_com/share/ament_index/resource_index/packages/px4_ros_com
[0.405s] -- Up-to-date symlink: /home/ihw/workspace/AutonomousVehiclePlatform/ws_px4_control/install/px4_ros_com/share/px4_ros_com/cmake/ament_cmake_export_dependencies-extras.cmake
[0.405s] -- Up-to-date symlink: /home/ihw/workspace/AutonomousVehiclePlatform/ws_px4_control/install/px4_ros_com/share/px4_ros_com/cmake/ament_cmake_export_include_directories-extras.cmake
[0.405s] -- Up-to-date symlink: /home/ihw/workspace/AutonomousVehiclePlatform/ws_px4_control/install/px4_ros_com/share/px4_ros_com/cmake/ament_cmake_export_targets-extras.cmake
[0.405s] -- Up-to-date symlink: /home/ihw/workspace/AutonomousVehiclePlatform/ws_px4_control/install/px4_ros_com/share/px4_ros_com/cmake/px4_ros_comConfig.cmake
[0.405s] -- Up-to-date symlink: /home/ihw/workspace/AutonomousVehiclePlatform/ws_px4_control/install/px4_ros_com/share/px4_ros_com/cmake/px4_ros_comConfig-version.cmake
[0.405s] -- Up-to-date symlink: /home/ihw/workspace/AutonomousVehiclePlatform/ws_px4_control/install/px4_ros_com/share/px4_ros_com/package.xml
[0.407s] -- Up-to-date: /home/ihw/workspace/AutonomousVehiclePlatform/ws_px4_control/install/px4_ros_com/lib/libframe_transforms.so
[0.407s] -- Up-to-date: /home/ihw/workspace/AutonomousVehiclePlatform/ws_px4_control/install/px4_ros_com/lib/px4_ros_com/sensor_combined_listener
[0.409s] -- Up-to-date: /home/ihw/workspace/AutonomousVehiclePlatform/ws_px4_control/install/px4_ros_com/lib/px4_ros_com/vehicle_gps_position_listener
[0.410s] -- Up-to-date: /home/ihw/workspace/AutonomousVehiclePlatform/ws_px4_control/install/px4_ros_com/lib/px4_ros_com/debug_vect_advertiser
[0.410s] -- Up-to-date: /home/ihw/workspace/AutonomousVehiclePlatform/ws_px4_control/install/px4_ros_com/lib/px4_ros_com/offboard_control
[0.411s] -- Up-to-date: /home/ihw/workspace/AutonomousVehiclePlatform/ws_px4_control/install/px4_ros_com/lib/px4_ros_com/offboard_control_srv
[0.413s] -- Up-to-date: /home/ihw/workspace/AutonomousVehiclePlatform/ws_px4_control/install/px4_ros_com/lib/px4_ros_com/offboard_waypoint
[0.418s] -- Up-to-date: /home/ihw/workspace/AutonomousVehiclePlatform/ws_px4_control/install/px4_ros_com/lib/px4_ros_com/offboard_waypoint_map
[0.418s] -- Up-to-date: /home/ihw/workspace/AutonomousVehiclePlatform/ws_px4_control/install/px4_ros_com/share/px4_ros_com/cmake/export_frame_transformsExport.cmake
[0.418s] -- Up-to-date: /home/ihw/workspace/AutonomousVehiclePlatform/ws_px4_control/install/px4_ros_com/share/px4_ros_com/cmake/export_frame_transformsExport-release.cmake
[0.432s] Invoked command in '/home/ihw/workspace/AutonomousVehiclePlatform/ws_px4_control/build/px4_ros_com' returned '0': CMAKE_PREFIX_PATH=/home/ihw/workspace/AutonomousVehiclePlatform/ws_px4_control/install/px4_msgs:/home/ihw/workspace/AutonomousVehiclePlatform/ws_px4_control/install/utilities_pkg:/home/ihw/workspace/AutonomousVehiclePlatform/ws_px4_control/install/px4_ros_com:/home/ihw/workspace/kai_2025/install/yolo_bringup:/home/ihw/workspace/kai_2025/install/yolo_msgs:/home/ihw/workspace/kai_2025/install/usb_cam:/home/ihw/workspace/kai_2025/install/reference_path_classifier:/home/ihw/workspace/AutonomousVehiclePlatform/ws_px4_control/install/ofb_ctrl:/home/ihw/workspace/kai_2025/install/yolo_ros:/home/ihw/workspace/kai_2025/install/simple_slam:/home/ihw/workspace/kai_2025/install/ros2_camera_lidar_fusion_l:/home/ihw/workspace/kai_2025/install/ros2_camera_lidar_fusion_c:/home/ihw/workspace/kai_2025/install/ros2_camera_lidar_fusion:/home/ihw/workspace/kai_2025/install/hungarian_association:/opt/ros/humble:/home/ihw/workspace/kai_2025/install/pure_pursuit_controller:/home/ihw/workspace/kai_2025/install/ouster_ros:/home/ihw/workspace/kai_2025/install/ouster_sensor_msgs:/home/ihw/workspace/kai_2025/install/motion_track_controller:/home/ihw/workspace/kai_2025/install/gps_global_planner:/home/ihw/workspace/kai_2025/install/cones_ukf:/home/ihw/workspace/kai_2025/install/cones_no_color:/home/ihw/workspace/kai_2025/install/cone_detection:/home/ihw/workspace/kai_2025/install/custom_interface:/home/ihw/workspace/kai_2025/install/ackermann_msgs LD_LIBRARY_PATH=/home/ihw/workspace/AutonomousVehiclePlatform/ws_px4_control/install/px4_msgs/lib:/home/ihw/workspace/AutonomousVehiclePlatform/ws_px4_control/install/px4_ros_com/lib:/home/ihw/workspace/kai_2025/install/yolo_msgs/lib:/home/ihw/workspace/kai_2025/install/usb_cam/lib:/home/ihw/workspace/kai_2025/install/ouster_ros/lib:/home/ihw/workspace/kai_2025/install/ouster_sensor_msgs/lib:/home/ihw/workspace/kai_2025/install/custom_interface/lib:/home/ihw/workspace/kai_2025/install/ackermann_msgs/lib:/opt/ros/humble/opt/rviz_ogre_vendor/lib:/opt/ros/humble/lib/x86_64-linux-gnu:/opt/ros/humble/lib /usr/bin/cmake --install /home/ihw/workspace/AutonomousVehiclePlatform/ws_px4_control/build/px4_ros_com
