[0.023s] Invoking command in '/home/ihw/workspace/AutonomousVehiclePlatform/ws_ugv_control/build/ugv_controller': CMAKE_PREFIX_PATH=${CMAKE_PREFIX_PATH}:/home/ihw/workspace/kai_2025/install/yolo_ros:/home/ihw/workspace/kai_2025/install/simple_slam:/home/ihw/workspace/kai_2025/install/ros2_camera_lidar_fusion:/home/ihw/workspace/kai_2025/install/ouster_ros:/home/ihw/workspace/kai_2025/install/hungarian_association:/opt/ros/humble /usr/bin/cmake --build /home/ihw/workspace/AutonomousVehiclePlatform/ws_ugv_control/build/ugv_controller -- -j16 -l16
[0.177s] [35m[1mConsolidate compiler generated dependencies of target path_follower_node[0m
[0.230s] [ 50%] [32mBuilding CXX object CMakeFiles/path_follower_node.dir/src/path_follower_node.cpp.o[0m
[35.781s] [100%] [32m[1mLinking CXX executable path_follower_node[0m
[36.457s] [100%] Built target path_follower_node
[36.521s] Invoked command in '/home/ihw/workspace/AutonomousVehiclePlatform/ws_ugv_control/build/ugv_controller' returned '0': CMAKE_PREFIX_PATH=${CMAKE_PREFIX_PATH}:/home/ihw/workspace/kai_2025/install/yolo_ros:/home/ihw/workspace/kai_2025/install/simple_slam:/home/ihw/workspace/kai_2025/install/ros2_camera_lidar_fusion:/home/ihw/workspace/kai_2025/install/ouster_ros:/home/ihw/workspace/kai_2025/install/hungarian_association:/opt/ros/humble /usr/bin/cmake --build /home/ihw/workspace/AutonomousVehiclePlatform/ws_ugv_control/build/ugv_controller -- -j16 -l16
[36.558s] Invoking command in '/home/ihw/workspace/AutonomousVehiclePlatform/ws_ugv_control/build/ugv_controller': CMAKE_PREFIX_PATH=${CMAKE_PREFIX_PATH}:/home/ihw/workspace/kai_2025/install/yolo_ros:/home/ihw/workspace/kai_2025/install/simple_slam:/home/ihw/workspace/kai_2025/install/ros2_camera_lidar_fusion:/home/ihw/workspace/kai_2025/install/ouster_ros:/home/ihw/workspace/kai_2025/install/hungarian_association:/opt/ros/humble /usr/bin/cmake --install /home/ihw/workspace/AutonomousVehiclePlatform/ws_ugv_control/build/ugv_controller
[36.579s] -- Install configuration: "Release"
[36.580s] -- Execute custom install script
[36.580s] -- Up-to-date symlink: /home/ihw/workspace/AutonomousVehiclePlatform/ws_ugv_control/install/ugv_controller/lib/ugv_controller/course_csv_creator.py
[36.580s] -- Up-to-date symlink: /home/ihw/workspace/AutonomousVehiclePlatform/ws_ugv_control/install/ugv_controller/lib/ugv_controller/path_follower_node.py
[36.586s] -- Up-to-date symlink: /home/ihw/workspace/AutonomousVehiclePlatform/ws_ugv_control/install/ugv_controller/share/ugv_controller/launch/path_follower.launch.py
[36.591s] -- Up-to-date symlink: /home/ihw/workspace/AutonomousVehiclePlatform/ws_ugv_control/install/ugv_controller/lib/ugv_controller/path_follower_node
[36.592s] -- Up-to-date symlink: /home/ihw/workspace/AutonomousVehiclePlatform/ws_ugv_control/install/ugv_controller/share/ament_index/resource_index/package_run_dependencies/ugv_controller
[36.592s] -- Up-to-date symlink: /home/ihw/workspace/AutonomousVehiclePlatform/ws_ugv_control/install/ugv_controller/share/ament_index/resource_index/parent_prefix_path/ugv_controller
[36.592s] -- Up-to-date symlink: /home/ihw/workspace/AutonomousVehiclePlatform/ws_ugv_control/install/ugv_controller/share/ugv_controller/environment/ament_prefix_path.sh
[36.593s] -- Up-to-date symlink: /home/ihw/workspace/AutonomousVehiclePlatform/ws_ugv_control/install/ugv_controller/share/ugv_controller/environment/ament_prefix_path.dsv
[36.593s] -- Up-to-date symlink: /home/ihw/workspace/AutonomousVehiclePlatform/ws_ugv_control/install/ugv_controller/share/ugv_controller/environment/path.sh
[36.593s] -- Up-to-date symlink: /home/ihw/workspace/AutonomousVehiclePlatform/ws_ugv_control/install/ugv_controller/share/ugv_controller/environment/path.dsv
[36.593s] -- Up-to-date symlink: /home/ihw/workspace/AutonomousVehiclePlatform/ws_ugv_control/install/ugv_controller/share/ugv_controller/local_setup.bash
[36.593s] -- Up-to-date symlink: /home/ihw/workspace/AutonomousVehiclePlatform/ws_ugv_control/install/ugv_controller/share/ugv_controller/local_setup.sh
[36.593s] -- Up-to-date symlink: /home/ihw/workspace/AutonomousVehiclePlatform/ws_ugv_control/install/ugv_controller/share/ugv_controller/local_setup.zsh
[36.593s] -- Up-to-date symlink: /home/ihw/workspace/AutonomousVehiclePlatform/ws_ugv_control/install/ugv_controller/share/ugv_controller/local_setup.dsv
[36.594s] -- Symlinking: /home/ihw/workspace/AutonomousVehiclePlatform/ws_ugv_control/install/ugv_controller/share/ugv_controller/package.dsv
[36.631s] -- Up-to-date symlink: /home/ihw/workspace/AutonomousVehiclePlatform/ws_ugv_control/install/ugv_controller/share/ament_index/resource_index/packages/ugv_controller
[36.631s] -- Up-to-date symlink: /home/ihw/workspace/AutonomousVehiclePlatform/ws_ugv_control/install/ugv_controller/share/ugv_controller/cmake/ugv_controllerConfig.cmake
[36.631s] -- Up-to-date symlink: /home/ihw/workspace/AutonomousVehiclePlatform/ws_ugv_control/install/ugv_controller/share/ugv_controller/cmake/ugv_controllerConfig-version.cmake
[36.631s] -- Up-to-date symlink: /home/ihw/workspace/AutonomousVehiclePlatform/ws_ugv_control/install/ugv_controller/share/ugv_controller/package.xml
[36.634s] Invoked command in '/home/ihw/workspace/AutonomousVehiclePlatform/ws_ugv_control/build/ugv_controller' returned '0': CMAKE_PREFIX_PATH=${CMAKE_PREFIX_PATH}:/home/ihw/workspace/kai_2025/install/yolo_ros:/home/ihw/workspace/kai_2025/install/simple_slam:/home/ihw/workspace/kai_2025/install/ros2_camera_lidar_fusion:/home/ihw/workspace/kai_2025/install/ouster_ros:/home/ihw/workspace/kai_2025/install/hungarian_association:/opt/ros/humble /usr/bin/cmake --install /home/ihw/workspace/AutonomousVehiclePlatform/ws_ugv_control/build/ugv_controller
