[0.236s] DEBUG:colcon:Command line arguments: ['/usr/bin/colcon', 'build', '--symlink-install', '--cmake-args', '-DCMAKE_BUILD_TYPE=Release']
[0.236s] DEBUG:colcon:Parsed command line arguments: Namespace(log_base=None, log_level=None, verb_name='build', build_base='build', install_base='install', merge_install=False, symlink_install=True, test_result_base=None, continue_on_error=False, executor='parallel', parallel_workers=16, event_handlers=None, ignore_user_meta=False, metas=['./colcon.meta'], base_paths=['.'], packages_ignore=None, packages_ignore_regex=None, paths=None, packages_up_to=None, packages_up_to_regex=None, packages_above=None, packages_above_and_dependencies=None, packages_above_depth=None, packages_select_by_dep=None, packages_skip_by_dep=None, packages_skip_up_to=None, packages_select_build_failed=False, packages_skip_build_finished=False, packages_select_test_failures=False, packages_skip_test_passed=False, packages_select=None, packages_skip=None, packages_select_regex=None, packages_skip_regex=None, packages_start=None, packages_end=None, allow_overriding=[], cmake_args=['-DCMAKE_BUILD_TYPE=Release'], cmake_target=None, cmake_target_skip_unavailable=False, cmake_clean_cache=False, cmake_clean_first=False, cmake_force_configure=False, ament_cmake_args=None, catkin_cmake_args=None, catkin_skip_building_tests=False, verb_parser=<colcon_defaults.argument_parser.defaults.DefaultArgumentsDecorator object at 0x742fa4c2b910>, verb_extension=<colcon_core.verb.build.BuildVerb object at 0x742fa53ad360>, main=<bound method BuildVerb.main of <colcon_core.verb.build.BuildVerb object at 0x742fa53ad360>>)
[0.629s] Level 1:colcon.colcon_core.package_discovery:discover_packages(colcon_meta) check parameters
[0.629s] Level 1:colcon.colcon_core.package_discovery:discover_packages(recursive) check parameters
[0.629s] Level 1:colcon.colcon_core.package_discovery:discover_packages(ignore) check parameters
[0.629s] Level 1:colcon.colcon_core.package_discovery:discover_packages(path) check parameters
[0.629s] Level 1:colcon.colcon_core.package_discovery:discover_packages(colcon_meta) discover
[0.629s] Level 1:colcon.colcon_core.package_discovery:discover_packages(recursive) discover
[0.630s] INFO:colcon.colcon_core.package_discovery:Crawling recursively for packages in '/home/ihw/workspace/AutonomousVehiclePlatform/ws_gazebo'
[0.630s] Level 1:colcon.colcon_core.package_identification:_identify(.) by extensions ['ignore', 'ignore_ament_install']
[0.630s] Level 1:colcon.colcon_core.package_identification:_identify(.) by extension 'ignore'
[0.630s] Level 1:colcon.colcon_core.package_identification:_identify(.) by extension 'ignore_ament_install'
[0.630s] Level 1:colcon.colcon_core.package_identification:_identify(.) by extensions ['colcon_pkg']
[0.630s] Level 1:colcon.colcon_core.package_identification:_identify(.) by extension 'colcon_pkg'
[0.630s] Level 1:colcon.colcon_core.package_identification:_identify(.) by extensions ['colcon_meta']
[0.630s] Level 1:colcon.colcon_core.package_identification:_identify(.) by extension 'colcon_meta'
[0.631s] Level 1:colcon.colcon_core.package_identification:_identify(.) by extensions ['ros']
[0.631s] Level 1:colcon.colcon_core.package_identification:_identify(.) by extension 'ros'
[0.668s] Level 1:colcon.colcon_core.package_identification:_identify(.) by extensions ['cmake', 'python']
[0.668s] Level 1:colcon.colcon_core.package_identification:_identify(.) by extension 'cmake'
[0.668s] Level 1:colcon.colcon_core.package_identification:_identify(.) by extension 'python'
[0.668s] Level 1:colcon.colcon_core.package_identification:_identify(.) by extensions ['python_setup_py']
[0.668s] Level 1:colcon.colcon_core.package_identification:_identify(.) by extension 'python_setup_py'
[0.668s] Level 1:colcon.colcon_core.package_identification:_identify(build) by extensions ['ignore', 'ignore_ament_install']
[0.668s] Level 1:colcon.colcon_core.package_identification:_identify(build) by extension 'ignore'
[0.668s] Level 1:colcon.colcon_core.package_identification:_identify(build) ignored
[0.668s] Level 1:colcon.colcon_core.package_identification:_identify(install) by extensions ['ignore', 'ignore_ament_install']
[0.668s] Level 1:colcon.colcon_core.package_identification:_identify(install) by extension 'ignore'
[0.668s] Level 1:colcon.colcon_core.package_identification:_identify(install) ignored
[0.668s] Level 1:colcon.colcon_core.package_identification:_identify(log) by extensions ['ignore', 'ignore_ament_install']
[0.668s] Level 1:colcon.colcon_core.package_identification:_identify(log) by extension 'ignore'
[0.668s] Level 1:colcon.colcon_core.package_identification:_identify(log) ignored
[0.668s] Level 1:colcon.colcon_core.package_identification:_identify(src) by extensions ['ignore', 'ignore_ament_install']
[0.668s] Level 1:colcon.colcon_core.package_identification:_identify(src) by extension 'ignore'
[0.668s] Level 1:colcon.colcon_core.package_identification:_identify(src) by extension 'ignore_ament_install'
[0.668s] Level 1:colcon.colcon_core.package_identification:_identify(src) by extensions ['colcon_pkg']
[0.668s] Level 1:colcon.colcon_core.package_identification:_identify(src) by extension 'colcon_pkg'
[0.669s] Level 1:colcon.colcon_core.package_identification:_identify(src) by extensions ['colcon_meta']
[0.669s] Level 1:colcon.colcon_core.package_identification:_identify(src) by extension 'colcon_meta'
[0.669s] Level 1:colcon.colcon_core.package_identification:_identify(src) by extensions ['ros']
[0.669s] Level 1:colcon.colcon_core.package_identification:_identify(src) by extension 'ros'
[0.669s] Level 1:colcon.colcon_core.package_identification:_identify(src) by extensions ['cmake', 'python']
[0.669s] Level 1:colcon.colcon_core.package_identification:_identify(src) by extension 'cmake'
[0.669s] Level 1:colcon.colcon_core.package_identification:_identify(src) by extension 'python'
[0.669s] Level 1:colcon.colcon_core.package_identification:_identify(src) by extensions ['python_setup_py']
[0.669s] Level 1:colcon.colcon_core.package_identification:_identify(src) by extension 'python_setup_py'
[0.669s] Level 1:colcon.colcon_core.package_identification:_identify(src/gazebo_env_setup) by extensions ['ignore', 'ignore_ament_install']
[0.669s] Level 1:colcon.colcon_core.package_identification:_identify(src/gazebo_env_setup) by extension 'ignore'
[0.669s] Level 1:colcon.colcon_core.package_identification:_identify(src/gazebo_env_setup) by extension 'ignore_ament_install'
[0.669s] Level 1:colcon.colcon_core.package_identification:_identify(src/gazebo_env_setup) by extensions ['colcon_pkg']
[0.669s] Level 1:colcon.colcon_core.package_identification:_identify(src/gazebo_env_setup) by extension 'colcon_pkg'
[0.669s] Level 1:colcon.colcon_core.package_identification:_identify(src/gazebo_env_setup) by extensions ['colcon_meta']
[0.669s] Level 1:colcon.colcon_core.package_identification:_identify(src/gazebo_env_setup) by extension 'colcon_meta'
[0.669s] Level 1:colcon.colcon_core.package_identification:_identify(src/gazebo_env_setup) by extensions ['ros']
[0.669s] Level 1:colcon.colcon_core.package_identification:_identify(src/gazebo_env_setup) by extension 'ros'
[0.737s] DEBUG:colcon.colcon_core.package_identification:Package 'src/gazebo_env_setup' with type 'ros.ament_cmake' and name 'gazebo_env_setup'
[0.737s] Level 1:colcon.colcon_core.package_discovery:discover_packages(recursive) using defaults
[0.737s] Level 1:colcon.colcon_core.package_discovery:discover_packages(ignore) discover
[0.737s] Level 1:colcon.colcon_core.package_discovery:discover_packages(ignore) using defaults
[0.737s] Level 1:colcon.colcon_core.package_discovery:discover_packages(path) discover
[0.737s] Level 1:colcon.colcon_core.package_discovery:discover_packages(path) using defaults
[0.795s] Level 1:colcon.colcon_core.package_discovery:discover_packages(prefix_path) check parameters
[0.795s] Level 1:colcon.colcon_core.package_discovery:discover_packages(prefix_path) discover
[0.803s] DEBUG:colcon.colcon_installed_package_information.package_discovery:Found 20 installed packages in /home/ihw/workspace/kai_2025/install
[0.806s] DEBUG:colcon.colcon_installed_package_information.package_discovery:Found 292 installed packages in /opt/ros/humble
[0.808s] Level 1:colcon.colcon_core.package_discovery:discover_packages(prefix_path) using defaults
[0.917s] Level 5:colcon.colcon_core.verb:set package 'gazebo_env_setup' build argument 'cmake_args' from command line to '['-DCMAKE_BUILD_TYPE=Release']'
[0.917s] Level 5:colcon.colcon_core.verb:set package 'gazebo_env_setup' build argument 'cmake_target' from command line to 'None'
[0.917s] Level 5:colcon.colcon_core.verb:set package 'gazebo_env_setup' build argument 'cmake_target_skip_unavailable' from command line to 'False'
[0.917s] Level 5:colcon.colcon_core.verb:set package 'gazebo_env_setup' build argument 'cmake_clean_cache' from command line to 'False'
[0.917s] Level 5:colcon.colcon_core.verb:set package 'gazebo_env_setup' build argument 'cmake_clean_first' from command line to 'False'
[0.917s] Level 5:colcon.colcon_core.verb:set package 'gazebo_env_setup' build argument 'cmake_force_configure' from command line to 'False'
[0.917s] Level 5:colcon.colcon_core.verb:set package 'gazebo_env_setup' build argument 'ament_cmake_args' from command line to 'None'
[0.917s] Level 5:colcon.colcon_core.verb:set package 'gazebo_env_setup' build argument 'catkin_cmake_args' from command line to 'None'
[0.917s] Level 5:colcon.colcon_core.verb:set package 'gazebo_env_setup' build argument 'catkin_skip_building_tests' from command line to 'False'
[0.917s] DEBUG:colcon.colcon_core.verb:Building package 'gazebo_env_setup' with the following arguments: {'ament_cmake_args': None, 'build_base': '/home/ihw/workspace/AutonomousVehiclePlatform/ws_gazebo/build/gazebo_env_setup', 'catkin_cmake_args': None, 'catkin_skip_building_tests': False, 'cmake_args': ['-DCMAKE_BUILD_TYPE=Release'], 'cmake_clean_cache': False, 'cmake_clean_first': False, 'cmake_force_configure': False, 'cmake_target': None, 'cmake_target_skip_unavailable': False, 'install_base': '/home/ihw/workspace/AutonomousVehiclePlatform/ws_gazebo/install/gazebo_env_setup', 'merge_install': False, 'path': '/home/ihw/workspace/AutonomousVehiclePlatform/ws_gazebo/src/gazebo_env_setup', 'symlink_install': True, 'test_result_base': None}
[0.917s] INFO:colcon.colcon_core.executor:Executing jobs using 'parallel' executor
[0.920s] DEBUG:colcon.colcon_parallel_executor.executor.parallel:run_until_complete
[0.921s] INFO:colcon.colcon_ros.task.ament_cmake.build:Building ROS package in '/home/ihw/workspace/AutonomousVehiclePlatform/ws_gazebo/src/gazebo_env_setup' with build type 'ament_cmake'
[0.922s] INFO:colcon.colcon_cmake.task.cmake.build:Building CMake package in '/home/ihw/workspace/AutonomousVehiclePlatform/ws_gazebo/src/gazebo_env_setup'
[0.927s] INFO:colcon.colcon_core.plugin_system:Skipping extension 'colcon_core.shell.bat': Not used on non-Windows systems
[0.927s] INFO:colcon.colcon_core.shell:Skip shell extension 'powershell' for command environment: Not usable outside of PowerShell
[0.927s] DEBUG:colcon.colcon_core.shell:Skip shell extension 'dsv' for command environment
[0.959s] DEBUG:colcon.colcon_core.event_handler.log_command:Invoking command in '/home/ihw/workspace/AutonomousVehiclePlatform/ws_gazebo/build/gazebo_env_setup': CMAKE_PREFIX_PATH=/home/ihw/workspace/kai_2025/install/yolo_bringup:/home/ihw/workspace/kai_2025/install/yolo_msgs:/home/ihw/workspace/kai_2025/install/usb_cam:/home/ihw/workspace/kai_2025/install/reference_path_classifier:/home/ihw/workspace/kai_2025/install/yolo_ros:/home/ihw/workspace/kai_2025/install/simple_slam:/home/ihw/workspace/kai_2025/install/ros2_camera_lidar_fusion_l:/home/ihw/workspace/kai_2025/install/ros2_camera_lidar_fusion_c:/home/ihw/workspace/kai_2025/install/ros2_camera_lidar_fusion:/home/ihw/workspace/kai_2025/install/hungarian_association:/opt/ros/humble:/home/ihw/workspace/kai_2025/install/pure_pursuit_controller:/home/ihw/workspace/kai_2025/install/ouster_ros:/home/ihw/workspace/kai_2025/install/ouster_sensor_msgs:/home/ihw/workspace/kai_2025/install/motion_track_controller:/home/ihw/workspace/kai_2025/install/gps_global_planner:/home/ihw/workspace/kai_2025/install/cones_ukf:/home/ihw/workspace/kai_2025/install/cones_no_color:/home/ihw/workspace/kai_2025/install/cone_detection:/home/ihw/workspace/kai_2025/install/custom_interface:/home/ihw/workspace/kai_2025/install/ackermann_msgs /usr/bin/cmake --build /home/ihw/workspace/AutonomousVehiclePlatform/ws_gazebo/build/gazebo_env_setup -- -j16 -l16
[1.210s] DEBUG:colcon.colcon_core.event_handler.log_command:Invoked command in '/home/ihw/workspace/AutonomousVehiclePlatform/ws_gazebo/build/gazebo_env_setup' returned '0': CMAKE_PREFIX_PATH=/home/ihw/workspace/kai_2025/install/yolo_bringup:/home/ihw/workspace/kai_2025/install/yolo_msgs:/home/ihw/workspace/kai_2025/install/usb_cam:/home/ihw/workspace/kai_2025/install/reference_path_classifier:/home/ihw/workspace/kai_2025/install/yolo_ros:/home/ihw/workspace/kai_2025/install/simple_slam:/home/ihw/workspace/kai_2025/install/ros2_camera_lidar_fusion_l:/home/ihw/workspace/kai_2025/install/ros2_camera_lidar_fusion_c:/home/ihw/workspace/kai_2025/install/ros2_camera_lidar_fusion:/home/ihw/workspace/kai_2025/install/hungarian_association:/opt/ros/humble:/home/ihw/workspace/kai_2025/install/pure_pursuit_controller:/home/ihw/workspace/kai_2025/install/ouster_ros:/home/ihw/workspace/kai_2025/install/ouster_sensor_msgs:/home/ihw/workspace/kai_2025/install/motion_track_controller:/home/ihw/workspace/kai_2025/install/gps_global_planner:/home/ihw/workspace/kai_2025/install/cones_ukf:/home/ihw/workspace/kai_2025/install/cones_no_color:/home/ihw/workspace/kai_2025/install/cone_detection:/home/ihw/workspace/kai_2025/install/custom_interface:/home/ihw/workspace/kai_2025/install/ackermann_msgs /usr/bin/cmake --build /home/ihw/workspace/AutonomousVehiclePlatform/ws_gazebo/build/gazebo_env_setup -- -j16 -l16
[1.231s] DEBUG:colcon.colcon_core.event_handler.log_command:Invoking command in '/home/ihw/workspace/AutonomousVehiclePlatform/ws_gazebo/build/gazebo_env_setup': CMAKE_PREFIX_PATH=/home/ihw/workspace/kai_2025/install/yolo_bringup:/home/ihw/workspace/kai_2025/install/yolo_msgs:/home/ihw/workspace/kai_2025/install/usb_cam:/home/ihw/workspace/kai_2025/install/reference_path_classifier:/home/ihw/workspace/kai_2025/install/yolo_ros:/home/ihw/workspace/kai_2025/install/simple_slam:/home/ihw/workspace/kai_2025/install/ros2_camera_lidar_fusion_l:/home/ihw/workspace/kai_2025/install/ros2_camera_lidar_fusion_c:/home/ihw/workspace/kai_2025/install/ros2_camera_lidar_fusion:/home/ihw/workspace/kai_2025/install/hungarian_association:/opt/ros/humble:/home/ihw/workspace/kai_2025/install/pure_pursuit_controller:/home/ihw/workspace/kai_2025/install/ouster_ros:/home/ihw/workspace/kai_2025/install/ouster_sensor_msgs:/home/ihw/workspace/kai_2025/install/motion_track_controller:/home/ihw/workspace/kai_2025/install/gps_global_planner:/home/ihw/workspace/kai_2025/install/cones_ukf:/home/ihw/workspace/kai_2025/install/cones_no_color:/home/ihw/workspace/kai_2025/install/cone_detection:/home/ihw/workspace/kai_2025/install/custom_interface:/home/ihw/workspace/kai_2025/install/ackermann_msgs /usr/bin/cmake --install /home/ihw/workspace/AutonomousVehiclePlatform/ws_gazebo/build/gazebo_env_setup
[1.277s] Level 1:colcon.colcon_core.environment:create_environment_scripts_only(gazebo_env_setup)
[1.278s] DEBUG:colcon.colcon_core.event_handler.log_command:Invoked command in '/home/ihw/workspace/AutonomousVehiclePlatform/ws_gazebo/build/gazebo_env_setup' returned '0': CMAKE_PREFIX_PATH=/home/ihw/workspace/kai_2025/install/yolo_bringup:/home/ihw/workspace/kai_2025/install/yolo_msgs:/home/ihw/workspace/kai_2025/install/usb_cam:/home/ihw/workspace/kai_2025/install/reference_path_classifier:/home/ihw/workspace/kai_2025/install/yolo_ros:/home/ihw/workspace/kai_2025/install/simple_slam:/home/ihw/workspace/kai_2025/install/ros2_camera_lidar_fusion_l:/home/ihw/workspace/kai_2025/install/ros2_camera_lidar_fusion_c:/home/ihw/workspace/kai_2025/install/ros2_camera_lidar_fusion:/home/ihw/workspace/kai_2025/install/hungarian_association:/opt/ros/humble:/home/ihw/workspace/kai_2025/install/pure_pursuit_controller:/home/ihw/workspace/kai_2025/install/ouster_ros:/home/ihw/workspace/kai_2025/install/ouster_sensor_msgs:/home/ihw/workspace/kai_2025/install/motion_track_controller:/home/ihw/workspace/kai_2025/install/gps_global_planner:/home/ihw/workspace/kai_2025/install/cones_ukf:/home/ihw/workspace/kai_2025/install/cones_no_color:/home/ihw/workspace/kai_2025/install/cone_detection:/home/ihw/workspace/kai_2025/install/custom_interface:/home/ihw/workspace/kai_2025/install/ackermann_msgs /usr/bin/cmake --install /home/ihw/workspace/AutonomousVehiclePlatform/ws_gazebo/build/gazebo_env_setup
[1.294s] Level 1:colcon.colcon_core.environment:checking '/home/ihw/workspace/AutonomousVehiclePlatform/ws_gazebo/install/gazebo_env_setup' for CMake module files
[1.295s] Level 1:colcon.colcon_core.environment:checking '/home/ihw/workspace/AutonomousVehiclePlatform/ws_gazebo/install/gazebo_env_setup' for CMake config files
[1.296s] Level 1:colcon.colcon_core.shell:create_environment_hook('gazebo_env_setup', 'cmake_prefix_path')
[1.296s] INFO:colcon.colcon_core.shell:Creating environment hook '/home/ihw/workspace/AutonomousVehiclePlatform/ws_gazebo/install/gazebo_env_setup/share/gazebo_env_setup/hook/cmake_prefix_path.ps1'
[1.298s] INFO:colcon.colcon_core.shell:Creating environment descriptor '/home/ihw/workspace/AutonomousVehiclePlatform/ws_gazebo/install/gazebo_env_setup/share/gazebo_env_setup/hook/cmake_prefix_path.dsv'
[1.300s] INFO:colcon.colcon_core.shell:Creating environment hook '/home/ihw/workspace/AutonomousVehiclePlatform/ws_gazebo/install/gazebo_env_setup/share/gazebo_env_setup/hook/cmake_prefix_path.sh'
[1.304s] Level 1:colcon.colcon_core.environment:checking '/home/ihw/workspace/AutonomousVehiclePlatform/ws_gazebo/install/gazebo_env_setup/lib'
[1.305s] Level 1:colcon.colcon_core.environment:checking '/home/ihw/workspace/AutonomousVehiclePlatform/ws_gazebo/install/gazebo_env_setup/bin'
[1.305s] Level 1:colcon.colcon_core.environment:checking '/home/ihw/workspace/AutonomousVehiclePlatform/ws_gazebo/install/gazebo_env_setup/lib/pkgconfig/gazebo_env_setup.pc'
[1.306s] Level 1:colcon.colcon_core.environment:checking '/home/ihw/workspace/AutonomousVehiclePlatform/ws_gazebo/install/gazebo_env_setup/lib/python3.10/site-packages'
[1.306s] Level 1:colcon.colcon_core.environment:checking '/home/ihw/workspace/AutonomousVehiclePlatform/ws_gazebo/install/gazebo_env_setup/bin'
[1.307s] INFO:colcon.colcon_core.shell:Creating package script '/home/ihw/workspace/AutonomousVehiclePlatform/ws_gazebo/install/gazebo_env_setup/share/gazebo_env_setup/package.ps1'
[1.308s] INFO:colcon.colcon_core.shell:Creating package descriptor '/home/ihw/workspace/AutonomousVehiclePlatform/ws_gazebo/install/gazebo_env_setup/share/gazebo_env_setup/package.dsv'
[1.309s] INFO:colcon.colcon_core.shell:Creating package script '/home/ihw/workspace/AutonomousVehiclePlatform/ws_gazebo/install/gazebo_env_setup/share/gazebo_env_setup/package.sh'
[1.316s] INFO:colcon.colcon_core.shell:Creating package script '/home/ihw/workspace/AutonomousVehiclePlatform/ws_gazebo/install/gazebo_env_setup/share/gazebo_env_setup/package.bash'
[1.322s] INFO:colcon.colcon_core.shell:Creating package script '/home/ihw/workspace/AutonomousVehiclePlatform/ws_gazebo/install/gazebo_env_setup/share/gazebo_env_setup/package.zsh'
[1.324s] Level 1:colcon.colcon_core.environment:create_file_with_runtime_dependencies(/home/ihw/workspace/AutonomousVehiclePlatform/ws_gazebo/install/gazebo_env_setup/share/colcon-core/packages/gazebo_env_setup)
[1.325s] Level 1:colcon.colcon_core.environment:create_environment_scripts_only(gazebo_env_setup)
[1.326s] Level 1:colcon.colcon_core.environment:checking '/home/ihw/workspace/AutonomousVehiclePlatform/ws_gazebo/install/gazebo_env_setup' for CMake module files
[1.328s] Level 1:colcon.colcon_core.environment:checking '/home/ihw/workspace/AutonomousVehiclePlatform/ws_gazebo/install/gazebo_env_setup' for CMake config files
[1.328s] Level 1:colcon.colcon_core.shell:create_environment_hook('gazebo_env_setup', 'cmake_prefix_path')
[1.329s] INFO:colcon.colcon_core.shell:Creating environment hook '/home/ihw/workspace/AutonomousVehiclePlatform/ws_gazebo/install/gazebo_env_setup/share/gazebo_env_setup/hook/cmake_prefix_path.ps1'
[1.331s] INFO:colcon.colcon_core.shell:Creating environment descriptor '/home/ihw/workspace/AutonomousVehiclePlatform/ws_gazebo/install/gazebo_env_setup/share/gazebo_env_setup/hook/cmake_prefix_path.dsv'
[1.332s] INFO:colcon.colcon_core.shell:Creating environment hook '/home/ihw/workspace/AutonomousVehiclePlatform/ws_gazebo/install/gazebo_env_setup/share/gazebo_env_setup/hook/cmake_prefix_path.sh'
[1.333s] Level 1:colcon.colcon_core.environment:checking '/home/ihw/workspace/AutonomousVehiclePlatform/ws_gazebo/install/gazebo_env_setup/lib'
[1.334s] Level 1:colcon.colcon_core.environment:checking '/home/ihw/workspace/AutonomousVehiclePlatform/ws_gazebo/install/gazebo_env_setup/bin'
[1.334s] Level 1:colcon.colcon_core.environment:checking '/home/ihw/workspace/AutonomousVehiclePlatform/ws_gazebo/install/gazebo_env_setup/lib/pkgconfig/gazebo_env_setup.pc'
[1.335s] Level 1:colcon.colcon_core.environment:checking '/home/ihw/workspace/AutonomousVehiclePlatform/ws_gazebo/install/gazebo_env_setup/lib/python3.10/site-packages'
[1.335s] Level 1:colcon.colcon_core.environment:checking '/home/ihw/workspace/AutonomousVehiclePlatform/ws_gazebo/install/gazebo_env_setup/bin'
[1.336s] INFO:colcon.colcon_core.shell:Creating package script '/home/ihw/workspace/AutonomousVehiclePlatform/ws_gazebo/install/gazebo_env_setup/share/gazebo_env_setup/package.ps1'
[1.337s] INFO:colcon.colcon_core.shell:Creating package descriptor '/home/ihw/workspace/AutonomousVehiclePlatform/ws_gazebo/install/gazebo_env_setup/share/gazebo_env_setup/package.dsv'
[1.338s] INFO:colcon.colcon_core.shell:Creating package script '/home/ihw/workspace/AutonomousVehiclePlatform/ws_gazebo/install/gazebo_env_setup/share/gazebo_env_setup/package.sh'
[1.338s] INFO:colcon.colcon_core.shell:Creating package script '/home/ihw/workspace/AutonomousVehiclePlatform/ws_gazebo/install/gazebo_env_setup/share/gazebo_env_setup/package.bash'
[1.339s] INFO:colcon.colcon_core.shell:Creating package script '/home/ihw/workspace/AutonomousVehiclePlatform/ws_gazebo/install/gazebo_env_setup/share/gazebo_env_setup/package.zsh'
[1.340s] Level 1:colcon.colcon_core.environment:create_file_with_runtime_dependencies(/home/ihw/workspace/AutonomousVehiclePlatform/ws_gazebo/install/gazebo_env_setup/share/colcon-core/packages/gazebo_env_setup)
[1.340s] DEBUG:colcon.colcon_parallel_executor.executor.parallel:closing loop
[1.340s] DEBUG:colcon.colcon_parallel_executor.executor.parallel:loop closed
[1.340s] DEBUG:colcon.colcon_parallel_executor.executor.parallel:run_until_complete finished with '0'
[1.340s] DEBUG:colcon.colcon_core.event_reactor:joining thread
[1.353s] INFO:colcon.colcon_core.plugin_system:Skipping extension 'colcon_notification.desktop_notification.terminal_notifier': Not used on non-Darwin systems
[1.353s] INFO:colcon.colcon_core.plugin_system:Skipping extension 'colcon_notification.desktop_notification.win32': Not used on non-Windows systems
[1.353s] INFO:colcon.colcon_notification.desktop_notification:Sending desktop notification using 'notify2'
[1.413s] DEBUG:colcon.colcon_core.event_reactor:joined thread
[1.414s] INFO:colcon.colcon_core.shell:Creating prefix script '/home/ihw/workspace/AutonomousVehiclePlatform/ws_gazebo/install/local_setup.ps1'
[1.416s] INFO:colcon.colcon_core.shell:Creating prefix util module '/home/ihw/workspace/AutonomousVehiclePlatform/ws_gazebo/install/_local_setup_util_ps1.py'
[1.419s] INFO:colcon.colcon_core.shell:Creating prefix chain script '/home/ihw/workspace/AutonomousVehiclePlatform/ws_gazebo/install/setup.ps1'
[1.422s] INFO:colcon.colcon_core.shell:Creating prefix script '/home/ihw/workspace/AutonomousVehiclePlatform/ws_gazebo/install/local_setup.sh'
[1.423s] INFO:colcon.colcon_core.shell:Creating prefix util module '/home/ihw/workspace/AutonomousVehiclePlatform/ws_gazebo/install/_local_setup_util_sh.py'
[1.424s] INFO:colcon.colcon_core.shell:Creating prefix chain script '/home/ihw/workspace/AutonomousVehiclePlatform/ws_gazebo/install/setup.sh'
[1.437s] INFO:colcon.colcon_core.shell:Creating prefix script '/home/ihw/workspace/AutonomousVehiclePlatform/ws_gazebo/install/local_setup.bash'
[1.440s] INFO:colcon.colcon_core.shell:Creating prefix chain script '/home/ihw/workspace/AutonomousVehiclePlatform/ws_gazebo/install/setup.bash'
[1.445s] INFO:colcon.colcon_core.shell:Creating prefix script '/home/ihw/workspace/AutonomousVehiclePlatform/ws_gazebo/install/local_setup.zsh'
[1.446s] INFO:colcon.colcon_core.shell:Creating prefix chain script '/home/ihw/workspace/AutonomousVehiclePlatform/ws_gazebo/install/setup.zsh'
