[0.011s] Invoking command in '/home/ihw/workspace/AutonomousVehiclePlatform/ws_gazebo/build/gazebo_env_setup': CMAKE_PREFIX_PATH=${CMAKE_PREFIX_PATH}:/home/ihw/workspace/kai_2025/install/yolo_ros:/home/ihw/workspace/kai_2025/install/simple_slam:/home/ihw/workspace/kai_2025/install/ros2_camera_lidar_fusion:/home/ihw/workspace/kai_2025/install/ouster_ros:/home/ihw/workspace/kai_2025/install/hungarian_association:/opt/ros/humble /usr/bin/cmake /home/ihw/workspace/AutonomousVehiclePlatform/ws_gazebo/src/gazebo_env_setup -DCMAKE_BUILD_TYPE=Release -DAMENT_CMAKE_SYMLINK_INSTALL=1 -DCMAKE_INSTALL_PREFIX=/home/ihw/workspace/AutonomousVehiclePlatform/ws_gazebo/install/gazebo_env_setup
[0.097s] -- The C compiler identification is GNU 11.4.0
[0.166s] -- The CXX compiler identification is GNU 11.4.0
[0.174s] -- Detecting C compiler ABI info
[0.252s] -- Detecting C compiler ABI info - done
[0.256s] -- Check for working C compiler: /usr/bin/cc - skipped
[0.256s] -- Detecting C compile features
[0.257s] -- Detecting C compile features - done
[0.259s] -- Detecting CXX compiler ABI info
[0.346s] -- Detecting CXX compiler ABI info - done
[0.351s] -- Check for working CXX compiler: /usr/bin/c++ - skipped
[0.351s] -- Detecting CXX compile features
[0.351s] -- Detecting CXX compile features - done
[0.357s] -- Found ament_cmake: 1.3.11 (/opt/ros/humble/share/ament_cmake/cmake)
[0.701s] -- Found Python3: /usr/bin/python3 (found version "3.10.12") found components: Interpreter 
[0.780s] -- Override CMake install command with custom implementation using symlinks instead of copying resources
[0.831s] -- Found rclcpp: 16.0.12 (/opt/ros/humble/share/rclcpp/cmake)
[0.888s] -- Found rosidl_generator_c: 3.1.6 (/opt/ros/humble/share/rosidl_generator_c/cmake)
[0.896s] -- Found rosidl_adapter: 3.1.6 (/opt/ros/humble/share/rosidl_adapter/cmake)
[0.908s] -- Found rosidl_generator_cpp: 3.1.6 (/opt/ros/humble/share/rosidl_generator_cpp/cmake)
[0.925s] -- Using all available rosidl_typesupport_c: rosidl_typesupport_fastrtps_c;rosidl_typesupport_introspection_c
[0.945s] -- Using all available rosidl_typesupport_cpp: rosidl_typesupport_fastrtps_cpp;rosidl_typesupport_introspection_cpp
[1.006s] -- Found rmw_implementation_cmake: 6.1.2 (/opt/ros/humble/share/rmw_implementation_cmake/cmake)
[1.012s] -- Found rmw_fastrtps_cpp: 6.2.7 (/opt/ros/humble/share/rmw_fastrtps_cpp/cmake)
[1.123s] -- Found OpenSSL: /usr/lib/x86_64-linux-gnu/libcrypto.so (found version "3.0.2")  
[1.154s] -- Found FastRTPS: /opt/ros/humble/include  
[1.201s] -- Using RMW implementation 'rmw_fastrtps_cpp' as default
[1.215s] -- Looking for pthread.h
[1.305s] -- Looking for pthread.h - found
[1.306s] -- Performing Test CMAKE_HAVE_LIBC_PTHREAD
[1.394s] -- Performing Test CMAKE_HAVE_LIBC_PTHREAD - Success
[1.395s] -- Found Threads: TRUE  
[1.461s] -- Found geometry_msgs: 4.8.0 (/opt/ros/humble/share/geometry_msgs/cmake)
[1.480s] -- Found tf2_ros: 0.25.12 (/opt/ros/humble/share/tf2_ros/cmake)
[1.662s] -- Configuring done
[1.673s] -- Generating done
[1.676s] -- Build files have been written to: /home/ihw/workspace/AutonomousVehiclePlatform/ws_gazebo/build/gazebo_env_setup
[1.689s] Invoked command in '/home/ihw/workspace/AutonomousVehiclePlatform/ws_gazebo/build/gazebo_env_setup' returned '0': CMAKE_PREFIX_PATH=${CMAKE_PREFIX_PATH}:/home/ihw/workspace/kai_2025/install/yolo_ros:/home/ihw/workspace/kai_2025/install/simple_slam:/home/ihw/workspace/kai_2025/install/ros2_camera_lidar_fusion:/home/ihw/workspace/kai_2025/install/ouster_ros:/home/ihw/workspace/kai_2025/install/hungarian_association:/opt/ros/humble /usr/bin/cmake /home/ihw/workspace/AutonomousVehiclePlatform/ws_gazebo/src/gazebo_env_setup -DCMAKE_BUILD_TYPE=Release -DAMENT_CMAKE_SYMLINK_INSTALL=1 -DCMAKE_INSTALL_PREFIX=/home/ihw/workspace/AutonomousVehiclePlatform/ws_gazebo/install/gazebo_env_setup
[1.690s] Invoking command in '/home/ihw/workspace/AutonomousVehiclePlatform/ws_gazebo/build/gazebo_env_setup': CMAKE_PREFIX_PATH=${CMAKE_PREFIX_PATH}:/home/ihw/workspace/kai_2025/install/yolo_ros:/home/ihw/workspace/kai_2025/install/simple_slam:/home/ihw/workspace/kai_2025/install/ros2_camera_lidar_fusion:/home/ihw/workspace/kai_2025/install/ouster_ros:/home/ihw/workspace/kai_2025/install/hungarian_association:/opt/ros/humble /usr/bin/cmake --build /home/ihw/workspace/AutonomousVehiclePlatform/ws_gazebo/build/gazebo_env_setup -- -j16 -l16
[1.754s] [ 50%] [32mBuilding CXX object CMakeFiles/pose_tf_broadcaster.dir/src/pose_tf_broadcaster.cpp.o[0m
[10.274s] [100%] [32m[1mLinking CXX executable pose_tf_broadcaster[0m
[10.489s] [100%] Built target pose_tf_broadcaster
[10.503s] Invoked command in '/home/ihw/workspace/AutonomousVehiclePlatform/ws_gazebo/build/gazebo_env_setup' returned '0': CMAKE_PREFIX_PATH=${CMAKE_PREFIX_PATH}:/home/ihw/workspace/kai_2025/install/yolo_ros:/home/ihw/workspace/kai_2025/install/simple_slam:/home/ihw/workspace/kai_2025/install/ros2_camera_lidar_fusion:/home/ihw/workspace/kai_2025/install/ouster_ros:/home/ihw/workspace/kai_2025/install/hungarian_association:/opt/ros/humble /usr/bin/cmake --build /home/ihw/workspace/AutonomousVehiclePlatform/ws_gazebo/build/gazebo_env_setup -- -j16 -l16
[10.514s] Invoking command in '/home/ihw/workspace/AutonomousVehiclePlatform/ws_gazebo/build/gazebo_env_setup': CMAKE_PREFIX_PATH=${CMAKE_PREFIX_PATH}:/home/ihw/workspace/kai_2025/install/yolo_ros:/home/ihw/workspace/kai_2025/install/simple_slam:/home/ihw/workspace/kai_2025/install/ros2_camera_lidar_fusion:/home/ihw/workspace/kai_2025/install/ouster_ros:/home/ihw/workspace/kai_2025/install/hungarian_association:/opt/ros/humble /usr/bin/cmake --install /home/ihw/workspace/AutonomousVehiclePlatform/ws_gazebo/build/gazebo_env_setup
[10.520s] -- Install configuration: "Release"
[10.521s] -- Execute custom install script
[10.521s] -- Symlinking: /home/ihw/workspace/AutonomousVehiclePlatform/ws_gazebo/install/gazebo_env_setup/lib/gazebo_env_setup/pose_tf_broadcaster
[10.531s] -- Symlinking: /home/ihw/workspace/AutonomousVehiclePlatform/ws_gazebo/install/gazebo_env_setup/share/gazebo_env_setup/launch/pose_tf_broadcaster.launch.py
[10.539s] -- Symlinking: /home/ihw/workspace/AutonomousVehiclePlatform/ws_gazebo/install/gazebo_env_setup/share/gazebo_env_setup/launch/topic_bridge.launch.py
[10.547s] -- Symlinking: /home/ihw/workspace/AutonomousVehiclePlatform/ws_gazebo/install/gazebo_env_setup/share/ament_index/resource_index/package_run_dependencies/gazebo_env_setup
[10.560s] -- Symlinking: /home/ihw/workspace/AutonomousVehiclePlatform/ws_gazebo/install/gazebo_env_setup/share/ament_index/resource_index/parent_prefix_path/gazebo_env_setup
[10.571s] -- Symlinking: /home/ihw/workspace/AutonomousVehiclePlatform/ws_gazebo/install/gazebo_env_setup/share/gazebo_env_setup/environment/ament_prefix_path.sh
[10.582s] -- Symlinking: /home/ihw/workspace/AutonomousVehiclePlatform/ws_gazebo/install/gazebo_env_setup/share/gazebo_env_setup/environment/ament_prefix_path.dsv
[10.593s] -- Symlinking: /home/ihw/workspace/AutonomousVehiclePlatform/ws_gazebo/install/gazebo_env_setup/share/gazebo_env_setup/environment/path.sh
[10.604s] -- Symlinking: /home/ihw/workspace/AutonomousVehiclePlatform/ws_gazebo/install/gazebo_env_setup/share/gazebo_env_setup/environment/path.dsv
[10.615s] -- Symlinking: /home/ihw/workspace/AutonomousVehiclePlatform/ws_gazebo/install/gazebo_env_setup/share/gazebo_env_setup/local_setup.bash
[10.628s] -- Symlinking: /home/ihw/workspace/AutonomousVehiclePlatform/ws_gazebo/install/gazebo_env_setup/share/gazebo_env_setup/local_setup.sh
[10.640s] -- Symlinking: /home/ihw/workspace/AutonomousVehiclePlatform/ws_gazebo/install/gazebo_env_setup/share/gazebo_env_setup/local_setup.zsh
[10.651s] -- Symlinking: /home/ihw/workspace/AutonomousVehiclePlatform/ws_gazebo/install/gazebo_env_setup/share/gazebo_env_setup/local_setup.dsv
[10.663s] -- Symlinking: /home/ihw/workspace/AutonomousVehiclePlatform/ws_gazebo/install/gazebo_env_setup/share/gazebo_env_setup/package.dsv
[10.675s] -- Symlinking: /home/ihw/workspace/AutonomousVehiclePlatform/ws_gazebo/install/gazebo_env_setup/share/ament_index/resource_index/packages/gazebo_env_setup
[10.687s] -- Symlinking: /home/ihw/workspace/AutonomousVehiclePlatform/ws_gazebo/install/gazebo_env_setup/share/gazebo_env_setup/cmake/gazebo_env_setupConfig.cmake
[10.698s] -- Symlinking: /home/ihw/workspace/AutonomousVehiclePlatform/ws_gazebo/install/gazebo_env_setup/share/gazebo_env_setup/cmake/gazebo_env_setupConfig-version.cmake
[10.709s] -- Symlinking: /home/ihw/workspace/AutonomousVehiclePlatform/ws_gazebo/install/gazebo_env_setup/share/gazebo_env_setup/package.xml
[10.721s] Invoked command in '/home/ihw/workspace/AutonomousVehiclePlatform/ws_gazebo/build/gazebo_env_setup' returned '0': CMAKE_PREFIX_PATH=${CMAKE_PREFIX_PATH}:/home/ihw/workspace/kai_2025/install/yolo_ros:/home/ihw/workspace/kai_2025/install/simple_slam:/home/ihw/workspace/kai_2025/install/ros2_camera_lidar_fusion:/home/ihw/workspace/kai_2025/install/ouster_ros:/home/ihw/workspace/kai_2025/install/hungarian_association:/opt/ros/humble /usr/bin/cmake --install /home/ihw/workspace/AutonomousVehiclePlatform/ws_gazebo/build/gazebo_env_setup
