[35m[1mConsolidate compiler generated dependencies of target gimbal_target_publisher[0m
[ 11%] Built target frame_transforms
[ 27%] Built target vehicle_gps_position_listener
[ 33%] Built target sensor_combined_listener
[ 55%] Built target offboard_waypoint_trigger
[ 55%] Built target debug_vect_advertiser
[ 72%] Built target offboard_waypoint_map
[ 77%] Built target offboard_control_srv
[ 88%] [32mBuilding CXX object CMakeFiles/gimbal_target_publisher.dir/src/examples/offboard/gimbal_target_publisher.cpp.o[0m
[ 94%] Built target offboard_control
[01m[K/home/ihw/workspace/AutonomousVehiclePlatform/ws_px4_control/src/px4_ros_com/src/examples/offboard/gimbal_target_publisher.cpp:[m[K In member function ‘[01m[Krclcpp::Time GimbalTargetPublisher::nowRos() const[m[K’:
[01m[K/home/ihw/workspace/AutonomousVehiclePlatform/ws_px4_control/src/px4_ros_com/src/examples/offboard/gimbal_target_publisher.cpp:204:58:[m[K [01;31m[Kerror: [m[Kpassing ‘[01m[Kstd::__shared_ptr_access<const rclcpp::Clock, __gnu_cxx::_S_atomic, false, false>::element_type[m[K’ {aka ‘[01m[Kconst rclcpp::Clock[m[K’} as ‘[01m[Kthis[m[K’ argument discards qualifiers [[01;31m[K]8;;https://gcc.gnu.org/onlinedocs/gcc/Warning-Options.html#index-fpermissive-fpermissive]8;;[m[K]
  204 |   rclcpp::Time   nowRos() const { return [01;31m[Kget_clock()->now()[m[K; }
      |                                          [01;31m[K~~~~~~~~~~~~~~~~^~[m[K
In file included from [01m[K/opt/ros/humble/include/rclcpp/rclcpp/timer.hpp:27[m[K,
                 from [01m[K/opt/ros/humble/include/rclcpp/rclcpp/callback_group.hpp:30[m[K,
                 from [01m[K/opt/ros/humble/include/rclcpp/rclcpp/any_executable.hpp:20[m[K,
                 from [01m[K/opt/ros/humble/include/rclcpp/rclcpp/memory_strategy.hpp:25[m[K,
                 from [01m[K/opt/ros/humble/include/rclcpp/rclcpp/memory_strategies.hpp:18[m[K,
                 from [01m[K/opt/ros/humble/include/rclcpp/rclcpp/executor_options.hpp:20[m[K,
                 from [01m[K/opt/ros/humble/include/rclcpp/rclcpp/executor.hpp:37[m[K,
                 from [01m[K/opt/ros/humble/include/rclcpp/rclcpp/executors/multi_threaded_executor.hpp:25[m[K,
                 from [01m[K/opt/ros/humble/include/rclcpp/rclcpp/executors.hpp:21[m[K,
                 from [01m[K/opt/ros/humble/include/rclcpp/rclcpp/rclcpp.hpp:155[m[K,
                 from [01m[K/home/ihw/workspace/AutonomousVehiclePlatform/ws_px4_control/src/px4_ros_com/src/examples/offboard/gimbal_target_publisher.cpp:5[m[K:
[01m[K/opt/ros/humble/include/rclcpp/rclcpp/clock.hpp:87:3:[m[K [01;36m[Knote: [m[K  in call to ‘[01m[Krclcpp::Time rclcpp::Clock::now()[m[K’
   87 |   [01;36m[Know[m[K();
      |   [01;36m[K^~~[m[K
gmake[2]: *** [CMakeFiles/gimbal_target_publisher.dir/build.make:76: CMakeFiles/gimbal_target_publisher.dir/src/examples/offboard/gimbal_target_publisher.cpp.o] Error 1
gmake[1]: *** [CMakeFiles/Makefile2:361: CMakeFiles/gimbal_target_publisher.dir/all] Error 2
gmake: *** [Makefile:146: all] Error 2
