[0.013s] Invoking command in '/home/ihw/workspace/AutonomousVehiclePlatform/ws_aruco/build/cv_bridge': CMAKE_PREFIX_PATH=${CMAKE_PREFIX_PATH}:/home/ihw/workspace/kai_2025/install/yolo_ros:/home/ihw/workspace/kai_2025/install/simple_slam:/home/ihw/workspace/kai_2025/install/ros2_camera_lidar_fusion:/home/ihw/workspace/kai_2025/install/hungarian_association:/opt/ros/humble /usr/bin/cmake /home/ihw/workspace/AutonomousVehiclePlatform/ws_aruco/src/vision_opencv/cv_bridge -DCMAKE_INSTALL_PREFIX=/home/ihw/workspace/AutonomousVehiclePlatform/ws_aruco/install/cv_bridge
[0.026s] -- Found ament_cmake_ros: 0.10.0 (/opt/ros/humble/share/ament_cmake_ros/cmake)
[0.086s] -- Found Python3: /usr/bin/python3 (found version "3.10.12") found components: Interpreter 
[0.152s] -- Override CMake install command with custom implementation using symlinks instead of copying resources
[0.511s] -- Found Python3: /usr/include/python3.10 (found version "3.10.12") found components: Development NumPy Interpreter Development.Module Development.Embed 
[0.519s] -- Found rcpputils: 2.4.5 (/opt/ros/humble/share/rcpputils/cmake)
[0.531s] -- Found sensor_msgs: 4.8.0 (/opt/ros/humble/share/sensor_msgs/cmake)
[0.545s] -- Found rosidl_generator_c: 3.1.6 (/opt/ros/humble/share/rosidl_generator_c/cmake)
[0.548s] -- Found rosidl_adapter: 3.1.6 (/opt/ros/humble/share/rosidl_adapter/cmake)
[0.554s] -- Found rosidl_generator_cpp: 3.1.6 (/opt/ros/humble/share/rosidl_generator_cpp/cmake)
[0.561s] -- Using all available rosidl_typesupport_c: rosidl_typesupport_fastrtps_c;rosidl_typesupport_introspection_c
[0.570s] -- Using all available rosidl_typesupport_cpp: rosidl_typesupport_fastrtps_cpp;rosidl_typesupport_introspection_cpp
[0.682s] -- Found ament_lint_auto: 0.12.12 (/opt/ros/humble/share/ament_lint_auto/cmake)
[0.752s] -- Found gtest sources under '/opt/ros/humble/src/gtest_vendor': C++ tests using 'Google Test' will be built
[1.658s] -- Configuring done
[1.674s] -- Generating done
[1.679s] -- Build files have been written to: /home/ihw/workspace/AutonomousVehiclePlatform/ws_aruco/build/cv_bridge
[1.687s] Invoked command in '/home/ihw/workspace/AutonomousVehiclePlatform/ws_aruco/build/cv_bridge' returned '0': CMAKE_PREFIX_PATH=${CMAKE_PREFIX_PATH}:/home/ihw/workspace/kai_2025/install/yolo_ros:/home/ihw/workspace/kai_2025/install/simple_slam:/home/ihw/workspace/kai_2025/install/ros2_camera_lidar_fusion:/home/ihw/workspace/kai_2025/install/hungarian_association:/opt/ros/humble /usr/bin/cmake /home/ihw/workspace/AutonomousVehiclePlatform/ws_aruco/src/vision_opencv/cv_bridge -DCMAKE_INSTALL_PREFIX=/home/ihw/workspace/AutonomousVehiclePlatform/ws_aruco/install/cv_bridge
[1.689s] Invoking command in '/home/ihw/workspace/AutonomousVehiclePlatform/ws_aruco/build/cv_bridge': CMAKE_PREFIX_PATH=${CMAKE_PREFIX_PATH}:/home/ihw/workspace/kai_2025/install/yolo_ros:/home/ihw/workspace/kai_2025/install/simple_slam:/home/ihw/workspace/kai_2025/install/ros2_camera_lidar_fusion:/home/ihw/workspace/kai_2025/install/hungarian_association:/opt/ros/humble /usr/bin/cmake --build /home/ihw/workspace/AutonomousVehiclePlatform/ws_aruco/build/cv_bridge -- -j16 -l16
[1.732s] [35m[1mConsolidate compiler generated dependencies of target gtest_main[0m
[1.732s] [35m[1mConsolidate compiler generated dependencies of target gtest[0m
[1.732s] [35m[1mConsolidate compiler generated dependencies of target cv_bridge[0m
[1.748s] [ 25%] Built target gtest
[1.749s] [ 25%] Built target gtest_main
[1.750s] [ 43%] Built target cv_bridge
[1.751s] [ 43%] Built target ament_cmake_python_symlink_cv_bridge
[1.762s] [35m[1mConsolidate compiler generated dependencies of target cv_bridge-utest[0m
[1.763s] [35m[1mConsolidate compiler generated dependencies of target cv_bridge_boost[0m
[1.782s] [ 81%] Built target cv_bridge-utest
[1.793s] [100%] Built target cv_bridge_boost
[1.932s] running egg_info
[1.942s] writing cv_bridge.egg-info/PKG-INFO
[1.943s] writing dependency_links to cv_bridge.egg-info/dependency_links.txt
[1.943s] writing top-level names to cv_bridge.egg-info/top_level.txt
[1.976s] reading manifest file 'cv_bridge.egg-info/SOURCES.txt'
[1.976s] writing manifest file 'cv_bridge.egg-info/SOURCES.txt'
[2.004s] [100%] Built target ament_cmake_python_build_cv_bridge_egg
[2.017s] Invoked command in '/home/ihw/workspace/AutonomousVehiclePlatform/ws_aruco/build/cv_bridge' returned '0': CMAKE_PREFIX_PATH=${CMAKE_PREFIX_PATH}:/home/ihw/workspace/kai_2025/install/yolo_ros:/home/ihw/workspace/kai_2025/install/simple_slam:/home/ihw/workspace/kai_2025/install/ros2_camera_lidar_fusion:/home/ihw/workspace/kai_2025/install/hungarian_association:/opt/ros/humble /usr/bin/cmake --build /home/ihw/workspace/AutonomousVehiclePlatform/ws_aruco/build/cv_bridge -- -j16 -l16
[2.018s] Invoking command in '/home/ihw/workspace/AutonomousVehiclePlatform/ws_aruco/build/cv_bridge': CMAKE_PREFIX_PATH=${CMAKE_PREFIX_PATH}:/home/ihw/workspace/kai_2025/install/yolo_ros:/home/ihw/workspace/kai_2025/install/simple_slam:/home/ihw/workspace/kai_2025/install/ros2_camera_lidar_fusion:/home/ihw/workspace/kai_2025/install/hungarian_association:/opt/ros/humble /usr/bin/cmake --install /home/ihw/workspace/AutonomousVehiclePlatform/ws_aruco/build/cv_bridge
[2.027s] -- Install configuration: "Release"
[2.028s] -- Execute custom install script
[2.028s] -- Up-to-date symlink: /home/ihw/workspace/AutonomousVehiclePlatform/ws_aruco/install/cv_bridge/share/cv_bridge/environment/pythonpath.sh
[2.028s] -- Up-to-date symlink: /home/ihw/workspace/AutonomousVehiclePlatform/ws_aruco/install/cv_bridge/share/cv_bridge/environment/pythonpath.dsv
[2.028s] -- Up-to-date symlink: /home/ihw/workspace/AutonomousVehiclePlatform/ws_aruco/install/cv_bridge/local/lib/python3.10/dist-packages/cv_bridge-3.2.1-py3.10.egg-info/PKG-INFO
[2.028s] -- Up-to-date symlink: /home/ihw/workspace/AutonomousVehiclePlatform/ws_aruco/install/cv_bridge/local/lib/python3.10/dist-packages/cv_bridge-3.2.1-py3.10.egg-info/SOURCES.txt
[2.028s] -- Up-to-date symlink: /home/ihw/workspace/AutonomousVehiclePlatform/ws_aruco/install/cv_bridge/local/lib/python3.10/dist-packages/cv_bridge-3.2.1-py3.10.egg-info/dependency_links.txt
[2.028s] -- Up-to-date symlink: /home/ihw/workspace/AutonomousVehiclePlatform/ws_aruco/install/cv_bridge/local/lib/python3.10/dist-packages/cv_bridge-3.2.1-py3.10.egg-info/top_level.txt
[2.029s] -- Up-to-date symlink: /home/ihw/workspace/AutonomousVehiclePlatform/ws_aruco/install/cv_bridge/local/lib/python3.10/dist-packages/cv_bridge/__init__.py
[2.029s] -- Up-to-date symlink: /home/ihw/workspace/AutonomousVehiclePlatform/ws_aruco/install/cv_bridge/local/lib/python3.10/dist-packages/cv_bridge/core.py
[2.029s] -- Up-to-date symlink: /home/ihw/workspace/AutonomousVehiclePlatform/ws_aruco/install/cv_bridge/include/cv_bridge/cv_bridge/cv_bridge_export.h
[2.030s] -- Up-to-date symlink: /home/ihw/workspace/AutonomousVehiclePlatform/ws_aruco/install/cv_bridge/local/lib/python3.10/dist-packages/cv_bridge/boost//cv_bridge_boost.so
[2.030s] -- Up-to-date symlink: /home/ihw/workspace/AutonomousVehiclePlatform/ws_aruco/install/cv_bridge/include/cv_bridge/cv_bridge/cv_bridge.h
[2.030s] -- Up-to-date symlink: /home/ihw/workspace/AutonomousVehiclePlatform/ws_aruco/install/cv_bridge/include/cv_bridge/cv_bridge/rgb_colors.h
[2.030s] -- Up-to-date symlink: /home/ihw/workspace/AutonomousVehiclePlatform/ws_aruco/install/cv_bridge/lib/libcv_bridge.so
[2.030s] -- Up-to-date symlink: /home/ihw/workspace/AutonomousVehiclePlatform/ws_aruco/install/cv_bridge/share/ament_index/resource_index/package_run_dependencies/cv_bridge
[2.031s] -- Up-to-date symlink: /home/ihw/workspace/AutonomousVehiclePlatform/ws_aruco/install/cv_bridge/share/ament_index/resource_index/parent_prefix_path/cv_bridge
[2.031s] -- Up-to-date symlink: /home/ihw/workspace/AutonomousVehiclePlatform/ws_aruco/install/cv_bridge/share/cv_bridge/environment/ament_prefix_path.sh
[2.031s] -- Up-to-date symlink: /home/ihw/workspace/AutonomousVehiclePlatform/ws_aruco/install/cv_bridge/share/cv_bridge/environment/ament_prefix_path.dsv
[2.031s] -- Up-to-date symlink: /home/ihw/workspace/AutonomousVehiclePlatform/ws_aruco/install/cv_bridge/share/cv_bridge/environment/path.sh
[2.031s] -- Up-to-date symlink: /home/ihw/workspace/AutonomousVehiclePlatform/ws_aruco/install/cv_bridge/share/cv_bridge/environment/path.dsv
[2.031s] -- Up-to-date symlink: /home/ihw/workspace/AutonomousVehiclePlatform/ws_aruco/install/cv_bridge/share/cv_bridge/local_setup.bash
[2.032s] -- Up-to-date symlink: /home/ihw/workspace/AutonomousVehiclePlatform/ws_aruco/install/cv_bridge/share/cv_bridge/local_setup.sh
[2.032s] -- Up-to-date symlink: /home/ihw/workspace/AutonomousVehiclePlatform/ws_aruco/install/cv_bridge/share/cv_bridge/local_setup.zsh
[2.032s] -- Up-to-date symlink: /home/ihw/workspace/AutonomousVehiclePlatform/ws_aruco/install/cv_bridge/share/cv_bridge/local_setup.dsv
[2.032s] -- Symlinking: /home/ihw/workspace/AutonomousVehiclePlatform/ws_aruco/install/cv_bridge/share/cv_bridge/package.dsv
[2.041s] -- Up-to-date symlink: /home/ihw/workspace/AutonomousVehiclePlatform/ws_aruco/install/cv_bridge/share/ament_index/resource_index/packages/cv_bridge
[2.041s] -- Up-to-date symlink: /home/ihw/workspace/AutonomousVehiclePlatform/ws_aruco/install/cv_bridge/share/cv_bridge/cmake/cv_bridge-extras.cmake
[2.041s] -- Up-to-date symlink: /home/ihw/workspace/AutonomousVehiclePlatform/ws_aruco/install/cv_bridge/share/cv_bridge/cmake/ament_cmake_export_dependencies-extras.cmake
[2.041s] -- Up-to-date symlink: /home/ihw/workspace/AutonomousVehiclePlatform/ws_aruco/install/cv_bridge/share/cv_bridge/cmake/ament_cmake_export_targets-extras.cmake
[2.041s] -- Up-to-date symlink: /home/ihw/workspace/AutonomousVehiclePlatform/ws_aruco/install/cv_bridge/share/cv_bridge/cmake/cv_bridgeConfig.cmake
[2.041s] -- Up-to-date symlink: /home/ihw/workspace/AutonomousVehiclePlatform/ws_aruco/install/cv_bridge/share/cv_bridge/cmake/cv_bridgeConfig-version.cmake
[2.042s] -- Up-to-date symlink: /home/ihw/workspace/AutonomousVehiclePlatform/ws_aruco/install/cv_bridge/share/cv_bridge/package.xml
[2.075s] Listing '/home/ihw/workspace/AutonomousVehiclePlatform/ws_aruco/install/cv_bridge/local/lib/python3.10/dist-packages/cv_bridge'...
[2.076s] Listing '/home/ihw/workspace/AutonomousVehiclePlatform/ws_aruco/install/cv_bridge/local/lib/python3.10/dist-packages/cv_bridge/boost'...
[2.081s] -- Up-to-date: /home/ihw/workspace/AutonomousVehiclePlatform/ws_aruco/install/cv_bridge/share/cv_bridge/cmake/export_cv_bridgeExport.cmake
[2.081s] -- Up-to-date: /home/ihw/workspace/AutonomousVehiclePlatform/ws_aruco/install/cv_bridge/share/cv_bridge/cmake/export_cv_bridgeExport-release.cmake
[2.083s] Invoked command in '/home/ihw/workspace/AutonomousVehiclePlatform/ws_aruco/build/cv_bridge' returned '0': CMAKE_PREFIX_PATH=${CMAKE_PREFIX_PATH}:/home/ihw/workspace/kai_2025/install/yolo_ros:/home/ihw/workspace/kai_2025/install/simple_slam:/home/ihw/workspace/kai_2025/install/ros2_camera_lidar_fusion:/home/ihw/workspace/kai_2025/install/hungarian_association:/opt/ros/humble /usr/bin/cmake --install /home/ihw/workspace/AutonomousVehiclePlatform/ws_aruco/build/cv_bridge
